{
  "stats": {
    "suites": 1,
    "tests": 11,
    "passes": 0,
    "pending": 0,
    "failures": 11,
    "start": "2025-08-15T17:37:32.297Z",
    "end": "2025-08-15T17:38:46.244Z",
    "duration": 73947,
    "testsRegistered": 11,
    "passPercent": 0,
    "pendingPercent": 0,
    "other": 0,
    "hasOther": false,
    "skipped": 0,
    "hasSkipped": false
  },
  "results": [
    {
      "uuid": "dd645819-3eb9-47be-9bba-d0e421812618",
      "title": "",
      "fullFile": "cypress\\e2e\\xsolla.cy.js",
      "file": "cypress\\e2e\\xsolla.cy.js",
      "beforeHooks": [],
      "afterHooks": [],
      "tests": [],
      "suites": [
        {
          "uuid": "7b597755-3a88-4f79-b7fe-c5b1bf0d7d1e",
          "title": "Validaçõe do iframe do Xsolla",
          "fullFile": "",
          "file": "",
          "beforeHooks": [],
          "afterHooks": [],
          "tests": [
            {
              "title": "Validar Oferta de Boas Vindas",
              "fullTitle": "Validaçõe do iframe do Xsolla Validar Oferta de Boas Vindas",
              "timedOut": null,
              "duration": 6982,
              "state": "failed",
              "speed": null,
              "pass": false,
              "fail": true,
              "pending": false,
              "context": null,
              "code": "home.acessarSite();\nhome.aceitarCookiesSeExistirem();\nhome.acessarLogin();\nlogin.realizarLogin();\nhome.fecharAdicionarTelaInicio();\nhome.validarBannerBoasVindas();\nxsolla.validarOfertaBoasVindas();",
              "err": {
                "message": "CypressError: Timed out retrying after 4050ms: `cy.click()` failed because this element:\n\n`<button class=\"pwa-banner__close\" data-testid=\"pwa-close-icon\" dir=\"ltr\">...</button>`\n\nis being covered by another element:\n\n`<div class=\"gdpr-container svelte-lqj36j\">...</div>`\n\nFix this problem, or use {force: true} to disable error checking.\n\nhttps://on.cypress.io/element-cannot-be-interacted-with",
                "estack": "CypressError: Timed out retrying after 4050ms: `cy.click()` failed because this element:\n\n`<button class=\"pwa-banner__close\" data-testid=\"pwa-close-icon\" dir=\"ltr\">...</button>`\n\nis being covered by another element:\n\n`<div class=\"gdpr-container svelte-lqj36j\">...</div>`\n\nFix this problem, or use {force: true} to disable error checking.\n\nhttps://on.cypress.io/element-cannot-be-interacted-with\n    at ensureIsDescendent (https://store.pipastudios.com/__cypress/runner/cypress_runner.js:114387:68)\n    at ensureDescendents (https://store.pipastudios.com/__cypress/runner/cypress_runner.js:114438:5)\n    at ensureDescendentsAndScroll (https://store.pipastudios.com/__cypress/runner/cypress_runner.js:114444:14)\n    at ensureElIsNotCovered (https://store.pipastudios.com/__cypress/runner/cypress_runner.js:114575:5)\n    at runAllChecks (https://store.pipastudios.com/__cypress/runner/cypress_runner.js:114774:52)\n    at retryActionability (https://store.pipastudios.com/__cypress/runner/cypress_runner.js:114811:16)\n    at tryCatcher (https://store.pipastudios.com/__cypress/runner/cypress_runner.js:1777:23)\n    at Promise.attempt.Promise.try (https://store.pipastudios.com/__cypress/runner/cypress_runner.js:4285:29)\n    at whenStable (https://store.pipastudios.com/__cypress/runner/cypress_runner.js:147205:68)\n    at <unknown> (https://store.pipastudios.com/__cypress/runner/cypress_runner.js:147146:14)\n    at tryCatcher (https://store.pipastudios.com/__cypress/runner/cypress_runner.js:1777:23)\n    at Promise._settlePromiseFromHandler (https://store.pipastudios.com/__cypress/runner/cypress_runner.js:1489:31)\n    at Promise._settlePromise (https://store.pipastudios.com/__cypress/runner/cypress_runner.js:1546:18)\n    at Promise._settlePromise0 (https://store.pipastudios.com/__cypress/runner/cypress_runner.js:1591:10)\n    at Promise._settlePromises (https://store.pipastudios.com/__cypress/runner/cypress_runner.js:1671:18)\n    at Promise._fulfill (https://store.pipastudios.com/__cypress/runner/cypress_runner.js:1615:18)\n    at <unknown> (https://store.pipastudios.com/__cypress/runner/cypress_runner.js:5420:46)",
                "diff": null
              },
              "uuid": "a2f2041c-c5e2-4c2b-9ab1-b497c5a7f4e3",
              "parentUUID": "7b597755-3a88-4f79-b7fe-c5b1bf0d7d1e",
              "isHook": false,
              "skipped": false
            },
            {
              "title": "Validar Oferta Especial",
              "fullTitle": "Validaçõe do iframe do Xsolla Validar Oferta Especial",
              "timedOut": null,
              "duration": 6360,
              "state": "failed",
              "speed": null,
              "pass": false,
              "fail": true,
              "pending": false,
              "context": null,
              "code": "home.acessarSite();\nhome.aceitarCookiesSeExistirem();\nhome.acessarLogin();\nlogin.realizarLogin();\nhome.fecharAdicionarTelaInicio();\nhome.validarOfertaEspecial();\nxsolla.validarOfertaExclusiva();",
              "err": {
                "message": "CypressError: Timed out retrying after 4050ms: `cy.click()` failed because this element:\n\n`<button class=\"pwa-banner__close\" data-testid=\"pwa-close-icon\" dir=\"ltr\">...</button>`\n\nis being covered by another element:\n\n`<div class=\"gdpr-container svelte-lqj36j\">...</div>`\n\nFix this problem, or use {force: true} to disable error checking.\n\nhttps://on.cypress.io/element-cannot-be-interacted-with",
                "estack": "CypressError: Timed out retrying after 4050ms: `cy.click()` failed because this element:\n\n`<button class=\"pwa-banner__close\" data-testid=\"pwa-close-icon\" dir=\"ltr\">...</button>`\n\nis being covered by another element:\n\n`<div class=\"gdpr-container svelte-lqj36j\">...</div>`\n\nFix this problem, or use {force: true} to disable error checking.\n\nhttps://on.cypress.io/element-cannot-be-interacted-with\n    at ensureIsDescendent (https://store.pipastudios.com/__cypress/runner/cypress_runner.js:114387:68)\n    at ensureDescendents (https://store.pipastudios.com/__cypress/runner/cypress_runner.js:114438:5)\n    at ensureDescendentsAndScroll (https://store.pipastudios.com/__cypress/runner/cypress_runner.js:114444:14)\n    at ensureElIsNotCovered (https://store.pipastudios.com/__cypress/runner/cypress_runner.js:114575:5)\n    at runAllChecks (https://store.pipastudios.com/__cypress/runner/cypress_runner.js:114774:52)\n    at retryActionability (https://store.pipastudios.com/__cypress/runner/cypress_runner.js:114811:16)\n    at tryCatcher (https://store.pipastudios.com/__cypress/runner/cypress_runner.js:1777:23)\n    at Promise.attempt.Promise.try (https://store.pipastudios.com/__cypress/runner/cypress_runner.js:4285:29)\n    at whenStable (https://store.pipastudios.com/__cypress/runner/cypress_runner.js:147205:68)\n    at <unknown> (https://store.pipastudios.com/__cypress/runner/cypress_runner.js:147146:14)\n    at tryCatcher (https://store.pipastudios.com/__cypress/runner/cypress_runner.js:1777:23)\n    at Promise._settlePromiseFromHandler (https://store.pipastudios.com/__cypress/runner/cypress_runner.js:1489:31)\n    at Promise._settlePromise (https://store.pipastudios.com/__cypress/runner/cypress_runner.js:1546:18)\n    at Promise._settlePromise0 (https://store.pipastudios.com/__cypress/runner/cypress_runner.js:1591:10)\n    at Promise._settlePromises (https://store.pipastudios.com/__cypress/runner/cypress_runner.js:1671:18)\n    at Promise._fulfill (https://store.pipastudios.com/__cypress/runner/cypress_runner.js:1615:18)\n    at <unknown> (https://store.pipastudios.com/__cypress/runner/cypress_runner.js:5420:46)",
                "diff": null
              },
              "uuid": "62b0e5f1-7316-4c26-9de2-7dcb024a31f2",
              "parentUUID": "7b597755-3a88-4f79-b7fe-c5b1bf0d7d1e",
              "isHook": false,
              "skipped": false
            },
            {
              "title": "Validar item Fichinhas em Pequenos Preços!",
              "fullTitle": "Validaçõe do iframe do Xsolla Validar item Fichinhas em Pequenos Preços!",
              "timedOut": null,
              "duration": 6397,
              "state": "failed",
              "speed": null,
              "pass": false,
              "fail": true,
              "pending": false,
              "context": null,
              "code": "home.acessarSite();\nhome.aceitarCookiesSeExistirem();\nhome.acessarLogin();\nlogin.realizarLogin();\nhome.fecharAdicionarTelaInicio();\nhome.validarCompraFichinhas();\nxsolla.validarFichinhas();",
              "err": {
                "message": "CypressError: Timed out retrying after 4050ms: `cy.click()` failed because this element:\n\n`<button class=\"pwa-banner__close\" data-testid=\"pwa-close-icon\" dir=\"ltr\">...</button>`\n\nis being covered by another element:\n\n`<div class=\"gdpr-container svelte-lqj36j\">...</div>`\n\nFix this problem, or use {force: true} to disable error checking.\n\nhttps://on.cypress.io/element-cannot-be-interacted-with",
                "estack": "CypressError: Timed out retrying after 4050ms: `cy.click()` failed because this element:\n\n`<button class=\"pwa-banner__close\" data-testid=\"pwa-close-icon\" dir=\"ltr\">...</button>`\n\nis being covered by another element:\n\n`<div class=\"gdpr-container svelte-lqj36j\">...</div>`\n\nFix this problem, or use {force: true} to disable error checking.\n\nhttps://on.cypress.io/element-cannot-be-interacted-with\n    at ensureIsDescendent (https://store.pipastudios.com/__cypress/runner/cypress_runner.js:114387:68)\n    at ensureDescendents (https://store.pipastudios.com/__cypress/runner/cypress_runner.js:114438:5)\n    at ensureDescendentsAndScroll (https://store.pipastudios.com/__cypress/runner/cypress_runner.js:114444:14)\n    at ensureElIsNotCovered (https://store.pipastudios.com/__cypress/runner/cypress_runner.js:114575:5)\n    at runAllChecks (https://store.pipastudios.com/__cypress/runner/cypress_runner.js:114774:52)\n    at retryActionability (https://store.pipastudios.com/__cypress/runner/cypress_runner.js:114811:16)\n    at tryCatcher (https://store.pipastudios.com/__cypress/runner/cypress_runner.js:1777:23)\n    at Promise.attempt.Promise.try (https://store.pipastudios.com/__cypress/runner/cypress_runner.js:4285:29)\n    at whenStable (https://store.pipastudios.com/__cypress/runner/cypress_runner.js:147205:68)\n    at <unknown> (https://store.pipastudios.com/__cypress/runner/cypress_runner.js:147146:14)\n    at tryCatcher (https://store.pipastudios.com/__cypress/runner/cypress_runner.js:1777:23)\n    at Promise._settlePromiseFromHandler (https://store.pipastudios.com/__cypress/runner/cypress_runner.js:1489:31)\n    at Promise._settlePromise (https://store.pipastudios.com/__cypress/runner/cypress_runner.js:1546:18)\n    at Promise._settlePromise0 (https://store.pipastudios.com/__cypress/runner/cypress_runner.js:1591:10)\n    at Promise._settlePromises (https://store.pipastudios.com/__cypress/runner/cypress_runner.js:1671:18)\n    at Promise._fulfill (https://store.pipastudios.com/__cypress/runner/cypress_runner.js:1615:18)\n    at <unknown> (https://store.pipastudios.com/__cypress/runner/cypress_runner.js:5420:46)",
                "diff": null
              },
              "uuid": "1e153cb9-2fce-428c-bf39-0264200afced",
              "parentUUID": "7b597755-3a88-4f79-b7fe-c5b1bf0d7d1e",
              "isHook": false,
              "skipped": false
            },
            {
              "title": "Validar item Dindinzinhos em Pequenos Preços!",
              "fullTitle": "Validaçõe do iframe do Xsolla Validar item Dindinzinhos em Pequenos Preços!",
              "timedOut": null,
              "duration": 6460,
              "state": "failed",
              "speed": null,
              "pass": false,
              "fail": true,
              "pending": false,
              "context": null,
              "code": "home.acessarSite();\nhome.aceitarCookiesSeExistirem();\nhome.acessarLogin();\nlogin.realizarLogin();\nhome.fecharAdicionarTelaInicio();\nhome.validarComprarDindinzinhos();\nxsolla.validarDindinzinhos();",
              "err": {
                "message": "CypressError: Timed out retrying after 4050ms: `cy.click()` failed because this element:\n\n`<button class=\"pwa-banner__close\" data-testid=\"pwa-close-icon\" dir=\"ltr\">...</button>`\n\nis being covered by another element:\n\n`<div class=\"gdpr-container svelte-lqj36j\">...</div>`\n\nFix this problem, or use {force: true} to disable error checking.\n\nhttps://on.cypress.io/element-cannot-be-interacted-with",
                "estack": "CypressError: Timed out retrying after 4050ms: `cy.click()` failed because this element:\n\n`<button class=\"pwa-banner__close\" data-testid=\"pwa-close-icon\" dir=\"ltr\">...</button>`\n\nis being covered by another element:\n\n`<div class=\"gdpr-container svelte-lqj36j\">...</div>`\n\nFix this problem, or use {force: true} to disable error checking.\n\nhttps://on.cypress.io/element-cannot-be-interacted-with\n    at ensureIsDescendent (https://store.pipastudios.com/__cypress/runner/cypress_runner.js:114387:68)\n    at ensureDescendents (https://store.pipastudios.com/__cypress/runner/cypress_runner.js:114438:5)\n    at ensureDescendentsAndScroll (https://store.pipastudios.com/__cypress/runner/cypress_runner.js:114444:14)\n    at ensureElIsNotCovered (https://store.pipastudios.com/__cypress/runner/cypress_runner.js:114575:5)\n    at runAllChecks (https://store.pipastudios.com/__cypress/runner/cypress_runner.js:114774:52)\n    at retryActionability (https://store.pipastudios.com/__cypress/runner/cypress_runner.js:114811:16)\n    at tryCatcher (https://store.pipastudios.com/__cypress/runner/cypress_runner.js:1777:23)\n    at Promise.attempt.Promise.try (https://store.pipastudios.com/__cypress/runner/cypress_runner.js:4285:29)\n    at whenStable (https://store.pipastudios.com/__cypress/runner/cypress_runner.js:147205:68)\n    at <unknown> (https://store.pipastudios.com/__cypress/runner/cypress_runner.js:147146:14)\n    at tryCatcher (https://store.pipastudios.com/__cypress/runner/cypress_runner.js:1777:23)\n    at Promise._settlePromiseFromHandler (https://store.pipastudios.com/__cypress/runner/cypress_runner.js:1489:31)\n    at Promise._settlePromise (https://store.pipastudios.com/__cypress/runner/cypress_runner.js:1546:18)\n    at Promise._settlePromise0 (https://store.pipastudios.com/__cypress/runner/cypress_runner.js:1591:10)\n    at Promise._settlePromises (https://store.pipastudios.com/__cypress/runner/cypress_runner.js:1671:18)\n    at Promise._fulfill (https://store.pipastudios.com/__cypress/runner/cypress_runner.js:1615:18)\n    at <unknown> (https://store.pipastudios.com/__cypress/runner/cypress_runner.js:5420:46)",
                "diff": null
              },
              "uuid": "fb3e423e-a73a-41ed-b43c-835255d66778",
              "parentUUID": "7b597755-3a88-4f79-b7fe-c5b1bf0d7d1e",
              "isHook": false,
              "skipped": false
            },
            {
              "title": "Validar item Combinho em Pequenos Preços!",
              "fullTitle": "Validaçõe do iframe do Xsolla Validar item Combinho em Pequenos Preços!",
              "timedOut": null,
              "duration": 6429,
              "state": "failed",
              "speed": null,
              "pass": false,
              "fail": true,
              "pending": false,
              "context": null,
              "code": "home.acessarSite();\nhome.aceitarCookiesSeExistirem();\nhome.acessarLogin();\nlogin.realizarLogin();\nhome.fecharAdicionarTelaInicio();\nhome.validarComprarCombinho();\nxsolla.validarCombinho();",
              "err": {
                "message": "CypressError: Timed out retrying after 4050ms: `cy.click()` failed because this element:\n\n`<button class=\"pwa-banner__close\" data-testid=\"pwa-close-icon\" dir=\"ltr\">...</button>`\n\nis being covered by another element:\n\n`<div class=\"gdpr-container svelte-lqj36j\">...</div>`\n\nFix this problem, or use {force: true} to disable error checking.\n\nhttps://on.cypress.io/element-cannot-be-interacted-with",
                "estack": "CypressError: Timed out retrying after 4050ms: `cy.click()` failed because this element:\n\n`<button class=\"pwa-banner__close\" data-testid=\"pwa-close-icon\" dir=\"ltr\">...</button>`\n\nis being covered by another element:\n\n`<div class=\"gdpr-container svelte-lqj36j\">...</div>`\n\nFix this problem, or use {force: true} to disable error checking.\n\nhttps://on.cypress.io/element-cannot-be-interacted-with\n    at ensureIsDescendent (https://store.pipastudios.com/__cypress/runner/cypress_runner.js:114387:68)\n    at ensureDescendents (https://store.pipastudios.com/__cypress/runner/cypress_runner.js:114438:5)\n    at ensureDescendentsAndScroll (https://store.pipastudios.com/__cypress/runner/cypress_runner.js:114444:14)\n    at ensureElIsNotCovered (https://store.pipastudios.com/__cypress/runner/cypress_runner.js:114575:5)\n    at runAllChecks (https://store.pipastudios.com/__cypress/runner/cypress_runner.js:114774:52)\n    at retryActionability (https://store.pipastudios.com/__cypress/runner/cypress_runner.js:114811:16)\n    at tryCatcher (https://store.pipastudios.com/__cypress/runner/cypress_runner.js:1777:23)\n    at Promise.attempt.Promise.try (https://store.pipastudios.com/__cypress/runner/cypress_runner.js:4285:29)\n    at whenStable (https://store.pipastudios.com/__cypress/runner/cypress_runner.js:147205:68)\n    at <unknown> (https://store.pipastudios.com/__cypress/runner/cypress_runner.js:147146:14)\n    at tryCatcher (https://store.pipastudios.com/__cypress/runner/cypress_runner.js:1777:23)\n    at Promise._settlePromiseFromHandler (https://store.pipastudios.com/__cypress/runner/cypress_runner.js:1489:31)\n    at Promise._settlePromise (https://store.pipastudios.com/__cypress/runner/cypress_runner.js:1546:18)\n    at Promise._settlePromise0 (https://store.pipastudios.com/__cypress/runner/cypress_runner.js:1591:10)\n    at Promise._settlePromises (https://store.pipastudios.com/__cypress/runner/cypress_runner.js:1671:18)\n    at Promise._fulfill (https://store.pipastudios.com/__cypress/runner/cypress_runner.js:1615:18)\n    at <unknown> (https://store.pipastudios.com/__cypress/runner/cypress_runner.js:5420:46)",
                "diff": null
              },
              "uuid": "7d5ed930-3303-4594-a0a8-b31449b2f9f8",
              "parentUUID": "7b597755-3a88-4f79-b7fe-c5b1bf0d7d1e",
              "isHook": false,
              "skipped": false
            },
            {
              "title": "Validar item Fichas em Fichas",
              "fullTitle": "Validaçõe do iframe do Xsolla Validar item Fichas em Fichas",
              "timedOut": null,
              "duration": 6487,
              "state": "failed",
              "speed": null,
              "pass": false,
              "fail": true,
              "pending": false,
              "context": null,
              "code": "home.acessarSite();\nhome.aceitarCookiesSeExistirem();\nhome.acessarLogin();\nlogin.realizarLogin();\nhome.fecharAdicionarTelaInicio();\nhome.validarComprarFichas();\nxsolla.validarFichas();",
              "err": {
                "message": "CypressError: Timed out retrying after 4050ms: `cy.click()` failed because this element:\n\n`<button class=\"pwa-banner__close\" data-testid=\"pwa-close-icon\" dir=\"ltr\">...</button>`\n\nis being covered by another element:\n\n`<div class=\"gdpr-container svelte-lqj36j\">...</div>`\n\nFix this problem, or use {force: true} to disable error checking.\n\nhttps://on.cypress.io/element-cannot-be-interacted-with",
                "estack": "CypressError: Timed out retrying after 4050ms: `cy.click()` failed because this element:\n\n`<button class=\"pwa-banner__close\" data-testid=\"pwa-close-icon\" dir=\"ltr\">...</button>`\n\nis being covered by another element:\n\n`<div class=\"gdpr-container svelte-lqj36j\">...</div>`\n\nFix this problem, or use {force: true} to disable error checking.\n\nhttps://on.cypress.io/element-cannot-be-interacted-with\n    at ensureIsDescendent (https://store.pipastudios.com/__cypress/runner/cypress_runner.js:114387:68)\n    at ensureDescendents (https://store.pipastudios.com/__cypress/runner/cypress_runner.js:114438:5)\n    at ensureDescendentsAndScroll (https://store.pipastudios.com/__cypress/runner/cypress_runner.js:114444:14)\n    at ensureElIsNotCovered (https://store.pipastudios.com/__cypress/runner/cypress_runner.js:114575:5)\n    at runAllChecks (https://store.pipastudios.com/__cypress/runner/cypress_runner.js:114774:52)\n    at retryActionability (https://store.pipastudios.com/__cypress/runner/cypress_runner.js:114811:16)\n    at tryCatcher (https://store.pipastudios.com/__cypress/runner/cypress_runner.js:1777:23)\n    at Promise.attempt.Promise.try (https://store.pipastudios.com/__cypress/runner/cypress_runner.js:4285:29)\n    at whenStable (https://store.pipastudios.com/__cypress/runner/cypress_runner.js:147205:68)\n    at <unknown> (https://store.pipastudios.com/__cypress/runner/cypress_runner.js:147146:14)\n    at tryCatcher (https://store.pipastudios.com/__cypress/runner/cypress_runner.js:1777:23)\n    at Promise._settlePromiseFromHandler (https://store.pipastudios.com/__cypress/runner/cypress_runner.js:1489:31)\n    at Promise._settlePromise (https://store.pipastudios.com/__cypress/runner/cypress_runner.js:1546:18)\n    at Promise._settlePromise0 (https://store.pipastudios.com/__cypress/runner/cypress_runner.js:1591:10)\n    at Promise._settlePromises (https://store.pipastudios.com/__cypress/runner/cypress_runner.js:1671:18)\n    at Promise._fulfill (https://store.pipastudios.com/__cypress/runner/cypress_runner.js:1615:18)\n    at <unknown> (https://store.pipastudios.com/__cypress/runner/cypress_runner.js:5420:46)",
                "diff": null
              },
              "uuid": "74e4cac5-a81a-446d-864b-c6308f4c9c51",
              "parentUUID": "7b597755-3a88-4f79-b7fe-c5b1bf0d7d1e",
              "isHook": false,
              "skipped": false
            },
            {
              "title": "Validar item Mais Fichas em Fichas",
              "fullTitle": "Validaçõe do iframe do Xsolla Validar item Mais Fichas em Fichas",
              "timedOut": null,
              "duration": 6043,
              "state": "failed",
              "speed": null,
              "pass": false,
              "fail": true,
              "pending": false,
              "context": null,
              "code": "home.acessarSite();\nhome.aceitarCookiesSeExistirem();\nhome.acessarLogin();\nlogin.realizarLogin();\nhome.fecharAdicionarTelaInicio();\nhome.validarComprarMaisFichas();\nxsolla.validarMaisFichas();",
              "err": {
                "message": "AssertionError: Timed out retrying after 4000ms: expected '<input#user-id-input.ui-site-input__input.user-id-modal__input>' to be 'visible'\n\nThis element `<input#user-id-input.ui-site-input__input.user-id-modal__input>` is not visible because its parent `<div.user-id-modal__container>` has CSS property: `display: none`",
                "estack": "AssertionError: Timed out retrying after 4000ms: expected '<input#user-id-input.ui-site-input__input.user-id-modal__input>' to be 'visible'\n\nThis element `<input#user-id-input.ui-site-input__input.user-id-modal__input>` is not visible because its parent `<div.user-id-modal__container>` has CSS property: `display: none`\n    at Login.realizarLogin (webpack://praia-bingo/./cypress/PO/loginPO.js:13:31)\n    at Context.eval (webpack://praia-bingo/./cypress/e2e/xsolla.cy.js:86:14)",
                "diff": null
              },
              "uuid": "31bf3ab3-076a-4130-ac5f-f31bbe79be49",
              "parentUUID": "7b597755-3a88-4f79-b7fe-c5b1bf0d7d1e",
              "isHook": false,
              "skipped": false
            },
            {
              "title": "Validar item Mais Fichas em Fichas",
              "fullTitle": "Validaçõe do iframe do Xsolla Validar item Mais Fichas em Fichas",
              "timedOut": null,
              "duration": 6434,
              "state": "failed",
              "speed": null,
              "pass": false,
              "fail": true,
              "pending": false,
              "context": null,
              "code": "home.acessarSite();\nhome.aceitarCookiesSeExistirem();\nhome.acessarLogin();\nlogin.realizarLogin();\nhome.fecharAdicionarTelaInicio();\nhome.validarComprarMonteDeFichas();\nxsolla.validarMonteDeFichas();",
              "err": {
                "message": "CypressError: Timed out retrying after 4050ms: `cy.click()` failed because this element:\n\n`<button class=\"pwa-banner__close\" data-testid=\"pwa-close-icon\" dir=\"ltr\">...</button>`\n\nis being covered by another element:\n\n`<div class=\"gdpr-container svelte-lqj36j\">...</div>`\n\nFix this problem, or use {force: true} to disable error checking.\n\nhttps://on.cypress.io/element-cannot-be-interacted-with",
                "estack": "CypressError: Timed out retrying after 4050ms: `cy.click()` failed because this element:\n\n`<button class=\"pwa-banner__close\" data-testid=\"pwa-close-icon\" dir=\"ltr\">...</button>`\n\nis being covered by another element:\n\n`<div class=\"gdpr-container svelte-lqj36j\">...</div>`\n\nFix this problem, or use {force: true} to disable error checking.\n\nhttps://on.cypress.io/element-cannot-be-interacted-with\n    at ensureIsDescendent (https://store.pipastudios.com/__cypress/runner/cypress_runner.js:114387:68)\n    at ensureDescendents (https://store.pipastudios.com/__cypress/runner/cypress_runner.js:114438:5)\n    at ensureDescendentsAndScroll (https://store.pipastudios.com/__cypress/runner/cypress_runner.js:114444:14)\n    at ensureElIsNotCovered (https://store.pipastudios.com/__cypress/runner/cypress_runner.js:114575:5)\n    at runAllChecks (https://store.pipastudios.com/__cypress/runner/cypress_runner.js:114774:52)\n    at retryActionability (https://store.pipastudios.com/__cypress/runner/cypress_runner.js:114811:16)\n    at tryCatcher (https://store.pipastudios.com/__cypress/runner/cypress_runner.js:1777:23)\n    at Promise.attempt.Promise.try (https://store.pipastudios.com/__cypress/runner/cypress_runner.js:4285:29)\n    at whenStable (https://store.pipastudios.com/__cypress/runner/cypress_runner.js:147205:68)\n    at <unknown> (https://store.pipastudios.com/__cypress/runner/cypress_runner.js:147146:14)\n    at tryCatcher (https://store.pipastudios.com/__cypress/runner/cypress_runner.js:1777:23)\n    at Promise._settlePromiseFromHandler (https://store.pipastudios.com/__cypress/runner/cypress_runner.js:1489:31)\n    at Promise._settlePromise (https://store.pipastudios.com/__cypress/runner/cypress_runner.js:1546:18)\n    at Promise._settlePromise0 (https://store.pipastudios.com/__cypress/runner/cypress_runner.js:1591:10)\n    at Promise._settlePromises (https://store.pipastudios.com/__cypress/runner/cypress_runner.js:1671:18)\n    at Promise._fulfill (https://store.pipastudios.com/__cypress/runner/cypress_runner.js:1615:18)\n    at <unknown> (https://store.pipastudios.com/__cypress/runner/cypress_runner.js:5420:46)",
                "diff": null
              },
              "uuid": "8a2e60c6-3841-4cac-b751-a778c25e5f3f",
              "parentUUID": "7b597755-3a88-4f79-b7fe-c5b1bf0d7d1e",
              "isHook": false,
              "skipped": false
            },
            {
              "title": "Validar item Dindins em Dindins",
              "fullTitle": "Validaçõe do iframe do Xsolla Validar item Dindins em Dindins",
              "timedOut": null,
              "duration": 6534,
              "state": "failed",
              "speed": null,
              "pass": false,
              "fail": true,
              "pending": false,
              "context": null,
              "code": "home.acessarSite();\nhome.aceitarCookiesSeExistirem();\nhome.acessarLogin();\nlogin.realizarLogin();\nhome.fecharAdicionarTelaInicio();\nhome.validarComprarDindins();\nxsolla.validarDindins();",
              "err": {
                "message": "CypressError: Timed out retrying after 4050ms: `cy.click()` failed because this element:\n\n`<button class=\"pwa-banner__close\" data-testid=\"pwa-close-icon\" dir=\"ltr\">...</button>`\n\nis being covered by another element:\n\n`<div class=\"gdpr-container svelte-lqj36j\">...</div>`\n\nFix this problem, or use {force: true} to disable error checking.\n\nhttps://on.cypress.io/element-cannot-be-interacted-with",
                "estack": "CypressError: Timed out retrying after 4050ms: `cy.click()` failed because this element:\n\n`<button class=\"pwa-banner__close\" data-testid=\"pwa-close-icon\" dir=\"ltr\">...</button>`\n\nis being covered by another element:\n\n`<div class=\"gdpr-container svelte-lqj36j\">...</div>`\n\nFix this problem, or use {force: true} to disable error checking.\n\nhttps://on.cypress.io/element-cannot-be-interacted-with\n    at ensureIsDescendent (https://store.pipastudios.com/__cypress/runner/cypress_runner.js:114387:68)\n    at ensureDescendents (https://store.pipastudios.com/__cypress/runner/cypress_runner.js:114438:5)\n    at ensureDescendentsAndScroll (https://store.pipastudios.com/__cypress/runner/cypress_runner.js:114444:14)\n    at ensureElIsNotCovered (https://store.pipastudios.com/__cypress/runner/cypress_runner.js:114575:5)\n    at runAllChecks (https://store.pipastudios.com/__cypress/runner/cypress_runner.js:114774:52)\n    at retryActionability (https://store.pipastudios.com/__cypress/runner/cypress_runner.js:114811:16)\n    at tryCatcher (https://store.pipastudios.com/__cypress/runner/cypress_runner.js:1777:23)\n    at Promise.attempt.Promise.try (https://store.pipastudios.com/__cypress/runner/cypress_runner.js:4285:29)\n    at whenStable (https://store.pipastudios.com/__cypress/runner/cypress_runner.js:147205:68)\n    at <unknown> (https://store.pipastudios.com/__cypress/runner/cypress_runner.js:147146:14)\n    at tryCatcher (https://store.pipastudios.com/__cypress/runner/cypress_runner.js:1777:23)\n    at Promise._settlePromiseFromHandler (https://store.pipastudios.com/__cypress/runner/cypress_runner.js:1489:31)\n    at Promise._settlePromise (https://store.pipastudios.com/__cypress/runner/cypress_runner.js:1546:18)\n    at Promise._settlePromise0 (https://store.pipastudios.com/__cypress/runner/cypress_runner.js:1591:10)\n    at Promise._settlePromises (https://store.pipastudios.com/__cypress/runner/cypress_runner.js:1671:18)\n    at Promise._fulfill (https://store.pipastudios.com/__cypress/runner/cypress_runner.js:1615:18)\n    at <unknown> (https://store.pipastudios.com/__cypress/runner/cypress_runner.js:5420:46)",
                "diff": null
              },
              "uuid": "d28f0c7e-3449-4818-b3a7-0ec8f7e32f89",
              "parentUUID": "7b597755-3a88-4f79-b7fe-c5b1bf0d7d1e",
              "isHook": false,
              "skipped": false
            },
            {
              "title": "Validar item Mais Dindins! em Dindins",
              "fullTitle": "Validaçõe do iframe do Xsolla Validar item Mais Dindins! em Dindins",
              "timedOut": null,
              "duration": 6488,
              "state": "failed",
              "speed": null,
              "pass": false,
              "fail": true,
              "pending": false,
              "context": null,
              "code": "home.acessarSite();\nhome.aceitarCookiesSeExistirem();\nhome.acessarLogin();\nlogin.realizarLogin();\nhome.fecharAdicionarTelaInicio();\nhome.validarComprarMaisDindins();\nxsolla.validarMaisDindins();",
              "err": {
                "message": "CypressError: Timed out retrying after 4050ms: `cy.click()` failed because this element:\n\n`<button class=\"pwa-banner__close\" data-testid=\"pwa-close-icon\" dir=\"ltr\">...</button>`\n\nis being covered by another element:\n\n`<div class=\"gdpr-container svelte-lqj36j\">...</div>`\n\nFix this problem, or use {force: true} to disable error checking.\n\nhttps://on.cypress.io/element-cannot-be-interacted-with",
                "estack": "CypressError: Timed out retrying after 4050ms: `cy.click()` failed because this element:\n\n`<button class=\"pwa-banner__close\" data-testid=\"pwa-close-icon\" dir=\"ltr\">...</button>`\n\nis being covered by another element:\n\n`<div class=\"gdpr-container svelte-lqj36j\">...</div>`\n\nFix this problem, or use {force: true} to disable error checking.\n\nhttps://on.cypress.io/element-cannot-be-interacted-with\n    at ensureIsDescendent (https://store.pipastudios.com/__cypress/runner/cypress_runner.js:114387:68)\n    at ensureDescendents (https://store.pipastudios.com/__cypress/runner/cypress_runner.js:114438:5)\n    at ensureDescendentsAndScroll (https://store.pipastudios.com/__cypress/runner/cypress_runner.js:114444:14)\n    at ensureElIsNotCovered (https://store.pipastudios.com/__cypress/runner/cypress_runner.js:114575:5)\n    at runAllChecks (https://store.pipastudios.com/__cypress/runner/cypress_runner.js:114774:52)\n    at retryActionability (https://store.pipastudios.com/__cypress/runner/cypress_runner.js:114811:16)\n    at tryCatcher (https://store.pipastudios.com/__cypress/runner/cypress_runner.js:1777:23)\n    at Promise.attempt.Promise.try (https://store.pipastudios.com/__cypress/runner/cypress_runner.js:4285:29)\n    at whenStable (https://store.pipastudios.com/__cypress/runner/cypress_runner.js:147205:68)\n    at <unknown> (https://store.pipastudios.com/__cypress/runner/cypress_runner.js:147146:14)\n    at tryCatcher (https://store.pipastudios.com/__cypress/runner/cypress_runner.js:1777:23)\n    at Promise._settlePromiseFromHandler (https://store.pipastudios.com/__cypress/runner/cypress_runner.js:1489:31)\n    at Promise._settlePromise (https://store.pipastudios.com/__cypress/runner/cypress_runner.js:1546:18)\n    at Promise._settlePromise0 (https://store.pipastudios.com/__cypress/runner/cypress_runner.js:1591:10)\n    at Promise._settlePromises (https://store.pipastudios.com/__cypress/runner/cypress_runner.js:1671:18)\n    at Promise._fulfill (https://store.pipastudios.com/__cypress/runner/cypress_runner.js:1615:18)\n    at <unknown> (https://store.pipastudios.com/__cypress/runner/cypress_runner.js:5420:46)",
                "diff": null
              },
              "uuid": "b05498f0-56c6-4bcf-839f-595ba1eaa349",
              "parentUUID": "7b597755-3a88-4f79-b7fe-c5b1bf0d7d1e",
              "isHook": false,
              "skipped": false
            },
            {
              "title": "Validar item Muitos Dindins em Dindins",
              "fullTitle": "Validaçõe do iframe do Xsolla Validar item Muitos Dindins em Dindins",
              "timedOut": null,
              "duration": 6523,
              "state": "failed",
              "speed": null,
              "pass": false,
              "fail": true,
              "pending": false,
              "context": null,
              "code": "home.acessarSite();\nhome.aceitarCookiesSeExistirem();\nhome.acessarLogin();\nlogin.realizarLogin();\nhome.fecharAdicionarTelaInicio();\nhome.validarComprarMuitosDindins();\nxsolla.validarMuitosDindins();",
              "err": {
                "message": "CypressError: Timed out retrying after 4050ms: `cy.click()` failed because this element:\n\n`<button class=\"pwa-banner__close\" data-testid=\"pwa-close-icon\" dir=\"ltr\">...</button>`\n\nis being covered by another element:\n\n`<div class=\"gdpr-container svelte-lqj36j\">...</div>`\n\nFix this problem, or use {force: true} to disable error checking.\n\nhttps://on.cypress.io/element-cannot-be-interacted-with",
                "estack": "CypressError: Timed out retrying after 4050ms: `cy.click()` failed because this element:\n\n`<button class=\"pwa-banner__close\" data-testid=\"pwa-close-icon\" dir=\"ltr\">...</button>`\n\nis being covered by another element:\n\n`<div class=\"gdpr-container svelte-lqj36j\">...</div>`\n\nFix this problem, or use {force: true} to disable error checking.\n\nhttps://on.cypress.io/element-cannot-be-interacted-with\n    at ensureIsDescendent (https://store.pipastudios.com/__cypress/runner/cypress_runner.js:114387:68)\n    at ensureDescendents (https://store.pipastudios.com/__cypress/runner/cypress_runner.js:114438:5)\n    at ensureDescendentsAndScroll (https://store.pipastudios.com/__cypress/runner/cypress_runner.js:114444:14)\n    at ensureElIsNotCovered (https://store.pipastudios.com/__cypress/runner/cypress_runner.js:114575:5)\n    at runAllChecks (https://store.pipastudios.com/__cypress/runner/cypress_runner.js:114774:52)\n    at retryActionability (https://store.pipastudios.com/__cypress/runner/cypress_runner.js:114811:16)\n    at tryCatcher (https://store.pipastudios.com/__cypress/runner/cypress_runner.js:1777:23)\n    at Promise.attempt.Promise.try (https://store.pipastudios.com/__cypress/runner/cypress_runner.js:4285:29)\n    at whenStable (https://store.pipastudios.com/__cypress/runner/cypress_runner.js:147205:68)\n    at <unknown> (https://store.pipastudios.com/__cypress/runner/cypress_runner.js:147146:14)\n    at tryCatcher (https://store.pipastudios.com/__cypress/runner/cypress_runner.js:1777:23)\n    at Promise._settlePromiseFromHandler (https://store.pipastudios.com/__cypress/runner/cypress_runner.js:1489:31)\n    at Promise._settlePromise (https://store.pipastudios.com/__cypress/runner/cypress_runner.js:1546:18)\n    at Promise._settlePromise0 (https://store.pipastudios.com/__cypress/runner/cypress_runner.js:1591:10)\n    at Promise._settlePromises (https://store.pipastudios.com/__cypress/runner/cypress_runner.js:1671:18)\n    at Promise._fulfill (https://store.pipastudios.com/__cypress/runner/cypress_runner.js:1615:18)\n    at <unknown> (https://store.pipastudios.com/__cypress/runner/cypress_runner.js:5420:46)",
                "diff": null
              },
              "uuid": "fc100cd1-6157-4bb1-b94d-3baf625166c6",
              "parentUUID": "7b597755-3a88-4f79-b7fe-c5b1bf0d7d1e",
              "isHook": false,
              "skipped": false
            }
          ],
          "suites": [],
          "passes": [],
          "failures": [
            "a2f2041c-c5e2-4c2b-9ab1-b497c5a7f4e3",
            "62b0e5f1-7316-4c26-9de2-7dcb024a31f2",
            "1e153cb9-2fce-428c-bf39-0264200afced",
            "fb3e423e-a73a-41ed-b43c-835255d66778",
            "7d5ed930-3303-4594-a0a8-b31449b2f9f8",
            "74e4cac5-a81a-446d-864b-c6308f4c9c51",
            "31bf3ab3-076a-4130-ac5f-f31bbe79be49",
            "8a2e60c6-3841-4cac-b751-a778c25e5f3f",
            "d28f0c7e-3449-4818-b3a7-0ec8f7e32f89",
            "b05498f0-56c6-4bcf-839f-595ba1eaa349",
            "fc100cd1-6157-4bb1-b94d-3baf625166c6"
          ],
          "pending": [],
          "skipped": [],
          "duration": 71137,
          "root": false,
          "rootEmpty": false,
          "_timeout": 2000
        }
      ],
      "passes": [],
      "failures": [],
      "pending": [],
      "skipped": [],
      "duration": 0,
      "root": true,
      "rootEmpty": true,
      "_timeout": 2000
    }
  ],
  "meta": {
    "mocha": {
      "version": "7.2.0"
    },
    "mochawesome": {
      "options": {
        "quiet": false,
        "reportFilename": "mochawesome",
        "saveHtml": true,
        "saveJson": true,
        "consoleReporter": "spec",
        "useInlineDiffs": false,
        "code": true
      },
      "version": "7.1.3"
    },
    "marge": {
      "options": {
        "reportDir": "cypress/reports",
        "overwrite": false,
        "html": true,
        "json": true
      },
      "version": "6.2.0"
    }
  }
}