{
  "stats": {
    "suites": 1,
    "tests": 4,
    "passes": 1,
    "pending": 0,
    "failures": 3,
    "start": "2025-08-15T17:42:20.120Z",
    "end": "2025-08-15T17:42:45.106Z",
    "duration": 24986,
    "testsRegistered": 4,
    "passPercent": 25,
    "pendingPercent": 0,
    "other": 0,
    "hasOther": false,
    "skipped": 0,
    "hasSkipped": false
  },
  "results": [
    {
      "uuid": "1ea5b4ca-9fdb-40e5-8eee-e2a281368726",
      "title": "",
      "fullFile": "cypress\\e2e\\login.cy.js",
      "file": "cypress\\e2e\\login.cy.js",
      "beforeHooks": [],
      "afterHooks": [],
      "tests": [],
      "suites": [
        {
          "uuid": "b205a12f-a153-4e7c-b4d2-d50c516b8e94",
          "title": "Fluxo de Login",
          "fullFile": "",
          "file": "",
          "beforeHooks": [],
          "afterHooks": [],
          "tests": [
            {
              "title": "Realiza login com sucesso",
              "fullTitle": "Fluxo de Login Realiza login com sucesso",
              "timedOut": null,
              "duration": 4009,
              "state": "passed",
              "speed": "fast",
              "pass": true,
              "fail": false,
              "pending": false,
              "context": null,
              "code": "home.acessarSite();\nhome.acessarLogin();\nlogin.realizarLogin();\nhome.elementos.lblUser().should('be.visible');\ncy.log('Login realizado com sucesso');",
              "err": {},
              "uuid": "5e1a30e5-bc5c-49f2-a981-2f94149319ec",
              "parentUUID": "b205a12f-a153-4e7c-b4d2-d50c516b8e94",
              "isHook": false,
              "skipped": false
            },
            {
              "title": "Realiza login com erro",
              "fullTitle": "Fluxo de Login Realiza login com erro",
              "timedOut": null,
              "duration": 6388,
              "state": "failed",
              "speed": null,
              "pass": false,
              "fail": true,
              "pending": false,
              "context": null,
              "code": "home.acessarSite();\nhome.acessarLogin();\nlogin.realizarLoginInvalido();\nlogin.elementos.lblErroLogin().should('be.visible');\ncy.log('Login não realizado');",
              "err": {
                "message": "AssertionError: Timed out retrying after 4000ms: expected '<div.xds-text.xds-text-body-l.user-id-modal__title>' to be 'visible'\n\nThis element `<div.xds-text.xds-text-body-l.user-id-modal__title>` is not visible because it has CSS property: `position: fixed` and it's being covered by another element:\n\n`<div class=\"gdpr-container svelte-lqj36j\">...</div>`",
                "estack": "AssertionError: Timed out retrying after 4000ms: expected '<div.xds-text.xds-text-body-l.user-id-modal__title>' to be 'visible'\n\nThis element `<div.xds-text.xds-text-body-l.user-id-modal__title>` is not visible because it has CSS property: `position: fixed` and it's being covered by another element:\n\n`<div class=\"gdpr-container svelte-lqj36j\">...</div>`\n    at Context.eval (webpack://praia-bingo/./cypress/e2e/login.cy.js:23:39)",
                "diff": null
              },
              "uuid": "a88b8a86-d1c7-4018-a2a4-9d6a633bf296",
              "parentUUID": "b205a12f-a153-4e7c-b4d2-d50c516b8e94",
              "isHook": false,
              "skipped": false
            },
            {
              "title": "Não consegue encontrar o ID",
              "fullTitle": "Fluxo de Login Não consegue encontrar o ID",
              "timedOut": null,
              "duration": 5902,
              "state": "failed",
              "speed": null,
              "pass": false,
              "fail": true,
              "pending": false,
              "context": null,
              "code": "home.acessarSite();\nhome.acessarLogin();\nlogin.naoEncontraID();",
              "err": {
                "message": "AssertionError: Timed out retrying after 4000ms: expected '<div.xds-text.xds-text-body-l.user-id-modal__title>' to be 'visible'\n\nThis element `<div.xds-text.xds-text-body-l.user-id-modal__title>` is not visible because its parent `<div.user-id-modal__container>` has CSS property: `display: none`",
                "estack": "AssertionError: Timed out retrying after 4000ms: expected '<div.xds-text.xds-text-body-l.user-id-modal__title>' to be 'visible'\n\nThis element `<div.xds-text.xds-text-body-l.user-id-modal__title>` is not visible because its parent `<div.user-id-modal__container>` has CSS property: `display: none`\n    at Login.naoEncontraID (webpack://praia-bingo/./cypress/PO/loginPO.js:24:35)\n    at Context.eval (webpack://praia-bingo/./cypress/e2e/login.cy.js:30:14)",
                "diff": null
              },
              "uuid": "c0699e79-77bf-4fb9-82f6-0e84b97ecb32",
              "parentUUID": "b205a12f-a153-4e7c-b4d2-d50c516b8e94",
              "isHook": false,
              "skipped": false
            },
            {
              "title": "Realiza logout com sucesso",
              "fullTitle": "Fluxo de Login Realiza logout com sucesso",
              "timedOut": null,
              "duration": 5879,
              "state": "failed",
              "speed": null,
              "pass": false,
              "fail": true,
              "pending": false,
              "context": null,
              "code": "home.acessarSite();\nhome.acessarLogin();\nlogin.realizarLogin();\nhome.elementos.lblUser().should('be.visible').click();\nhome.logOut();\nhome.elementos.btnAcessar().should('be.visible');",
              "err": {
                "message": "AssertionError: Timed out retrying after 4000ms: expected '<input#user-id-input.ui-site-input__input.user-id-modal__input>' to be 'visible'\n\nThis element `<input#user-id-input.ui-site-input__input.user-id-modal__input>` is not visible because its parent `<div.user-id-modal__container>` has CSS property: `display: none`",
                "estack": "AssertionError: Timed out retrying after 4000ms: expected '<input#user-id-input.ui-site-input__input.user-id-modal__input>' to be 'visible'\n\nThis element `<input#user-id-input.ui-site-input__input.user-id-modal__input>` is not visible because its parent `<div.user-id-modal__container>` has CSS property: `display: none`\n    at Login.realizarLogin (webpack://praia-bingo/./cypress/PO/loginPO.js:13:31)\n    at Context.eval (webpack://praia-bingo/./cypress/e2e/login.cy.js:37:14)",
                "diff": null
              },
              "uuid": "5726d5c9-40fb-465f-8e65-f5665f32d0b3",
              "parentUUID": "b205a12f-a153-4e7c-b4d2-d50c516b8e94",
              "isHook": false,
              "skipped": false
            }
          ],
          "suites": [],
          "passes": [
            "5e1a30e5-bc5c-49f2-a981-2f94149319ec"
          ],
          "failures": [
            "a88b8a86-d1c7-4018-a2a4-9d6a633bf296",
            "c0699e79-77bf-4fb9-82f6-0e84b97ecb32",
            "5726d5c9-40fb-465f-8e65-f5665f32d0b3"
          ],
          "pending": [],
          "skipped": [],
          "duration": 22178,
          "root": false,
          "rootEmpty": false,
          "_timeout": 2000
        }
      ],
      "passes": [],
      "failures": [],
      "pending": [],
      "skipped": [],
      "duration": 0,
      "root": true,
      "rootEmpty": true,
      "_timeout": 2000
    }
  ],
  "meta": {
    "mocha": {
      "version": "7.2.0"
    },
    "mochawesome": {
      "options": {
        "quiet": false,
        "reportFilename": "mochawesome",
        "saveHtml": true,
        "saveJson": true,
        "consoleReporter": "spec",
        "useInlineDiffs": false,
        "code": true
      },
      "version": "7.1.3"
    },
    "marge": {
      "options": {
        "reportDir": "cypress/reports",
        "overwrite": false,
        "html": true,
        "json": true
      },
      "version": "6.2.0"
    }
  }
}