{
  "stats": {
    "suites": 1,
    "tests": 11,
    "passes": 0,
    "pending": 0,
    "failures": 11,
    "start": "2025-08-15T17:42:46.610Z",
    "end": "2025-08-15T17:43:59.139Z",
    "duration": 72529,
    "testsRegistered": 11,
    "passPercent": 0,
    "pendingPercent": 0,
    "other": 0,
    "hasOther": false,
    "skipped": 0,
    "hasSkipped": false
  },
  "results": [
    {
      "uuid": "af66ca0d-0f0b-4773-ac2b-c1bfb1cd66e9",
      "title": "",
      "fullFile": "cypress\\e2e\\xsolla.cy.js",
      "file": "cypress\\e2e\\xsolla.cy.js",
      "beforeHooks": [],
      "afterHooks": [],
      "tests": [],
      "suites": [
        {
          "uuid": "da7245c6-e892-4f20-ae29-c9d6fabda069",
          "title": "Validaçõe do iframe do Xsolla",
          "fullFile": "",
          "file": "",
          "beforeHooks": [],
          "afterHooks": [],
          "tests": [
            {
              "title": "Validar Oferta de Boas Vindas",
              "fullTitle": "Validaçõe do iframe do Xsolla Validar Oferta de Boas Vindas",
              "timedOut": null,
              "duration": 7103,
              "state": "failed",
              "speed": null,
              "pass": false,
              "fail": true,
              "pending": false,
              "context": null,
              "code": "home.acessarSite();\nhome.aceitarCookiesSeExistirem();\nhome.acessarLogin();\nlogin.realizarLogin();\nhome.fecharAdicionarTelaInicio();\nhome.validarBannerBoasVindas();\nxsolla.validarOfertaBoasVindas();",
              "err": {
                "message": "CypressError: Timed out retrying after 4050ms: `cy.click()` failed because this element:\n\n`<button class=\"pwa-banner__close\" data-testid=\"pwa-close-icon\" dir=\"ltr\">...</button>`\n\nis being covered by another element:\n\n`<div class=\"gdpr-container svelte-lqj36j\">...</div>`\n\nFix this problem, or use {force: true} to disable error checking.\n\nhttps://on.cypress.io/element-cannot-be-interacted-with",
                "estack": "CypressError: Timed out retrying after 4050ms: `cy.click()` failed because this element:\n\n`<button class=\"pwa-banner__close\" data-testid=\"pwa-close-icon\" dir=\"ltr\">...</button>`\n\nis being covered by another element:\n\n`<div class=\"gdpr-container svelte-lqj36j\">...</div>`\n\nFix this problem, or use {force: true} to disable error checking.\n\nhttps://on.cypress.io/element-cannot-be-interacted-with\n    at ensureIsDescendent (https://store.pipastudios.com/__cypress/runner/cypress_runner.js:114387:68)\n    at ensureDescendents (https://store.pipastudios.com/__cypress/runner/cypress_runner.js:114438:5)\n    at ensureDescendentsAndScroll (https://store.pipastudios.com/__cypress/runner/cypress_runner.js:114444:14)\n    at ensureElIsNotCovered (https://store.pipastudios.com/__cypress/runner/cypress_runner.js:114575:5)\n    at runAllChecks (https://store.pipastudios.com/__cypress/runner/cypress_runner.js:114774:52)\n    at retryActionability (https://store.pipastudios.com/__cypress/runner/cypress_runner.js:114811:16)\n    at tryCatcher (https://store.pipastudios.com/__cypress/runner/cypress_runner.js:1777:23)\n    at Promise.attempt.Promise.try (https://store.pipastudios.com/__cypress/runner/cypress_runner.js:4285:29)\n    at whenStable (https://store.pipastudios.com/__cypress/runner/cypress_runner.js:147205:68)\n    at <unknown> (https://store.pipastudios.com/__cypress/runner/cypress_runner.js:147146:14)\n    at tryCatcher (https://store.pipastudios.com/__cypress/runner/cypress_runner.js:1777:23)\n    at Promise._settlePromiseFromHandler (https://store.pipastudios.com/__cypress/runner/cypress_runner.js:1489:31)\n    at Promise._settlePromise (https://store.pipastudios.com/__cypress/runner/cypress_runner.js:1546:18)\n    at Promise._settlePromise0 (https://store.pipastudios.com/__cypress/runner/cypress_runner.js:1591:10)\n    at Promise._settlePromises (https://store.pipastudios.com/__cypress/runner/cypress_runner.js:1671:18)\n    at Promise._fulfill (https://store.pipastudios.com/__cypress/runner/cypress_runner.js:1615:18)\n    at <unknown> (https://store.pipastudios.com/__cypress/runner/cypress_runner.js:5420:46)",
                "diff": null
              },
              "uuid": "0f217272-efe2-49ad-b372-ffd9455d7dcf",
              "parentUUID": "da7245c6-e892-4f20-ae29-c9d6fabda069",
              "isHook": false,
              "skipped": false
            },
            {
              "title": "Validar Oferta Especial",
              "fullTitle": "Validaçõe do iframe do Xsolla Validar Oferta Especial",
              "timedOut": null,
              "duration": 6626,
              "state": "failed",
              "speed": null,
              "pass": false,
              "fail": true,
              "pending": false,
              "context": null,
              "code": "home.acessarSite();\nhome.aceitarCookiesSeExistirem();\nhome.acessarLogin();\nlogin.realizarLogin();\nhome.fecharAdicionarTelaInicio();\nhome.validarOfertaEspecial();\nxsolla.validarOfertaExclusiva();",
              "err": {
                "message": "CypressError: Timed out retrying after 4050ms: `cy.click()` failed because this element:\n\n`<button class=\"pwa-banner__close\" data-testid=\"pwa-close-icon\" dir=\"ltr\">...</button>`\n\nis being covered by another element:\n\n`<div class=\"gdpr-container svelte-lqj36j\">...</div>`\n\nFix this problem, or use {force: true} to disable error checking.\n\nhttps://on.cypress.io/element-cannot-be-interacted-with",
                "estack": "CypressError: Timed out retrying after 4050ms: `cy.click()` failed because this element:\n\n`<button class=\"pwa-banner__close\" data-testid=\"pwa-close-icon\" dir=\"ltr\">...</button>`\n\nis being covered by another element:\n\n`<div class=\"gdpr-container svelte-lqj36j\">...</div>`\n\nFix this problem, or use {force: true} to disable error checking.\n\nhttps://on.cypress.io/element-cannot-be-interacted-with\n    at ensureIsDescendent (https://store.pipastudios.com/__cypress/runner/cypress_runner.js:114387:68)\n    at ensureDescendents (https://store.pipastudios.com/__cypress/runner/cypress_runner.js:114438:5)\n    at ensureDescendentsAndScroll (https://store.pipastudios.com/__cypress/runner/cypress_runner.js:114444:14)\n    at ensureElIsNotCovered (https://store.pipastudios.com/__cypress/runner/cypress_runner.js:114575:5)\n    at runAllChecks (https://store.pipastudios.com/__cypress/runner/cypress_runner.js:114774:52)\n    at retryActionability (https://store.pipastudios.com/__cypress/runner/cypress_runner.js:114811:16)\n    at tryCatcher (https://store.pipastudios.com/__cypress/runner/cypress_runner.js:1777:23)\n    at Promise.attempt.Promise.try (https://store.pipastudios.com/__cypress/runner/cypress_runner.js:4285:29)\n    at whenStable (https://store.pipastudios.com/__cypress/runner/cypress_runner.js:147205:68)\n    at <unknown> (https://store.pipastudios.com/__cypress/runner/cypress_runner.js:147146:14)\n    at tryCatcher (https://store.pipastudios.com/__cypress/runner/cypress_runner.js:1777:23)\n    at Promise._settlePromiseFromHandler (https://store.pipastudios.com/__cypress/runner/cypress_runner.js:1489:31)\n    at Promise._settlePromise (https://store.pipastudios.com/__cypress/runner/cypress_runner.js:1546:18)\n    at Promise._settlePromise0 (https://store.pipastudios.com/__cypress/runner/cypress_runner.js:1591:10)\n    at Promise._settlePromises (https://store.pipastudios.com/__cypress/runner/cypress_runner.js:1671:18)\n    at Promise._fulfill (https://store.pipastudios.com/__cypress/runner/cypress_runner.js:1615:18)\n    at <unknown> (https://store.pipastudios.com/__cypress/runner/cypress_runner.js:5420:46)",
                "diff": null
              },
              "uuid": "0a3decb8-991f-4946-8943-a22013b10ba0",
              "parentUUID": "da7245c6-e892-4f20-ae29-c9d6fabda069",
              "isHook": false,
              "skipped": false
            },
            {
              "title": "Validar item Fichinhas em Pequenos Preços!",
              "fullTitle": "Validaçõe do iframe do Xsolla Validar item Fichinhas em Pequenos Preços!",
              "timedOut": null,
              "duration": 6057,
              "state": "failed",
              "speed": null,
              "pass": false,
              "fail": true,
              "pending": false,
              "context": null,
              "code": "home.acessarSite();\nhome.aceitarCookiesSeExistirem();\nhome.acessarLogin();\nlogin.realizarLogin();\nhome.fecharAdicionarTelaInicio();\nhome.validarCompraFichinhas();\nxsolla.validarFichinhas();",
              "err": {
                "message": "AssertionError: Timed out retrying after 4000ms: expected '<input#user-id-input.ui-site-input__input.user-id-modal__input>' to be 'visible'\n\nThis element `<input#user-id-input.ui-site-input__input.user-id-modal__input>` is not visible because its parent `<div.user-id-modal__container>` has CSS property: `display: none`",
                "estack": "AssertionError: Timed out retrying after 4000ms: expected '<input#user-id-input.ui-site-input__input.user-id-modal__input>' to be 'visible'\n\nThis element `<input#user-id-input.ui-site-input__input.user-id-modal__input>` is not visible because its parent `<div.user-id-modal__container>` has CSS property: `display: none`\n    at Login.realizarLogin (webpack://praia-bingo/./cypress/PO/loginPO.js:13:31)\n    at Context.eval (webpack://praia-bingo/./cypress/e2e/xsolla.cy.js:39:14)",
                "diff": null
              },
              "uuid": "16c801ca-1d40-46cc-ab21-bc6331a34b8c",
              "parentUUID": "da7245c6-e892-4f20-ae29-c9d6fabda069",
              "isHook": false,
              "skipped": false
            },
            {
              "title": "Validar item Dindinzinhos em Pequenos Preços!",
              "fullTitle": "Validaçõe do iframe do Xsolla Validar item Dindinzinhos em Pequenos Preços!",
              "timedOut": null,
              "duration": 5956,
              "state": "failed",
              "speed": null,
              "pass": false,
              "fail": true,
              "pending": false,
              "context": null,
              "code": "home.acessarSite();\nhome.aceitarCookiesSeExistirem();\nhome.acessarLogin();\nlogin.realizarLogin();\nhome.fecharAdicionarTelaInicio();\nhome.validarComprarDindinzinhos();\nxsolla.validarDindinzinhos();",
              "err": {
                "message": "AssertionError: Timed out retrying after 4000ms: expected '<input#user-id-input.ui-site-input__input.user-id-modal__input>' to be 'visible'\n\nThis element `<input#user-id-input.ui-site-input__input.user-id-modal__input>` is not visible because its parent `<div.user-id-modal__container>` has CSS property: `display: none`",
                "estack": "AssertionError: Timed out retrying after 4000ms: expected '<input#user-id-input.ui-site-input__input.user-id-modal__input>' to be 'visible'\n\nThis element `<input#user-id-input.ui-site-input__input.user-id-modal__input>` is not visible because its parent `<div.user-id-modal__container>` has CSS property: `display: none`\n    at Login.realizarLogin (webpack://praia-bingo/./cypress/PO/loginPO.js:13:31)\n    at Context.eval (webpack://praia-bingo/./cypress/e2e/xsolla.cy.js:51:14)",
                "diff": null
              },
              "uuid": "194f2251-a8db-434c-9e37-0e44f51fc3cb",
              "parentUUID": "da7245c6-e892-4f20-ae29-c9d6fabda069",
              "isHook": false,
              "skipped": false
            },
            {
              "title": "Validar item Combinho em Pequenos Preços!",
              "fullTitle": "Validaçõe do iframe do Xsolla Validar item Combinho em Pequenos Preços!",
              "timedOut": null,
              "duration": 6661,
              "state": "failed",
              "speed": null,
              "pass": false,
              "fail": true,
              "pending": false,
              "context": null,
              "code": "home.acessarSite();\nhome.aceitarCookiesSeExistirem();\nhome.acessarLogin();\nlogin.realizarLogin();\nhome.fecharAdicionarTelaInicio();\nhome.validarComprarCombinho();\nxsolla.validarCombinho();",
              "err": {
                "message": "CypressError: Timed out retrying after 4050ms: `cy.click()` failed because this element:\n\n`<button class=\"pwa-banner__close\" data-testid=\"pwa-close-icon\" dir=\"ltr\">...</button>`\n\nis being covered by another element:\n\n`<div class=\"gdpr-container svelte-lqj36j\">...</div>`\n\nFix this problem, or use {force: true} to disable error checking.\n\nhttps://on.cypress.io/element-cannot-be-interacted-with",
                "estack": "CypressError: Timed out retrying after 4050ms: `cy.click()` failed because this element:\n\n`<button class=\"pwa-banner__close\" data-testid=\"pwa-close-icon\" dir=\"ltr\">...</button>`\n\nis being covered by another element:\n\n`<div class=\"gdpr-container svelte-lqj36j\">...</div>`\n\nFix this problem, or use {force: true} to disable error checking.\n\nhttps://on.cypress.io/element-cannot-be-interacted-with\n    at ensureIsDescendent (https://store.pipastudios.com/__cypress/runner/cypress_runner.js:114387:68)\n    at ensureDescendents (https://store.pipastudios.com/__cypress/runner/cypress_runner.js:114438:5)\n    at ensureDescendentsAndScroll (https://store.pipastudios.com/__cypress/runner/cypress_runner.js:114444:14)\n    at ensureElIsNotCovered (https://store.pipastudios.com/__cypress/runner/cypress_runner.js:114575:5)\n    at runAllChecks (https://store.pipastudios.com/__cypress/runner/cypress_runner.js:114774:52)\n    at retryActionability (https://store.pipastudios.com/__cypress/runner/cypress_runner.js:114811:16)\n    at tryCatcher (https://store.pipastudios.com/__cypress/runner/cypress_runner.js:1777:23)\n    at Promise.attempt.Promise.try (https://store.pipastudios.com/__cypress/runner/cypress_runner.js:4285:29)\n    at whenStable (https://store.pipastudios.com/__cypress/runner/cypress_runner.js:147205:68)\n    at <unknown> (https://store.pipastudios.com/__cypress/runner/cypress_runner.js:147146:14)\n    at tryCatcher (https://store.pipastudios.com/__cypress/runner/cypress_runner.js:1777:23)\n    at Promise._settlePromiseFromHandler (https://store.pipastudios.com/__cypress/runner/cypress_runner.js:1489:31)\n    at Promise._settlePromise (https://store.pipastudios.com/__cypress/runner/cypress_runner.js:1546:18)\n    at Promise._settlePromise0 (https://store.pipastudios.com/__cypress/runner/cypress_runner.js:1591:10)\n    at Promise._settlePromises (https://store.pipastudios.com/__cypress/runner/cypress_runner.js:1671:18)\n    at Promise._fulfill (https://store.pipastudios.com/__cypress/runner/cypress_runner.js:1615:18)\n    at <unknown> (https://store.pipastudios.com/__cypress/runner/cypress_runner.js:5420:46)",
                "diff": null
              },
              "uuid": "5fa9afe5-e490-4a0a-bf3a-6c33c0fd6219",
              "parentUUID": "da7245c6-e892-4f20-ae29-c9d6fabda069",
              "isHook": false,
              "skipped": false
            },
            {
              "title": "Validar item Fichas em Fichas",
              "fullTitle": "Validaçõe do iframe do Xsolla Validar item Fichas em Fichas",
              "timedOut": null,
              "duration": 6635,
              "state": "failed",
              "speed": null,
              "pass": false,
              "fail": true,
              "pending": false,
              "context": null,
              "code": "home.acessarSite();\nhome.aceitarCookiesSeExistirem();\nhome.acessarLogin();\nlogin.realizarLogin();\nhome.fecharAdicionarTelaInicio();\nhome.validarComprarFichas();\nxsolla.validarFichas();",
              "err": {
                "message": "CypressError: Timed out retrying after 4050ms: `cy.click()` failed because this element:\n\n`<button class=\"pwa-banner__close\" data-testid=\"pwa-close-icon\" dir=\"ltr\">...</button>`\n\nis being covered by another element:\n\n`<div class=\"gdpr-container svelte-lqj36j\">...</div>`\n\nFix this problem, or use {force: true} to disable error checking.\n\nhttps://on.cypress.io/element-cannot-be-interacted-with",
                "estack": "CypressError: Timed out retrying after 4050ms: `cy.click()` failed because this element:\n\n`<button class=\"pwa-banner__close\" data-testid=\"pwa-close-icon\" dir=\"ltr\">...</button>`\n\nis being covered by another element:\n\n`<div class=\"gdpr-container svelte-lqj36j\">...</div>`\n\nFix this problem, or use {force: true} to disable error checking.\n\nhttps://on.cypress.io/element-cannot-be-interacted-with\n    at ensureIsDescendent (https://store.pipastudios.com/__cypress/runner/cypress_runner.js:114387:68)\n    at ensureDescendents (https://store.pipastudios.com/__cypress/runner/cypress_runner.js:114438:5)\n    at ensureDescendentsAndScroll (https://store.pipastudios.com/__cypress/runner/cypress_runner.js:114444:14)\n    at ensureElIsNotCovered (https://store.pipastudios.com/__cypress/runner/cypress_runner.js:114575:5)\n    at runAllChecks (https://store.pipastudios.com/__cypress/runner/cypress_runner.js:114774:52)\n    at retryActionability (https://store.pipastudios.com/__cypress/runner/cypress_runner.js:114811:16)\n    at tryCatcher (https://store.pipastudios.com/__cypress/runner/cypress_runner.js:1777:23)\n    at Promise.attempt.Promise.try (https://store.pipastudios.com/__cypress/runner/cypress_runner.js:4285:29)\n    at whenStable (https://store.pipastudios.com/__cypress/runner/cypress_runner.js:147205:68)\n    at <unknown> (https://store.pipastudios.com/__cypress/runner/cypress_runner.js:147146:14)\n    at tryCatcher (https://store.pipastudios.com/__cypress/runner/cypress_runner.js:1777:23)\n    at Promise._settlePromiseFromHandler (https://store.pipastudios.com/__cypress/runner/cypress_runner.js:1489:31)\n    at Promise._settlePromise (https://store.pipastudios.com/__cypress/runner/cypress_runner.js:1546:18)\n    at Promise._settlePromise0 (https://store.pipastudios.com/__cypress/runner/cypress_runner.js:1591:10)\n    at Promise._settlePromises (https://store.pipastudios.com/__cypress/runner/cypress_runner.js:1671:18)\n    at Promise._fulfill (https://store.pipastudios.com/__cypress/runner/cypress_runner.js:1615:18)\n    at <unknown> (https://store.pipastudios.com/__cypress/runner/cypress_runner.js:5420:46)",
                "diff": null
              },
              "uuid": "7d5a4392-9951-49e2-b17d-b7cde3e26d7d",
              "parentUUID": "da7245c6-e892-4f20-ae29-c9d6fabda069",
              "isHook": false,
              "skipped": false
            },
            {
              "title": "Validar item Mais Fichas em Fichas",
              "fullTitle": "Validaçõe do iframe do Xsolla Validar item Mais Fichas em Fichas",
              "timedOut": null,
              "duration": 6067,
              "state": "failed",
              "speed": null,
              "pass": false,
              "fail": true,
              "pending": false,
              "context": null,
              "code": "home.acessarSite();\nhome.aceitarCookiesSeExistirem();\nhome.acessarLogin();\nlogin.realizarLogin();\nhome.fecharAdicionarTelaInicio();\nhome.validarComprarMaisFichas();\nxsolla.validarMaisFichas();",
              "err": {
                "message": "AssertionError: Timed out retrying after 4000ms: expected '<input#user-id-input.ui-site-input__input.user-id-modal__input>' to be 'visible'\n\nThis element `<input#user-id-input.ui-site-input__input.user-id-modal__input>` is not visible because its parent `<div.user-id-modal__container>` has CSS property: `display: none`",
                "estack": "AssertionError: Timed out retrying after 4000ms: expected '<input#user-id-input.ui-site-input__input.user-id-modal__input>' to be 'visible'\n\nThis element `<input#user-id-input.ui-site-input__input.user-id-modal__input>` is not visible because its parent `<div.user-id-modal__container>` has CSS property: `display: none`\n    at Login.realizarLogin (webpack://praia-bingo/./cypress/PO/loginPO.js:13:31)\n    at Context.eval (webpack://praia-bingo/./cypress/e2e/xsolla.cy.js:86:14)",
                "diff": null
              },
              "uuid": "b102f357-211f-415c-ac22-24b2a31ac03b",
              "parentUUID": "da7245c6-e892-4f20-ae29-c9d6fabda069",
              "isHook": false,
              "skipped": false
            },
            {
              "title": "Validar item Mais Fichas em Fichas",
              "fullTitle": "Validaçõe do iframe do Xsolla Validar item Mais Fichas em Fichas",
              "timedOut": null,
              "duration": 5957,
              "state": "failed",
              "speed": null,
              "pass": false,
              "fail": true,
              "pending": false,
              "context": null,
              "code": "home.acessarSite();\nhome.aceitarCookiesSeExistirem();\nhome.acessarLogin();\nlogin.realizarLogin();\nhome.fecharAdicionarTelaInicio();\nhome.validarComprarMonteDeFichas();\nxsolla.validarMonteDeFichas();",
              "err": {
                "message": "AssertionError: Timed out retrying after 4000ms: expected '<input#user-id-input.ui-site-input__input.user-id-modal__input>' to be 'visible'\n\nThis element `<input#user-id-input.ui-site-input__input.user-id-modal__input>` is not visible because its parent `<div.user-id-modal__container>` has CSS property: `display: none`",
                "estack": "AssertionError: Timed out retrying after 4000ms: expected '<input#user-id-input.ui-site-input__input.user-id-modal__input>' to be 'visible'\n\nThis element `<input#user-id-input.ui-site-input__input.user-id-modal__input>` is not visible because its parent `<div.user-id-modal__container>` has CSS property: `display: none`\n    at Login.realizarLogin (webpack://praia-bingo/./cypress/PO/loginPO.js:13:31)\n    at Context.eval (webpack://praia-bingo/./cypress/e2e/xsolla.cy.js:98:14)",
                "diff": null
              },
              "uuid": "6a98707b-dc3e-4105-a8e0-e4487a4b3d6d",
              "parentUUID": "da7245c6-e892-4f20-ae29-c9d6fabda069",
              "isHook": false,
              "skipped": false
            },
            {
              "title": "Validar item Dindins em Dindins",
              "fullTitle": "Validaçõe do iframe do Xsolla Validar item Dindins em Dindins",
              "timedOut": null,
              "duration": 5972,
              "state": "failed",
              "speed": null,
              "pass": false,
              "fail": true,
              "pending": false,
              "context": null,
              "code": "home.acessarSite();\nhome.aceitarCookiesSeExistirem();\nhome.acessarLogin();\nlogin.realizarLogin();\nhome.fecharAdicionarTelaInicio();\nhome.validarComprarDindins();\nxsolla.validarDindins();",
              "err": {
                "message": "AssertionError: Timed out retrying after 4000ms: expected '<input#user-id-input.ui-site-input__input.user-id-modal__input>' to be 'visible'\n\nThis element `<input#user-id-input.ui-site-input__input.user-id-modal__input>` is not visible because its parent `<div.user-id-modal__container>` has CSS property: `display: none`",
                "estack": "AssertionError: Timed out retrying after 4000ms: expected '<input#user-id-input.ui-site-input__input.user-id-modal__input>' to be 'visible'\n\nThis element `<input#user-id-input.ui-site-input__input.user-id-modal__input>` is not visible because its parent `<div.user-id-modal__container>` has CSS property: `display: none`\n    at Login.realizarLogin (webpack://praia-bingo/./cypress/PO/loginPO.js:13:31)\n    at Context.eval (webpack://praia-bingo/./cypress/e2e/xsolla.cy.js:110:14)",
                "diff": null
              },
              "uuid": "3489128e-b661-4e2e-a811-6b7c9384c4fb",
              "parentUUID": "da7245c6-e892-4f20-ae29-c9d6fabda069",
              "isHook": false,
              "skipped": false
            },
            {
              "title": "Validar item Mais Dindins! em Dindins",
              "fullTitle": "Validaçõe do iframe do Xsolla Validar item Mais Dindins! em Dindins",
              "timedOut": null,
              "duration": 6146,
              "state": "failed",
              "speed": null,
              "pass": false,
              "fail": true,
              "pending": false,
              "context": null,
              "code": "home.acessarSite();\nhome.aceitarCookiesSeExistirem();\nhome.acessarLogin();\nlogin.realizarLogin();\nhome.fecharAdicionarTelaInicio();\nhome.validarComprarMaisDindins();\nxsolla.validarMaisDindins();",
              "err": {
                "message": "AssertionError: Timed out retrying after 4000ms: expected '<input#user-id-input.ui-site-input__input.user-id-modal__input>' to be 'visible'\n\nThis element `<input#user-id-input.ui-site-input__input.user-id-modal__input>` is not visible because its parent `<div.user-id-modal__container>` has CSS property: `display: none`",
                "estack": "AssertionError: Timed out retrying after 4000ms: expected '<input#user-id-input.ui-site-input__input.user-id-modal__input>' to be 'visible'\n\nThis element `<input#user-id-input.ui-site-input__input.user-id-modal__input>` is not visible because its parent `<div.user-id-modal__container>` has CSS property: `display: none`\n    at Login.realizarLogin (webpack://praia-bingo/./cypress/PO/loginPO.js:13:31)\n    at Context.eval (webpack://praia-bingo/./cypress/e2e/xsolla.cy.js:122:14)",
                "diff": null
              },
              "uuid": "126c4ebe-a723-4e2c-b87a-39642f283ae3",
              "parentUUID": "da7245c6-e892-4f20-ae29-c9d6fabda069",
              "isHook": false,
              "skipped": false
            },
            {
              "title": "Validar item Muitos Dindins em Dindins",
              "fullTitle": "Validaçõe do iframe do Xsolla Validar item Muitos Dindins em Dindins",
              "timedOut": null,
              "duration": 6244,
              "state": "failed",
              "speed": null,
              "pass": false,
              "fail": true,
              "pending": false,
              "context": null,
              "code": "home.acessarSite();\nhome.aceitarCookiesSeExistirem();\nhome.acessarLogin();\nlogin.realizarLogin();\nhome.fecharAdicionarTelaInicio();\nhome.validarComprarMuitosDindins();\nxsolla.validarMuitosDindins();",
              "err": {
                "message": "AssertionError: Timed out retrying after 4000ms: expected '<input#user-id-input.ui-site-input__input.user-id-modal__input>' to be 'visible'\n\nThis element `<input#user-id-input.ui-site-input__input.user-id-modal__input>` is not visible because its parent `<div.user-id-modal__container>` has CSS property: `display: none`",
                "estack": "AssertionError: Timed out retrying after 4000ms: expected '<input#user-id-input.ui-site-input__input.user-id-modal__input>' to be 'visible'\n\nThis element `<input#user-id-input.ui-site-input__input.user-id-modal__input>` is not visible because its parent `<div.user-id-modal__container>` has CSS property: `display: none`\n    at Login.realizarLogin (webpack://praia-bingo/./cypress/PO/loginPO.js:13:31)\n    at Context.eval (webpack://praia-bingo/./cypress/e2e/xsolla.cy.js:134:14)",
                "diff": null
              },
              "uuid": "63a2e86c-6e29-4994-afd0-691d0711fd99",
              "parentUUID": "da7245c6-e892-4f20-ae29-c9d6fabda069",
              "isHook": false,
              "skipped": false
            }
          ],
          "suites": [],
          "passes": [],
          "failures": [
            "0f217272-efe2-49ad-b372-ffd9455d7dcf",
            "0a3decb8-991f-4946-8943-a22013b10ba0",
            "16c801ca-1d40-46cc-ab21-bc6331a34b8c",
            "194f2251-a8db-434c-9e37-0e44f51fc3cb",
            "5fa9afe5-e490-4a0a-bf3a-6c33c0fd6219",
            "7d5a4392-9951-49e2-b17d-b7cde3e26d7d",
            "b102f357-211f-415c-ac22-24b2a31ac03b",
            "6a98707b-dc3e-4105-a8e0-e4487a4b3d6d",
            "3489128e-b661-4e2e-a811-6b7c9384c4fb",
            "126c4ebe-a723-4e2c-b87a-39642f283ae3",
            "63a2e86c-6e29-4994-afd0-691d0711fd99"
          ],
          "pending": [],
          "skipped": [],
          "duration": 69424,
          "root": false,
          "rootEmpty": false,
          "_timeout": 2000
        }
      ],
      "passes": [],
      "failures": [],
      "pending": [],
      "skipped": [],
      "duration": 0,
      "root": true,
      "rootEmpty": true,
      "_timeout": 2000
    }
  ],
  "meta": {
    "mocha": {
      "version": "7.2.0"
    },
    "mochawesome": {
      "options": {
        "quiet": false,
        "reportFilename": "mochawesome",
        "saveHtml": true,
        "saveJson": true,
        "consoleReporter": "spec",
        "useInlineDiffs": false,
        "code": true
      },
      "version": "7.1.3"
    },
    "marge": {
      "options": {
        "reportDir": "cypress/reports",
        "overwrite": false,
        "html": true,
        "json": true
      },
      "version": "6.2.0"
    }
  }
}