{
  "stats": {
    "suites": 1,
    "tests": 22,
    "passes": 6,
    "pending": 0,
    "failures": 16,
    "start": "2025-08-15T17:40:24.476Z",
    "end": "2025-08-15T17:42:18.078Z",
    "duration": 113602,
    "testsRegistered": 22,
    "passPercent": 27.27272727272727,
    "pendingPercent": 0,
    "other": 0,
    "hasOther": false,
    "skipped": 0,
    "hasSkipped": false
  },
  "results": [
    {
      "uuid": "6f10f655-1ba2-4109-8e7f-96f23c21ba7f",
      "title": "",
      "fullFile": "cypress\\e2e\\home.cy.js",
      "file": "cypress\\e2e\\home.cy.js",
      "beforeHooks": [],
      "afterHooks": [],
      "tests": [],
      "suites": [
        {
          "uuid": "a463cb77-08ee-40b1-9cde-b744c8aff76f",
          "title": "Fluxos da Home",
          "fullFile": "",
          "file": "",
          "beforeHooks": [],
          "afterHooks": [],
          "tests": [
            {
              "title": "Validar coleta de Presente",
              "fullTitle": "Fluxos da Home Validar coleta de Presente",
              "timedOut": null,
              "duration": 8613,
              "state": "failed",
              "speed": null,
              "pass": false,
              "fail": true,
              "pending": false,
              "context": null,
              "code": "home.acessarSite();\nhome.aceitarCookiesSeExistirem();\nhome.acessarLogin();\nlogin.realizarLogin();\nhome.validarColetaPresente();\nhome.elementos.lblUser().should('be.visible');",
              "err": {
                "message": "AssertionError: Timed out retrying after 4000ms: Expected to find element: `[data-testid=\"claimed-item-modal-image\"]`, but never found it.",
                "estack": "AssertionError: Timed out retrying after 4000ms: Expected to find element: `[data-testid=\"claimed-item-modal-image\"]`, but never found it.\n    at Home.validarColetaPresente (webpack://praia-bingo/./cypress/PO/homePO.js:97:40)\n    at Context.eval (webpack://praia-bingo/./cypress/e2e/home.cy.js:14:13)",
                "diff": null
              },
              "uuid": "ecf0c2f8-8461-40d3-a773-4ee9549506f5",
              "parentUUID": "a463cb77-08ee-40b1-9cde-b744c8aff76f",
              "isHook": false,
              "skipped": false
            },
            {
              "title": "Validar presente já coletado",
              "fullTitle": "Fluxos da Home Validar presente já coletado",
              "timedOut": null,
              "duration": 3766,
              "state": "passed",
              "speed": "fast",
              "pass": true,
              "fail": false,
              "pending": false,
              "context": null,
              "code": "home.acessarSite();\nhome.aceitarCookiesSeExistirem();\nhome.acessarLogin();\nlogin.realizarLogin();\nhome.elementos.btnColetado().should('be.visible');",
              "err": {},
              "uuid": "e9cb9f4c-4f14-43f3-a555-5cb6cde62e9f",
              "parentUUID": "a463cb77-08ee-40b1-9cde-b744c8aff76f",
              "isHook": false,
              "skipped": false
            },
            {
              "title": "Validar botão \"Fichas\"",
              "fullTitle": "Fluxos da Home Validar botão \"Fichas\"",
              "timedOut": null,
              "duration": 6314,
              "state": "failed",
              "speed": null,
              "pass": false,
              "fail": true,
              "pending": false,
              "context": null,
              "code": "home.acessarSite();\nhome.aceitarCookiesSeExistirem();\nhome.acessarLogin();\nlogin.realizarLogin();\nhome.fecharAdicionarTelaInicio();\nhome.validarBotaoFichas();",
              "err": {
                "message": "CypressError: Timed out retrying after 4050ms: `cy.click()` failed because this element:\n\n`<button class=\"pwa-banner__close\" data-testid=\"pwa-close-icon\" dir=\"ltr\">...</button>`\n\nis being covered by another element:\n\n`<div class=\"gdpr-container svelte-lqj36j\">...</div>`\n\nFix this problem, or use {force: true} to disable error checking.\n\nhttps://on.cypress.io/element-cannot-be-interacted-with",
                "estack": "CypressError: Timed out retrying after 4050ms: `cy.click()` failed because this element:\n\n`<button class=\"pwa-banner__close\" data-testid=\"pwa-close-icon\" dir=\"ltr\">...</button>`\n\nis being covered by another element:\n\n`<div class=\"gdpr-container svelte-lqj36j\">...</div>`\n\nFix this problem, or use {force: true} to disable error checking.\n\nhttps://on.cypress.io/element-cannot-be-interacted-with\n    at ensureIsDescendent (https://store.pipastudios.com/__cypress/runner/cypress_runner.js:114387:68)\n    at ensureDescendents (https://store.pipastudios.com/__cypress/runner/cypress_runner.js:114438:5)\n    at ensureDescendentsAndScroll (https://store.pipastudios.com/__cypress/runner/cypress_runner.js:114444:14)\n    at ensureElIsNotCovered (https://store.pipastudios.com/__cypress/runner/cypress_runner.js:114575:5)\n    at runAllChecks (https://store.pipastudios.com/__cypress/runner/cypress_runner.js:114774:52)\n    at retryActionability (https://store.pipastudios.com/__cypress/runner/cypress_runner.js:114811:16)\n    at tryCatcher (https://store.pipastudios.com/__cypress/runner/cypress_runner.js:1777:23)\n    at Promise.attempt.Promise.try (https://store.pipastudios.com/__cypress/runner/cypress_runner.js:4285:29)\n    at whenStable (https://store.pipastudios.com/__cypress/runner/cypress_runner.js:147205:68)\n    at <unknown> (https://store.pipastudios.com/__cypress/runner/cypress_runner.js:147146:14)\n    at tryCatcher (https://store.pipastudios.com/__cypress/runner/cypress_runner.js:1777:23)\n    at Promise._settlePromiseFromHandler (https://store.pipastudios.com/__cypress/runner/cypress_runner.js:1489:31)\n    at Promise._settlePromise (https://store.pipastudios.com/__cypress/runner/cypress_runner.js:1546:18)\n    at Promise._settlePromise0 (https://store.pipastudios.com/__cypress/runner/cypress_runner.js:1591:10)\n    at Promise._settlePromises (https://store.pipastudios.com/__cypress/runner/cypress_runner.js:1671:18)\n    at Promise._fulfill (https://store.pipastudios.com/__cypress/runner/cypress_runner.js:1615:18)\n    at <unknown> (https://store.pipastudios.com/__cypress/runner/cypress_runner.js:5420:46)",
                "diff": null
              },
              "uuid": "08aeb6ef-6a47-4280-863e-7f35afcc20cb",
              "parentUUID": "a463cb77-08ee-40b1-9cde-b744c8aff76f",
              "isHook": false,
              "skipped": false
            },
            {
              "title": "Validar botão \"Dindins\"",
              "fullTitle": "Fluxos da Home Validar botão \"Dindins\"",
              "timedOut": null,
              "duration": 6367,
              "state": "failed",
              "speed": null,
              "pass": false,
              "fail": true,
              "pending": false,
              "context": null,
              "code": "home.acessarSite();\nhome.aceitarCookiesSeExistirem();\nhome.acessarLogin();\nlogin.realizarLogin();\nhome.fecharAdicionarTelaInicio();\nhome.validarBotaoDindins();",
              "err": {
                "message": "CypressError: Timed out retrying after 4050ms: `cy.click()` failed because this element:\n\n`<button class=\"pwa-banner__close\" data-testid=\"pwa-close-icon\" dir=\"ltr\">...</button>`\n\nis being covered by another element:\n\n`<div class=\"gdpr-container svelte-lqj36j\">...</div>`\n\nFix this problem, or use {force: true} to disable error checking.\n\nhttps://on.cypress.io/element-cannot-be-interacted-with",
                "estack": "CypressError: Timed out retrying after 4050ms: `cy.click()` failed because this element:\n\n`<button class=\"pwa-banner__close\" data-testid=\"pwa-close-icon\" dir=\"ltr\">...</button>`\n\nis being covered by another element:\n\n`<div class=\"gdpr-container svelte-lqj36j\">...</div>`\n\nFix this problem, or use {force: true} to disable error checking.\n\nhttps://on.cypress.io/element-cannot-be-interacted-with\n    at ensureIsDescendent (https://store.pipastudios.com/__cypress/runner/cypress_runner.js:114387:68)\n    at ensureDescendents (https://store.pipastudios.com/__cypress/runner/cypress_runner.js:114438:5)\n    at ensureDescendentsAndScroll (https://store.pipastudios.com/__cypress/runner/cypress_runner.js:114444:14)\n    at ensureElIsNotCovered (https://store.pipastudios.com/__cypress/runner/cypress_runner.js:114575:5)\n    at runAllChecks (https://store.pipastudios.com/__cypress/runner/cypress_runner.js:114774:52)\n    at retryActionability (https://store.pipastudios.com/__cypress/runner/cypress_runner.js:114811:16)\n    at tryCatcher (https://store.pipastudios.com/__cypress/runner/cypress_runner.js:1777:23)\n    at Promise.attempt.Promise.try (https://store.pipastudios.com/__cypress/runner/cypress_runner.js:4285:29)\n    at whenStable (https://store.pipastudios.com/__cypress/runner/cypress_runner.js:147205:68)\n    at <unknown> (https://store.pipastudios.com/__cypress/runner/cypress_runner.js:147146:14)\n    at tryCatcher (https://store.pipastudios.com/__cypress/runner/cypress_runner.js:1777:23)\n    at Promise._settlePromiseFromHandler (https://store.pipastudios.com/__cypress/runner/cypress_runner.js:1489:31)\n    at Promise._settlePromise (https://store.pipastudios.com/__cypress/runner/cypress_runner.js:1546:18)\n    at Promise._settlePromise0 (https://store.pipastudios.com/__cypress/runner/cypress_runner.js:1591:10)\n    at Promise._settlePromises (https://store.pipastudios.com/__cypress/runner/cypress_runner.js:1671:18)\n    at Promise._fulfill (https://store.pipastudios.com/__cypress/runner/cypress_runner.js:1615:18)\n    at <unknown> (https://store.pipastudios.com/__cypress/runner/cypress_runner.js:5420:46)",
                "diff": null
              },
              "uuid": "f70ed531-53f2-4c72-90fc-181b4c26c4a1",
              "parentUUID": "a463cb77-08ee-40b1-9cde-b744c8aff76f",
              "isHook": false,
              "skipped": false
            },
            {
              "title": "Validar botão \"Pequenos Preços\"",
              "fullTitle": "Fluxos da Home Validar botão \"Pequenos Preços\"",
              "timedOut": null,
              "duration": 6399,
              "state": "failed",
              "speed": null,
              "pass": false,
              "fail": true,
              "pending": false,
              "context": null,
              "code": "home.acessarSite();\nhome.aceitarCookiesSeExistirem();\nhome.acessarLogin();\nlogin.realizarLogin();\nhome.fecharAdicionarTelaInicio();\nhome.validarBotaoPequenosPrecos();",
              "err": {
                "message": "CypressError: Timed out retrying after 4050ms: `cy.click()` failed because this element:\n\n`<button class=\"pwa-banner__close\" data-testid=\"pwa-close-icon\" dir=\"ltr\">...</button>`\n\nis being covered by another element:\n\n`<div class=\"gdpr-container svelte-lqj36j\">...</div>`\n\nFix this problem, or use {force: true} to disable error checking.\n\nhttps://on.cypress.io/element-cannot-be-interacted-with",
                "estack": "CypressError: Timed out retrying after 4050ms: `cy.click()` failed because this element:\n\n`<button class=\"pwa-banner__close\" data-testid=\"pwa-close-icon\" dir=\"ltr\">...</button>`\n\nis being covered by another element:\n\n`<div class=\"gdpr-container svelte-lqj36j\">...</div>`\n\nFix this problem, or use {force: true} to disable error checking.\n\nhttps://on.cypress.io/element-cannot-be-interacted-with\n    at ensureIsDescendent (https://store.pipastudios.com/__cypress/runner/cypress_runner.js:114387:68)\n    at ensureDescendents (https://store.pipastudios.com/__cypress/runner/cypress_runner.js:114438:5)\n    at ensureDescendentsAndScroll (https://store.pipastudios.com/__cypress/runner/cypress_runner.js:114444:14)\n    at ensureElIsNotCovered (https://store.pipastudios.com/__cypress/runner/cypress_runner.js:114575:5)\n    at runAllChecks (https://store.pipastudios.com/__cypress/runner/cypress_runner.js:114774:52)\n    at retryActionability (https://store.pipastudios.com/__cypress/runner/cypress_runner.js:114811:16)\n    at tryCatcher (https://store.pipastudios.com/__cypress/runner/cypress_runner.js:1777:23)\n    at Promise.attempt.Promise.try (https://store.pipastudios.com/__cypress/runner/cypress_runner.js:4285:29)\n    at whenStable (https://store.pipastudios.com/__cypress/runner/cypress_runner.js:147205:68)\n    at <unknown> (https://store.pipastudios.com/__cypress/runner/cypress_runner.js:147146:14)\n    at tryCatcher (https://store.pipastudios.com/__cypress/runner/cypress_runner.js:1777:23)\n    at Promise._settlePromiseFromHandler (https://store.pipastudios.com/__cypress/runner/cypress_runner.js:1489:31)\n    at Promise._settlePromise (https://store.pipastudios.com/__cypress/runner/cypress_runner.js:1546:18)\n    at Promise._settlePromise0 (https://store.pipastudios.com/__cypress/runner/cypress_runner.js:1591:10)\n    at Promise._settlePromises (https://store.pipastudios.com/__cypress/runner/cypress_runner.js:1671:18)\n    at Promise._fulfill (https://store.pipastudios.com/__cypress/runner/cypress_runner.js:1615:18)\n    at <unknown> (https://store.pipastudios.com/__cypress/runner/cypress_runner.js:5420:46)",
                "diff": null
              },
              "uuid": "52408003-70a5-4036-be25-9075e37585dd",
              "parentUUID": "a463cb77-08ee-40b1-9cde-b744c8aff76f",
              "isHook": false,
              "skipped": false
            },
            {
              "title": "Validar redirecionamento para Youtube",
              "fullTitle": "Fluxos da Home Validar redirecionamento para Youtube",
              "timedOut": null,
              "duration": 1829,
              "state": "passed",
              "speed": "fast",
              "pass": true,
              "fail": false,
              "pending": false,
              "context": null,
              "code": "home.acessarSite();\nhome.aceitarCookiesSeExistirem();\nhome.validarBotaoYoutube();",
              "err": {},
              "uuid": "75163fa0-694d-4ea3-b0b8-fa7d6f7b5305",
              "parentUUID": "a463cb77-08ee-40b1-9cde-b744c8aff76f",
              "isHook": false,
              "skipped": false
            },
            {
              "title": "Validar redirecionamento para Instagram",
              "fullTitle": "Fluxos da Home Validar redirecionamento para Instagram",
              "timedOut": null,
              "duration": 1326,
              "state": "passed",
              "speed": "fast",
              "pass": true,
              "fail": false,
              "pending": false,
              "context": null,
              "code": "home.acessarSite();\nhome.aceitarCookiesSeExistirem();\nhome.validarBotaoInstagram();",
              "err": {},
              "uuid": "88d698b4-9594-4282-8f18-76d3d90eae5c",
              "parentUUID": "a463cb77-08ee-40b1-9cde-b744c8aff76f",
              "isHook": false,
              "skipped": false
            },
            {
              "title": "Validar redirecionamento para Facebook",
              "fullTitle": "Fluxos da Home Validar redirecionamento para Facebook",
              "timedOut": null,
              "duration": 1126,
              "state": "passed",
              "speed": "fast",
              "pass": true,
              "fail": false,
              "pending": false,
              "context": null,
              "code": "home.acessarSite();\nhome.aceitarCookiesSeExistirem();\nhome.validarBotaoFacebook();",
              "err": {},
              "uuid": "f65e4c3a-f022-4277-9d46-9b4e187d3fe9",
              "parentUUID": "a463cb77-08ee-40b1-9cde-b744c8aff76f",
              "isHook": false,
              "skipped": false
            },
            {
              "title": "Validar redirecionamento para Google Play",
              "fullTitle": "Fluxos da Home Validar redirecionamento para Google Play",
              "timedOut": null,
              "duration": 1077,
              "state": "passed",
              "speed": "fast",
              "pass": true,
              "fail": false,
              "pending": false,
              "context": null,
              "code": "home.acessarSite();\nhome.aceitarCookiesSeExistirem();\nhome.validarBotaoGooglePlay();",
              "err": {},
              "uuid": "6071001b-d10a-4a9f-b6ce-b78c5fa996a3",
              "parentUUID": "a463cb77-08ee-40b1-9cde-b744c8aff76f",
              "isHook": false,
              "skipped": false
            },
            {
              "title": "Validar redirecionamento para App Store",
              "fullTitle": "Fluxos da Home Validar redirecionamento para App Store",
              "timedOut": null,
              "duration": 1025,
              "state": "passed",
              "speed": "fast",
              "pass": true,
              "fail": false,
              "pending": false,
              "context": null,
              "code": "home.acessarSite();\nhome.aceitarCookiesSeExistirem();\nhome.validarBotaoAppStore;",
              "err": {},
              "uuid": "9948035b-b75d-4164-9efb-69dd0438ea23",
              "parentUUID": "a463cb77-08ee-40b1-9cde-b744c8aff76f",
              "isHook": false,
              "skipped": false
            },
            {
              "title": "Erro ao inserir Cupom de Desconto",
              "fullTitle": "Fluxos da Home Erro ao inserir Cupom de Desconto",
              "timedOut": null,
              "duration": 5945,
              "state": "failed",
              "speed": null,
              "pass": false,
              "fail": true,
              "pending": false,
              "context": null,
              "code": "home.acessarSite();\nhome.acessarLogin();\nlogin.realizarLogin();\nhome.fecharAdicionarTelaInicio();\nhome.validarErroCupom();",
              "err": {
                "message": "CypressError: Timed out retrying after 4050ms: `cy.click()` failed because this element:\n\n`<button class=\"pwa-banner__close\" data-testid=\"pwa-close-icon\" dir=\"ltr\">...</button>`\n\nis being covered by another element:\n\n`<div class=\"gdpr-container svelte-lqj36j\">...</div>`\n\nFix this problem, or use {force: true} to disable error checking.\n\nhttps://on.cypress.io/element-cannot-be-interacted-with",
                "estack": "CypressError: Timed out retrying after 4050ms: `cy.click()` failed because this element:\n\n`<button class=\"pwa-banner__close\" data-testid=\"pwa-close-icon\" dir=\"ltr\">...</button>`\n\nis being covered by another element:\n\n`<div class=\"gdpr-container svelte-lqj36j\">...</div>`\n\nFix this problem, or use {force: true} to disable error checking.\n\nhttps://on.cypress.io/element-cannot-be-interacted-with\n    at ensureIsDescendent (https://store.pipastudios.com/__cypress/runner/cypress_runner.js:114387:68)\n    at ensureDescendents (https://store.pipastudios.com/__cypress/runner/cypress_runner.js:114438:5)\n    at ensureDescendentsAndScroll (https://store.pipastudios.com/__cypress/runner/cypress_runner.js:114444:14)\n    at ensureElIsNotCovered (https://store.pipastudios.com/__cypress/runner/cypress_runner.js:114575:5)\n    at runAllChecks (https://store.pipastudios.com/__cypress/runner/cypress_runner.js:114774:52)\n    at retryActionability (https://store.pipastudios.com/__cypress/runner/cypress_runner.js:114811:16)\n    at tryCatcher (https://store.pipastudios.com/__cypress/runner/cypress_runner.js:1777:23)\n    at Promise.attempt.Promise.try (https://store.pipastudios.com/__cypress/runner/cypress_runner.js:4285:29)\n    at whenStable (https://store.pipastudios.com/__cypress/runner/cypress_runner.js:147205:68)\n    at <unknown> (https://store.pipastudios.com/__cypress/runner/cypress_runner.js:147146:14)\n    at tryCatcher (https://store.pipastudios.com/__cypress/runner/cypress_runner.js:1777:23)\n    at Promise._settlePromiseFromHandler (https://store.pipastudios.com/__cypress/runner/cypress_runner.js:1489:31)\n    at Promise._settlePromise (https://store.pipastudios.com/__cypress/runner/cypress_runner.js:1546:18)\n    at Promise._settlePromise0 (https://store.pipastudios.com/__cypress/runner/cypress_runner.js:1591:10)\n    at Promise._settlePromises (https://store.pipastudios.com/__cypress/runner/cypress_runner.js:1671:18)\n    at Promise._fulfill (https://store.pipastudios.com/__cypress/runner/cypress_runner.js:1615:18)\n    at <unknown> (https://store.pipastudios.com/__cypress/runner/cypress_runner.js:5420:46)",
                "diff": null
              },
              "uuid": "77600e43-b99e-4913-9415-58cd66971232",
              "parentUUID": "a463cb77-08ee-40b1-9cde-b744c8aff76f",
              "isHook": false,
              "skipped": false
            },
            {
              "title": "Valida Cookies Essenciais e Lista em Central de Preferência de Privacidade",
              "fullTitle": "Fluxos da Home Valida Cookies Essenciais e Lista em Central de Preferência de Privacidade",
              "timedOut": null,
              "duration": 5705,
              "state": "failed",
              "speed": null,
              "pass": false,
              "fail": true,
              "pending": false,
              "context": null,
              "code": "home.acessarSite();\nhome.aceitarCookiesSeExistirem();\nhome.fecharAdicionarTelaInicio();\nhome.validarCentralPrivacidade();\nhome.validarCookiesEssenciais();\nhome.validarListaCookiesEssenciais();",
              "err": {
                "message": "CypressError: Timed out retrying after 4050ms: `cy.click()` failed because this element:\n\n`<button class=\"pwa-banner__close\" data-testid=\"pwa-close-icon\" dir=\"ltr\">...</button>`\n\nis being covered by another element:\n\n`<div class=\"gdpr-container svelte-lqj36j\">...</div>`\n\nFix this problem, or use {force: true} to disable error checking.\n\nhttps://on.cypress.io/element-cannot-be-interacted-with",
                "estack": "CypressError: Timed out retrying after 4050ms: `cy.click()` failed because this element:\n\n`<button class=\"pwa-banner__close\" data-testid=\"pwa-close-icon\" dir=\"ltr\">...</button>`\n\nis being covered by another element:\n\n`<div class=\"gdpr-container svelte-lqj36j\">...</div>`\n\nFix this problem, or use {force: true} to disable error checking.\n\nhttps://on.cypress.io/element-cannot-be-interacted-with\n    at ensureIsDescendent (https://store.pipastudios.com/__cypress/runner/cypress_runner.js:114387:68)\n    at ensureDescendents (https://store.pipastudios.com/__cypress/runner/cypress_runner.js:114438:5)\n    at ensureDescendentsAndScroll (https://store.pipastudios.com/__cypress/runner/cypress_runner.js:114444:14)\n    at ensureElIsNotCovered (https://store.pipastudios.com/__cypress/runner/cypress_runner.js:114575:5)\n    at runAllChecks (https://store.pipastudios.com/__cypress/runner/cypress_runner.js:114774:52)\n    at retryActionability (https://store.pipastudios.com/__cypress/runner/cypress_runner.js:114811:16)\n    at tryCatcher (https://store.pipastudios.com/__cypress/runner/cypress_runner.js:1777:23)\n    at Promise.attempt.Promise.try (https://store.pipastudios.com/__cypress/runner/cypress_runner.js:4285:29)\n    at whenStable (https://store.pipastudios.com/__cypress/runner/cypress_runner.js:147205:68)\n    at <unknown> (https://store.pipastudios.com/__cypress/runner/cypress_runner.js:147146:14)\n    at tryCatcher (https://store.pipastudios.com/__cypress/runner/cypress_runner.js:1777:23)\n    at Promise._settlePromiseFromHandler (https://store.pipastudios.com/__cypress/runner/cypress_runner.js:1489:31)\n    at Promise._settlePromise (https://store.pipastudios.com/__cypress/runner/cypress_runner.js:1546:18)\n    at Promise._settlePromise0 (https://store.pipastudios.com/__cypress/runner/cypress_runner.js:1591:10)\n    at Promise._settlePromises (https://store.pipastudios.com/__cypress/runner/cypress_runner.js:1671:18)\n    at Promise._fulfill (https://store.pipastudios.com/__cypress/runner/cypress_runner.js:1615:18)\n    at <unknown> (https://store.pipastudios.com/__cypress/runner/cypress_runner.js:5420:46)\nFrom Your Spec Code:\n    at Context.eval (webpack://praia-bingo/./cypress/PO/homePO.js:82:47)\n    at getRet (https://store.pipastudios.com/__cypress/runner/cypress_runner.js:120949:20)\n    at tryCatcher (https://store.pipastudios.com/__cypress/runner/cypress_runner.js:1777:23)\n    at Promise.attempt.Promise.try (https://store.pipastudios.com/__cypress/runner/cypress_runner.js:4285:29)\n    at Context.thenFn (https://store.pipastudios.com/__cypress/runner/cypress_runner.js:120960:66)\n    at Context.then (https://store.pipastudios.com/__cypress/runner/cypress_runner.js:121211:21)\n    at wrapped (https://store.pipastudios.com/__cypress/runner/cypress_runner.js:141532:19)",
                "diff": null
              },
              "uuid": "72aedfa8-5cc3-4fbe-963e-2ab918761d91",
              "parentUUID": "a463cb77-08ee-40b1-9cde-b744c8aff76f",
              "isHook": false,
              "skipped": false
            },
            {
              "title": "Valida Cookies Analíticos e Lista em Central de Preferência de Privacidade",
              "fullTitle": "Fluxos da Home Valida Cookies Analíticos e Lista em Central de Preferência de Privacidade",
              "timedOut": null,
              "duration": 5741,
              "state": "failed",
              "speed": null,
              "pass": false,
              "fail": true,
              "pending": false,
              "context": null,
              "code": "home.acessarSite();\nhome.aceitarCookiesSeExistirem();\nhome.fecharAdicionarTelaInicio();\nhome.validarCentralPrivacidade();\nhome.validarCookiesAnaliticos();\nhome.validarListaCookiesAnaliticos();",
              "err": {
                "message": "CypressError: Timed out retrying after 4050ms: `cy.click()` failed because this element:\n\n`<button class=\"pwa-banner__close\" data-testid=\"pwa-close-icon\" dir=\"ltr\">...</button>`\n\nis being covered by another element:\n\n`<div class=\"gdpr-container svelte-lqj36j\">...</div>`\n\nFix this problem, or use {force: true} to disable error checking.\n\nhttps://on.cypress.io/element-cannot-be-interacted-with",
                "estack": "CypressError: Timed out retrying after 4050ms: `cy.click()` failed because this element:\n\n`<button class=\"pwa-banner__close\" data-testid=\"pwa-close-icon\" dir=\"ltr\">...</button>`\n\nis being covered by another element:\n\n`<div class=\"gdpr-container svelte-lqj36j\">...</div>`\n\nFix this problem, or use {force: true} to disable error checking.\n\nhttps://on.cypress.io/element-cannot-be-interacted-with\n    at ensureIsDescendent (https://store.pipastudios.com/__cypress/runner/cypress_runner.js:114387:68)\n    at ensureDescendents (https://store.pipastudios.com/__cypress/runner/cypress_runner.js:114438:5)\n    at ensureDescendentsAndScroll (https://store.pipastudios.com/__cypress/runner/cypress_runner.js:114444:14)\n    at ensureElIsNotCovered (https://store.pipastudios.com/__cypress/runner/cypress_runner.js:114575:5)\n    at runAllChecks (https://store.pipastudios.com/__cypress/runner/cypress_runner.js:114774:52)\n    at retryActionability (https://store.pipastudios.com/__cypress/runner/cypress_runner.js:114811:16)\n    at tryCatcher (https://store.pipastudios.com/__cypress/runner/cypress_runner.js:1777:23)\n    at Promise.attempt.Promise.try (https://store.pipastudios.com/__cypress/runner/cypress_runner.js:4285:29)\n    at whenStable (https://store.pipastudios.com/__cypress/runner/cypress_runner.js:147205:68)\n    at <unknown> (https://store.pipastudios.com/__cypress/runner/cypress_runner.js:147146:14)\n    at tryCatcher (https://store.pipastudios.com/__cypress/runner/cypress_runner.js:1777:23)\n    at Promise._settlePromiseFromHandler (https://store.pipastudios.com/__cypress/runner/cypress_runner.js:1489:31)\n    at Promise._settlePromise (https://store.pipastudios.com/__cypress/runner/cypress_runner.js:1546:18)\n    at Promise._settlePromise0 (https://store.pipastudios.com/__cypress/runner/cypress_runner.js:1591:10)\n    at Promise._settlePromises (https://store.pipastudios.com/__cypress/runner/cypress_runner.js:1671:18)\n    at Promise._fulfill (https://store.pipastudios.com/__cypress/runner/cypress_runner.js:1615:18)\n    at <unknown> (https://store.pipastudios.com/__cypress/runner/cypress_runner.js:5420:46)\nFrom Your Spec Code:\n    at Context.eval (webpack://praia-bingo/./cypress/PO/homePO.js:82:47)\n    at getRet (https://store.pipastudios.com/__cypress/runner/cypress_runner.js:120949:20)\n    at tryCatcher (https://store.pipastudios.com/__cypress/runner/cypress_runner.js:1777:23)\n    at Promise.attempt.Promise.try (https://store.pipastudios.com/__cypress/runner/cypress_runner.js:4285:29)\n    at Context.thenFn (https://store.pipastudios.com/__cypress/runner/cypress_runner.js:120960:66)\n    at Context.then (https://store.pipastudios.com/__cypress/runner/cypress_runner.js:121211:21)\n    at wrapped (https://store.pipastudios.com/__cypress/runner/cypress_runner.js:141532:19)",
                "diff": null
              },
              "uuid": "96cae678-61cf-4ed0-a3fb-8bbadff56588",
              "parentUUID": "a463cb77-08ee-40b1-9cde-b744c8aff76f",
              "isHook": false,
              "skipped": false
            },
            {
              "title": "Valida Cookies Funcionais e Lista em Central de Preferência de Privacidade",
              "fullTitle": "Fluxos da Home Valida Cookies Funcionais e Lista em Central de Preferência de Privacidade",
              "timedOut": null,
              "duration": 5694,
              "state": "failed",
              "speed": null,
              "pass": false,
              "fail": true,
              "pending": false,
              "context": null,
              "code": "home.acessarSite();\nhome.aceitarCookiesSeExistirem();\nhome.fecharAdicionarTelaInicio();\nhome.validarCentralPrivacidade();\nhome.validarListaCookiesFuncionais();\nhome.validarListaCookiesFuncionais();",
              "err": {
                "message": "CypressError: Timed out retrying after 4050ms: `cy.click()` failed because this element:\n\n`<button class=\"pwa-banner__close\" data-testid=\"pwa-close-icon\" dir=\"ltr\">...</button>`\n\nis being covered by another element:\n\n`<div class=\"gdpr-container svelte-lqj36j\">...</div>`\n\nFix this problem, or use {force: true} to disable error checking.\n\nhttps://on.cypress.io/element-cannot-be-interacted-with",
                "estack": "CypressError: Timed out retrying after 4050ms: `cy.click()` failed because this element:\n\n`<button class=\"pwa-banner__close\" data-testid=\"pwa-close-icon\" dir=\"ltr\">...</button>`\n\nis being covered by another element:\n\n`<div class=\"gdpr-container svelte-lqj36j\">...</div>`\n\nFix this problem, or use {force: true} to disable error checking.\n\nhttps://on.cypress.io/element-cannot-be-interacted-with\n    at ensureIsDescendent (https://store.pipastudios.com/__cypress/runner/cypress_runner.js:114387:68)\n    at ensureDescendents (https://store.pipastudios.com/__cypress/runner/cypress_runner.js:114438:5)\n    at ensureDescendentsAndScroll (https://store.pipastudios.com/__cypress/runner/cypress_runner.js:114444:14)\n    at ensureElIsNotCovered (https://store.pipastudios.com/__cypress/runner/cypress_runner.js:114575:5)\n    at runAllChecks (https://store.pipastudios.com/__cypress/runner/cypress_runner.js:114774:52)\n    at retryActionability (https://store.pipastudios.com/__cypress/runner/cypress_runner.js:114811:16)\n    at tryCatcher (https://store.pipastudios.com/__cypress/runner/cypress_runner.js:1777:23)\n    at Promise.attempt.Promise.try (https://store.pipastudios.com/__cypress/runner/cypress_runner.js:4285:29)\n    at whenStable (https://store.pipastudios.com/__cypress/runner/cypress_runner.js:147205:68)\n    at <unknown> (https://store.pipastudios.com/__cypress/runner/cypress_runner.js:147146:14)\n    at tryCatcher (https://store.pipastudios.com/__cypress/runner/cypress_runner.js:1777:23)\n    at Promise._settlePromiseFromHandler (https://store.pipastudios.com/__cypress/runner/cypress_runner.js:1489:31)\n    at Promise._settlePromise (https://store.pipastudios.com/__cypress/runner/cypress_runner.js:1546:18)\n    at Promise._settlePromise0 (https://store.pipastudios.com/__cypress/runner/cypress_runner.js:1591:10)\n    at Promise._settlePromises (https://store.pipastudios.com/__cypress/runner/cypress_runner.js:1671:18)\n    at Promise._fulfill (https://store.pipastudios.com/__cypress/runner/cypress_runner.js:1615:18)\n    at <unknown> (https://store.pipastudios.com/__cypress/runner/cypress_runner.js:5420:46)\nFrom Your Spec Code:\n    at Context.eval (webpack://praia-bingo/./cypress/PO/homePO.js:82:47)\n    at getRet (https://store.pipastudios.com/__cypress/runner/cypress_runner.js:120949:20)\n    at tryCatcher (https://store.pipastudios.com/__cypress/runner/cypress_runner.js:1777:23)\n    at Promise.attempt.Promise.try (https://store.pipastudios.com/__cypress/runner/cypress_runner.js:4285:29)\n    at Context.thenFn (https://store.pipastudios.com/__cypress/runner/cypress_runner.js:120960:66)\n    at Context.then (https://store.pipastudios.com/__cypress/runner/cypress_runner.js:121211:21)\n    at wrapped (https://store.pipastudios.com/__cypress/runner/cypress_runner.js:141532:19)",
                "diff": null
              },
              "uuid": "bbe58134-aa8e-4b4a-9496-743f27162523",
              "parentUUID": "a463cb77-08ee-40b1-9cde-b744c8aff76f",
              "isHook": false,
              "skipped": false
            },
            {
              "title": "Valida Cookies de Personalização e Lista em Central de Preferência de Privacidade",
              "fullTitle": "Fluxos da Home Valida Cookies de Personalização e Lista em Central de Preferência de Privacidade",
              "timedOut": null,
              "duration": 6011,
              "state": "failed",
              "speed": null,
              "pass": false,
              "fail": true,
              "pending": false,
              "context": null,
              "code": "home.acessarSite();\nhome.aceitarCookiesSeExistirem();\nhome.fecharAdicionarTelaInicio();\nhome.validarCentralPrivacidade();\nhome.validarCookiesPersonalizacao();\nhome.validarListaCookiesPersonalizacao();",
              "err": {
                "message": "CypressError: Timed out retrying after 4050ms: `cy.click()` failed because this element:\n\n`<button class=\"pwa-banner__close\" data-testid=\"pwa-close-icon\" dir=\"ltr\">...</button>`\n\nis being covered by another element:\n\n`<div class=\"gdpr-container svelte-lqj36j\">...</div>`\n\nFix this problem, or use {force: true} to disable error checking.\n\nhttps://on.cypress.io/element-cannot-be-interacted-with",
                "estack": "CypressError: Timed out retrying after 4050ms: `cy.click()` failed because this element:\n\n`<button class=\"pwa-banner__close\" data-testid=\"pwa-close-icon\" dir=\"ltr\">...</button>`\n\nis being covered by another element:\n\n`<div class=\"gdpr-container svelte-lqj36j\">...</div>`\n\nFix this problem, or use {force: true} to disable error checking.\n\nhttps://on.cypress.io/element-cannot-be-interacted-with\n    at ensureIsDescendent (https://store.pipastudios.com/__cypress/runner/cypress_runner.js:114387:68)\n    at ensureDescendents (https://store.pipastudios.com/__cypress/runner/cypress_runner.js:114438:5)\n    at ensureDescendentsAndScroll (https://store.pipastudios.com/__cypress/runner/cypress_runner.js:114444:14)\n    at ensureElIsNotCovered (https://store.pipastudios.com/__cypress/runner/cypress_runner.js:114575:5)\n    at runAllChecks (https://store.pipastudios.com/__cypress/runner/cypress_runner.js:114774:52)\n    at retryActionability (https://store.pipastudios.com/__cypress/runner/cypress_runner.js:114811:16)\n    at tryCatcher (https://store.pipastudios.com/__cypress/runner/cypress_runner.js:1777:23)\n    at Promise.attempt.Promise.try (https://store.pipastudios.com/__cypress/runner/cypress_runner.js:4285:29)\n    at whenStable (https://store.pipastudios.com/__cypress/runner/cypress_runner.js:147205:68)\n    at <unknown> (https://store.pipastudios.com/__cypress/runner/cypress_runner.js:147146:14)\n    at tryCatcher (https://store.pipastudios.com/__cypress/runner/cypress_runner.js:1777:23)\n    at Promise._settlePromiseFromHandler (https://store.pipastudios.com/__cypress/runner/cypress_runner.js:1489:31)\n    at Promise._settlePromise (https://store.pipastudios.com/__cypress/runner/cypress_runner.js:1546:18)\n    at Promise._settlePromise0 (https://store.pipastudios.com/__cypress/runner/cypress_runner.js:1591:10)\n    at Promise._settlePromises (https://store.pipastudios.com/__cypress/runner/cypress_runner.js:1671:18)\n    at Promise._fulfill (https://store.pipastudios.com/__cypress/runner/cypress_runner.js:1615:18)\n    at <unknown> (https://store.pipastudios.com/__cypress/runner/cypress_runner.js:5420:46)\nFrom Your Spec Code:\n    at Context.eval (webpack://praia-bingo/./cypress/PO/homePO.js:82:47)\n    at getRet (https://store.pipastudios.com/__cypress/runner/cypress_runner.js:120949:20)\n    at tryCatcher (https://store.pipastudios.com/__cypress/runner/cypress_runner.js:1777:23)\n    at Promise.attempt.Promise.try (https://store.pipastudios.com/__cypress/runner/cypress_runner.js:4285:29)\n    at Context.thenFn (https://store.pipastudios.com/__cypress/runner/cypress_runner.js:120960:66)\n    at Context.then (https://store.pipastudios.com/__cypress/runner/cypress_runner.js:121211:21)\n    at wrapped (https://store.pipastudios.com/__cypress/runner/cypress_runner.js:141532:19)",
                "diff": null
              },
              "uuid": "92723043-04b6-4a2d-b900-402dcc08f05e",
              "parentUUID": "a463cb77-08ee-40b1-9cde-b744c8aff76f",
              "isHook": false,
              "skipped": false
            },
            {
              "title": "Valida Política de Cookies em Central de Preferência e Privacidade",
              "fullTitle": "Fluxos da Home Valida Política de Cookies em Central de Preferência e Privacidade",
              "timedOut": null,
              "duration": 6197,
              "state": "failed",
              "speed": null,
              "pass": false,
              "fail": true,
              "pending": false,
              "context": null,
              "code": "home.acessarSite();\nhome.aceitarCookiesSeExistirem();\nhome.fecharAdicionarTelaInicio();\nhome.validarCentralPrivacidade();\nhome.validarPoliticaCookies();",
              "err": {
                "message": "CypressError: Timed out retrying after 4050ms: `cy.click()` failed because this element:\n\n`<button class=\"pwa-banner__close\" data-testid=\"pwa-close-icon\" dir=\"ltr\">...</button>`\n\nis being covered by another element:\n\n`<div class=\"gdpr-container svelte-lqj36j\">...</div>`\n\nFix this problem, or use {force: true} to disable error checking.\n\nhttps://on.cypress.io/element-cannot-be-interacted-with",
                "estack": "CypressError: Timed out retrying after 4050ms: `cy.click()` failed because this element:\n\n`<button class=\"pwa-banner__close\" data-testid=\"pwa-close-icon\" dir=\"ltr\">...</button>`\n\nis being covered by another element:\n\n`<div class=\"gdpr-container svelte-lqj36j\">...</div>`\n\nFix this problem, or use {force: true} to disable error checking.\n\nhttps://on.cypress.io/element-cannot-be-interacted-with\n    at ensureIsDescendent (https://store.pipastudios.com/__cypress/runner/cypress_runner.js:114387:68)\n    at ensureDescendents (https://store.pipastudios.com/__cypress/runner/cypress_runner.js:114438:5)\n    at ensureDescendentsAndScroll (https://store.pipastudios.com/__cypress/runner/cypress_runner.js:114444:14)\n    at ensureElIsNotCovered (https://store.pipastudios.com/__cypress/runner/cypress_runner.js:114575:5)\n    at runAllChecks (https://store.pipastudios.com/__cypress/runner/cypress_runner.js:114774:52)\n    at retryActionability (https://store.pipastudios.com/__cypress/runner/cypress_runner.js:114811:16)\n    at tryCatcher (https://store.pipastudios.com/__cypress/runner/cypress_runner.js:1777:23)\n    at Promise.attempt.Promise.try (https://store.pipastudios.com/__cypress/runner/cypress_runner.js:4285:29)\n    at whenStable (https://store.pipastudios.com/__cypress/runner/cypress_runner.js:147205:68)\n    at <unknown> (https://store.pipastudios.com/__cypress/runner/cypress_runner.js:147146:14)\n    at tryCatcher (https://store.pipastudios.com/__cypress/runner/cypress_runner.js:1777:23)\n    at Promise._settlePromiseFromHandler (https://store.pipastudios.com/__cypress/runner/cypress_runner.js:1489:31)\n    at Promise._settlePromise (https://store.pipastudios.com/__cypress/runner/cypress_runner.js:1546:18)\n    at Promise._settlePromise0 (https://store.pipastudios.com/__cypress/runner/cypress_runner.js:1591:10)\n    at Promise._settlePromises (https://store.pipastudios.com/__cypress/runner/cypress_runner.js:1671:18)\n    at Promise._fulfill (https://store.pipastudios.com/__cypress/runner/cypress_runner.js:1615:18)\n    at <unknown> (https://store.pipastudios.com/__cypress/runner/cypress_runner.js:5420:46)\nFrom Your Spec Code:\n    at Context.eval (webpack://praia-bingo/./cypress/PO/homePO.js:82:47)\n    at getRet (https://store.pipastudios.com/__cypress/runner/cypress_runner.js:120949:20)\n    at tryCatcher (https://store.pipastudios.com/__cypress/runner/cypress_runner.js:1777:23)\n    at Promise.attempt.Promise.try (https://store.pipastudios.com/__cypress/runner/cypress_runner.js:4285:29)\n    at Context.thenFn (https://store.pipastudios.com/__cypress/runner/cypress_runner.js:120960:66)\n    at Context.then (https://store.pipastudios.com/__cypress/runner/cypress_runner.js:121211:21)\n    at wrapped (https://store.pipastudios.com/__cypress/runner/cypress_runner.js:141532:19)",
                "diff": null
              },
              "uuid": "be9afea2-4b5a-4684-97f0-229b08d2cd90",
              "parentUUID": "a463cb77-08ee-40b1-9cde-b744c8aff76f",
              "isHook": false,
              "skipped": false
            },
            {
              "title": "Valida Política de Privacidade em Central de Preferência e Privacidade",
              "fullTitle": "Fluxos da Home Valida Política de Privacidade em Central de Preferência e Privacidade",
              "timedOut": null,
              "duration": 5839,
              "state": "failed",
              "speed": null,
              "pass": false,
              "fail": true,
              "pending": false,
              "context": null,
              "code": "home.acessarSite();\nhome.aceitarCookiesSeExistirem();\nhome.fecharAdicionarTelaInicio();\nhome.validarCentralPrivacidade();\nhome.validarPoliticaPrivacidade;",
              "err": {
                "message": "CypressError: Timed out retrying after 4050ms: `cy.click()` failed because this element:\n\n`<button class=\"pwa-banner__close\" data-testid=\"pwa-close-icon\" dir=\"ltr\">...</button>`\n\nis being covered by another element:\n\n`<div class=\"gdpr-container svelte-lqj36j\">...</div>`\n\nFix this problem, or use {force: true} to disable error checking.\n\nhttps://on.cypress.io/element-cannot-be-interacted-with",
                "estack": "CypressError: Timed out retrying after 4050ms: `cy.click()` failed because this element:\n\n`<button class=\"pwa-banner__close\" data-testid=\"pwa-close-icon\" dir=\"ltr\">...</button>`\n\nis being covered by another element:\n\n`<div class=\"gdpr-container svelte-lqj36j\">...</div>`\n\nFix this problem, or use {force: true} to disable error checking.\n\nhttps://on.cypress.io/element-cannot-be-interacted-with\n    at ensureIsDescendent (https://store.pipastudios.com/__cypress/runner/cypress_runner.js:114387:68)\n    at ensureDescendents (https://store.pipastudios.com/__cypress/runner/cypress_runner.js:114438:5)\n    at ensureDescendentsAndScroll (https://store.pipastudios.com/__cypress/runner/cypress_runner.js:114444:14)\n    at ensureElIsNotCovered (https://store.pipastudios.com/__cypress/runner/cypress_runner.js:114575:5)\n    at runAllChecks (https://store.pipastudios.com/__cypress/runner/cypress_runner.js:114774:52)\n    at retryActionability (https://store.pipastudios.com/__cypress/runner/cypress_runner.js:114811:16)\n    at tryCatcher (https://store.pipastudios.com/__cypress/runner/cypress_runner.js:1777:23)\n    at Promise.attempt.Promise.try (https://store.pipastudios.com/__cypress/runner/cypress_runner.js:4285:29)\n    at whenStable (https://store.pipastudios.com/__cypress/runner/cypress_runner.js:147205:68)\n    at <unknown> (https://store.pipastudios.com/__cypress/runner/cypress_runner.js:147146:14)\n    at tryCatcher (https://store.pipastudios.com/__cypress/runner/cypress_runner.js:1777:23)\n    at Promise._settlePromiseFromHandler (https://store.pipastudios.com/__cypress/runner/cypress_runner.js:1489:31)\n    at Promise._settlePromise (https://store.pipastudios.com/__cypress/runner/cypress_runner.js:1546:18)\n    at Promise._settlePromise0 (https://store.pipastudios.com/__cypress/runner/cypress_runner.js:1591:10)\n    at Promise._settlePromises (https://store.pipastudios.com/__cypress/runner/cypress_runner.js:1671:18)\n    at Promise._fulfill (https://store.pipastudios.com/__cypress/runner/cypress_runner.js:1615:18)\n    at <unknown> (https://store.pipastudios.com/__cypress/runner/cypress_runner.js:5420:46)\nFrom Your Spec Code:\n    at Context.eval (webpack://praia-bingo/./cypress/PO/homePO.js:82:47)\n    at getRet (https://store.pipastudios.com/__cypress/runner/cypress_runner.js:120949:20)\n    at tryCatcher (https://store.pipastudios.com/__cypress/runner/cypress_runner.js:1777:23)\n    at Promise.attempt.Promise.try (https://store.pipastudios.com/__cypress/runner/cypress_runner.js:4285:29)\n    at Context.thenFn (https://store.pipastudios.com/__cypress/runner/cypress_runner.js:120960:66)\n    at Context.then (https://store.pipastudios.com/__cypress/runner/cypress_runner.js:121211:21)\n    at wrapped (https://store.pipastudios.com/__cypress/runner/cypress_runner.js:141532:19)",
                "diff": null
              },
              "uuid": "a0968ea3-82ed-4fb2-9156-d04601e67d74",
              "parentUUID": "a463cb77-08ee-40b1-9cde-b744c8aff76f",
              "isHook": false,
              "skipped": false
            },
            {
              "title": "Valida botão Fechar em Central de Preferência e Privacidade",
              "fullTitle": "Fluxos da Home Valida botão Fechar em Central de Preferência e Privacidade",
              "timedOut": null,
              "duration": 5830,
              "state": "failed",
              "speed": null,
              "pass": false,
              "fail": true,
              "pending": false,
              "context": null,
              "code": "home.acessarSite();\nhome.aceitarCookiesSeExistirem();\nhome.fecharAdicionarTelaInicio();\nhome.validarCentralPrivacidade();\nhome.validarFecharCentral();",
              "err": {
                "message": "CypressError: Timed out retrying after 4050ms: `cy.click()` failed because this element:\n\n`<button class=\"pwa-banner__close\" data-testid=\"pwa-close-icon\" dir=\"ltr\">...</button>`\n\nis being covered by another element:\n\n`<div class=\"gdpr-container svelte-lqj36j\">...</div>`\n\nFix this problem, or use {force: true} to disable error checking.\n\nhttps://on.cypress.io/element-cannot-be-interacted-with",
                "estack": "CypressError: Timed out retrying after 4050ms: `cy.click()` failed because this element:\n\n`<button class=\"pwa-banner__close\" data-testid=\"pwa-close-icon\" dir=\"ltr\">...</button>`\n\nis being covered by another element:\n\n`<div class=\"gdpr-container svelte-lqj36j\">...</div>`\n\nFix this problem, or use {force: true} to disable error checking.\n\nhttps://on.cypress.io/element-cannot-be-interacted-with\n    at ensureIsDescendent (https://store.pipastudios.com/__cypress/runner/cypress_runner.js:114387:68)\n    at ensureDescendents (https://store.pipastudios.com/__cypress/runner/cypress_runner.js:114438:5)\n    at ensureDescendentsAndScroll (https://store.pipastudios.com/__cypress/runner/cypress_runner.js:114444:14)\n    at ensureElIsNotCovered (https://store.pipastudios.com/__cypress/runner/cypress_runner.js:114575:5)\n    at runAllChecks (https://store.pipastudios.com/__cypress/runner/cypress_runner.js:114774:52)\n    at retryActionability (https://store.pipastudios.com/__cypress/runner/cypress_runner.js:114811:16)\n    at tryCatcher (https://store.pipastudios.com/__cypress/runner/cypress_runner.js:1777:23)\n    at Promise.attempt.Promise.try (https://store.pipastudios.com/__cypress/runner/cypress_runner.js:4285:29)\n    at whenStable (https://store.pipastudios.com/__cypress/runner/cypress_runner.js:147205:68)\n    at <unknown> (https://store.pipastudios.com/__cypress/runner/cypress_runner.js:147146:14)\n    at tryCatcher (https://store.pipastudios.com/__cypress/runner/cypress_runner.js:1777:23)\n    at Promise._settlePromiseFromHandler (https://store.pipastudios.com/__cypress/runner/cypress_runner.js:1489:31)\n    at Promise._settlePromise (https://store.pipastudios.com/__cypress/runner/cypress_runner.js:1546:18)\n    at Promise._settlePromise0 (https://store.pipastudios.com/__cypress/runner/cypress_runner.js:1591:10)\n    at Promise._settlePromises (https://store.pipastudios.com/__cypress/runner/cypress_runner.js:1671:18)\n    at Promise._fulfill (https://store.pipastudios.com/__cypress/runner/cypress_runner.js:1615:18)\n    at <unknown> (https://store.pipastudios.com/__cypress/runner/cypress_runner.js:5420:46)\nFrom Your Spec Code:\n    at Context.eval (webpack://praia-bingo/./cypress/PO/homePO.js:82:47)\n    at getRet (https://store.pipastudios.com/__cypress/runner/cypress_runner.js:120949:20)\n    at tryCatcher (https://store.pipastudios.com/__cypress/runner/cypress_runner.js:1777:23)\n    at Promise.attempt.Promise.try (https://store.pipastudios.com/__cypress/runner/cypress_runner.js:4285:29)\n    at Context.thenFn (https://store.pipastudios.com/__cypress/runner/cypress_runner.js:120960:66)\n    at Context.then (https://store.pipastudios.com/__cypress/runner/cypress_runner.js:121211:21)\n    at wrapped (https://store.pipastudios.com/__cypress/runner/cypress_runner.js:141532:19)",
                "diff": null
              },
              "uuid": "50456543-2092-4493-a780-05ef2c30c2d9",
              "parentUUID": "a463cb77-08ee-40b1-9cde-b744c8aff76f",
              "isHook": false,
              "skipped": false
            },
            {
              "title": "Valida botão Aceitar Tudo em Central de Preferência e Privacidade",
              "fullTitle": "Fluxos da Home Valida botão Aceitar Tudo em Central de Preferência e Privacidade",
              "timedOut": null,
              "duration": 5841,
              "state": "failed",
              "speed": null,
              "pass": false,
              "fail": true,
              "pending": false,
              "context": null,
              "code": "home.acessarSite();\nhome.aceitarCookiesSeExistirem();\nhome.fecharAdicionarTelaInicio();\nhome.validarCentralPrivacidade();\nhome.validarAceitarTudo();",
              "err": {
                "message": "CypressError: Timed out retrying after 4050ms: `cy.click()` failed because this element:\n\n`<button class=\"pwa-banner__close\" data-testid=\"pwa-close-icon\" dir=\"ltr\">...</button>`\n\nis being covered by another element:\n\n`<div class=\"gdpr-container svelte-lqj36j\">...</div>`\n\nFix this problem, or use {force: true} to disable error checking.\n\nhttps://on.cypress.io/element-cannot-be-interacted-with",
                "estack": "CypressError: Timed out retrying after 4050ms: `cy.click()` failed because this element:\n\n`<button class=\"pwa-banner__close\" data-testid=\"pwa-close-icon\" dir=\"ltr\">...</button>`\n\nis being covered by another element:\n\n`<div class=\"gdpr-container svelte-lqj36j\">...</div>`\n\nFix this problem, or use {force: true} to disable error checking.\n\nhttps://on.cypress.io/element-cannot-be-interacted-with\n    at ensureIsDescendent (https://store.pipastudios.com/__cypress/runner/cypress_runner.js:114387:68)\n    at ensureDescendents (https://store.pipastudios.com/__cypress/runner/cypress_runner.js:114438:5)\n    at ensureDescendentsAndScroll (https://store.pipastudios.com/__cypress/runner/cypress_runner.js:114444:14)\n    at ensureElIsNotCovered (https://store.pipastudios.com/__cypress/runner/cypress_runner.js:114575:5)\n    at runAllChecks (https://store.pipastudios.com/__cypress/runner/cypress_runner.js:114774:52)\n    at retryActionability (https://store.pipastudios.com/__cypress/runner/cypress_runner.js:114811:16)\n    at tryCatcher (https://store.pipastudios.com/__cypress/runner/cypress_runner.js:1777:23)\n    at Promise.attempt.Promise.try (https://store.pipastudios.com/__cypress/runner/cypress_runner.js:4285:29)\n    at whenStable (https://store.pipastudios.com/__cypress/runner/cypress_runner.js:147205:68)\n    at <unknown> (https://store.pipastudios.com/__cypress/runner/cypress_runner.js:147146:14)\n    at tryCatcher (https://store.pipastudios.com/__cypress/runner/cypress_runner.js:1777:23)\n    at Promise._settlePromiseFromHandler (https://store.pipastudios.com/__cypress/runner/cypress_runner.js:1489:31)\n    at Promise._settlePromise (https://store.pipastudios.com/__cypress/runner/cypress_runner.js:1546:18)\n    at Promise._settlePromise0 (https://store.pipastudios.com/__cypress/runner/cypress_runner.js:1591:10)\n    at Promise._settlePromises (https://store.pipastudios.com/__cypress/runner/cypress_runner.js:1671:18)\n    at Promise._fulfill (https://store.pipastudios.com/__cypress/runner/cypress_runner.js:1615:18)\n    at <unknown> (https://store.pipastudios.com/__cypress/runner/cypress_runner.js:5420:46)\nFrom Your Spec Code:\n    at Context.eval (webpack://praia-bingo/./cypress/PO/homePO.js:82:47)\n    at getRet (https://store.pipastudios.com/__cypress/runner/cypress_runner.js:120949:20)\n    at tryCatcher (https://store.pipastudios.com/__cypress/runner/cypress_runner.js:1777:23)\n    at Promise.attempt.Promise.try (https://store.pipastudios.com/__cypress/runner/cypress_runner.js:4285:29)\n    at Context.thenFn (https://store.pipastudios.com/__cypress/runner/cypress_runner.js:120960:66)\n    at Context.then (https://store.pipastudios.com/__cypress/runner/cypress_runner.js:121211:21)\n    at wrapped (https://store.pipastudios.com/__cypress/runner/cypress_runner.js:141532:19)",
                "diff": null
              },
              "uuid": "bfe524c9-73f8-4b3e-a121-ba0399b43450",
              "parentUUID": "a463cb77-08ee-40b1-9cde-b744c8aff76f",
              "isHook": false,
              "skipped": false
            },
            {
              "title": "Valida botão Rejeitar Tudo em Central de Preferência e Privacidade",
              "fullTitle": "Fluxos da Home Valida botão Rejeitar Tudo em Central de Preferência e Privacidade",
              "timedOut": null,
              "duration": 5807,
              "state": "failed",
              "speed": null,
              "pass": false,
              "fail": true,
              "pending": false,
              "context": null,
              "code": "home.acessarSite();\nhome.aceitarCookiesSeExistirem();\nhome.fecharAdicionarTelaInicio();\nhome.validarCentralPrivacidade();\nhome.validarRejeitarTudo();",
              "err": {
                "message": "CypressError: Timed out retrying after 4050ms: `cy.click()` failed because this element:\n\n`<button class=\"pwa-banner__close\" data-testid=\"pwa-close-icon\" dir=\"ltr\">...</button>`\n\nis being covered by another element:\n\n`<div class=\"gdpr-container svelte-lqj36j\">...</div>`\n\nFix this problem, or use {force: true} to disable error checking.\n\nhttps://on.cypress.io/element-cannot-be-interacted-with",
                "estack": "CypressError: Timed out retrying after 4050ms: `cy.click()` failed because this element:\n\n`<button class=\"pwa-banner__close\" data-testid=\"pwa-close-icon\" dir=\"ltr\">...</button>`\n\nis being covered by another element:\n\n`<div class=\"gdpr-container svelte-lqj36j\">...</div>`\n\nFix this problem, or use {force: true} to disable error checking.\n\nhttps://on.cypress.io/element-cannot-be-interacted-with\n    at ensureIsDescendent (https://store.pipastudios.com/__cypress/runner/cypress_runner.js:114387:68)\n    at ensureDescendents (https://store.pipastudios.com/__cypress/runner/cypress_runner.js:114438:5)\n    at ensureDescendentsAndScroll (https://store.pipastudios.com/__cypress/runner/cypress_runner.js:114444:14)\n    at ensureElIsNotCovered (https://store.pipastudios.com/__cypress/runner/cypress_runner.js:114575:5)\n    at runAllChecks (https://store.pipastudios.com/__cypress/runner/cypress_runner.js:114774:52)\n    at retryActionability (https://store.pipastudios.com/__cypress/runner/cypress_runner.js:114811:16)\n    at tryCatcher (https://store.pipastudios.com/__cypress/runner/cypress_runner.js:1777:23)\n    at Promise.attempt.Promise.try (https://store.pipastudios.com/__cypress/runner/cypress_runner.js:4285:29)\n    at whenStable (https://store.pipastudios.com/__cypress/runner/cypress_runner.js:147205:68)\n    at <unknown> (https://store.pipastudios.com/__cypress/runner/cypress_runner.js:147146:14)\n    at tryCatcher (https://store.pipastudios.com/__cypress/runner/cypress_runner.js:1777:23)\n    at Promise._settlePromiseFromHandler (https://store.pipastudios.com/__cypress/runner/cypress_runner.js:1489:31)\n    at Promise._settlePromise (https://store.pipastudios.com/__cypress/runner/cypress_runner.js:1546:18)\n    at Promise._settlePromise0 (https://store.pipastudios.com/__cypress/runner/cypress_runner.js:1591:10)\n    at Promise._settlePromises (https://store.pipastudios.com/__cypress/runner/cypress_runner.js:1671:18)\n    at Promise._fulfill (https://store.pipastudios.com/__cypress/runner/cypress_runner.js:1615:18)\n    at <unknown> (https://store.pipastudios.com/__cypress/runner/cypress_runner.js:5420:46)\nFrom Your Spec Code:\n    at Context.eval (webpack://praia-bingo/./cypress/PO/homePO.js:82:47)\n    at getRet (https://store.pipastudios.com/__cypress/runner/cypress_runner.js:120949:20)\n    at tryCatcher (https://store.pipastudios.com/__cypress/runner/cypress_runner.js:1777:23)\n    at Promise.attempt.Promise.try (https://store.pipastudios.com/__cypress/runner/cypress_runner.js:4285:29)\n    at Context.thenFn (https://store.pipastudios.com/__cypress/runner/cypress_runner.js:120960:66)\n    at Context.then (https://store.pipastudios.com/__cypress/runner/cypress_runner.js:121211:21)\n    at wrapped (https://store.pipastudios.com/__cypress/runner/cypress_runner.js:141532:19)",
                "diff": null
              },
              "uuid": "2bb0693b-025c-4a64-b11a-5a1886470cd3",
              "parentUUID": "a463cb77-08ee-40b1-9cde-b744c8aff76f",
              "isHook": false,
              "skipped": false
            },
            {
              "title": "Valida perguntas em Precisa de Ajuda?",
              "fullTitle": "Fluxos da Home Valida perguntas em Precisa de Ajuda?",
              "timedOut": null,
              "duration": 5840,
              "state": "failed",
              "speed": null,
              "pass": false,
              "fail": true,
              "pending": false,
              "context": null,
              "code": "home.acessarSite();\nhome.aceitarCookiesSeExistirem();\nhome.fecharAdicionarTelaInicio();\nhome.validarPerguntar('Posso usar os itens que compro na Loja Web no jogo Praia Bingo?');\nhome.validarPerguntar('Quanto tempo demora para liberar no Praia Bingo os itens que comprei aqui na loja?');\nhome.validarPerguntar('Só posso comprar se informar meu ID?');\nhome.validarPerguntar('Onde encontro meu ID Praia Bingo?');\nhome.validarPerguntar('Meu ID não está funcionando.');\nhome.validarPerguntar('Quais são os métodos de pagamento suportados na loja? ');\nhome.validarPerguntar('Como adicionar e salvar um método de pagamento? ');\nhome.validarPerguntar('Não consigo concluir a compra porque aparece “as informações do cartão de crédito/débito não são válidas\". ');\nhome.validarPerguntar('Não vejo meu produto comprado no jogo. ');\nhome.validarPerguntar('Comprei itens para a conta de jogo errada.');\nhome.validarPerguntar('Recebi menos itens no jogo do que comprei no site. ');",
              "err": {
                "message": "CypressError: Timed out retrying after 4050ms: `cy.click()` failed because this element:\n\n`<button class=\"pwa-banner__close\" data-testid=\"pwa-close-icon\" dir=\"ltr\">...</button>`\n\nis being covered by another element:\n\n`<div class=\"gdpr-container svelte-lqj36j\">...</div>`\n\nFix this problem, or use {force: true} to disable error checking.\n\nhttps://on.cypress.io/element-cannot-be-interacted-with",
                "estack": "CypressError: Timed out retrying after 4050ms: `cy.click()` failed because this element:\n\n`<button class=\"pwa-banner__close\" data-testid=\"pwa-close-icon\" dir=\"ltr\">...</button>`\n\nis being covered by another element:\n\n`<div class=\"gdpr-container svelte-lqj36j\">...</div>`\n\nFix this problem, or use {force: true} to disable error checking.\n\nhttps://on.cypress.io/element-cannot-be-interacted-with\n    at ensureIsDescendent (https://store.pipastudios.com/__cypress/runner/cypress_runner.js:114387:68)\n    at ensureDescendents (https://store.pipastudios.com/__cypress/runner/cypress_runner.js:114438:5)\n    at ensureDescendentsAndScroll (https://store.pipastudios.com/__cypress/runner/cypress_runner.js:114444:14)\n    at ensureElIsNotCovered (https://store.pipastudios.com/__cypress/runner/cypress_runner.js:114575:5)\n    at runAllChecks (https://store.pipastudios.com/__cypress/runner/cypress_runner.js:114774:52)\n    at retryActionability (https://store.pipastudios.com/__cypress/runner/cypress_runner.js:114811:16)\n    at tryCatcher (https://store.pipastudios.com/__cypress/runner/cypress_runner.js:1777:23)\n    at Promise.attempt.Promise.try (https://store.pipastudios.com/__cypress/runner/cypress_runner.js:4285:29)\n    at whenStable (https://store.pipastudios.com/__cypress/runner/cypress_runner.js:147205:68)\n    at <unknown> (https://store.pipastudios.com/__cypress/runner/cypress_runner.js:147146:14)\n    at tryCatcher (https://store.pipastudios.com/__cypress/runner/cypress_runner.js:1777:23)\n    at Promise._settlePromiseFromHandler (https://store.pipastudios.com/__cypress/runner/cypress_runner.js:1489:31)\n    at Promise._settlePromise (https://store.pipastudios.com/__cypress/runner/cypress_runner.js:1546:18)\n    at Promise._settlePromise0 (https://store.pipastudios.com/__cypress/runner/cypress_runner.js:1591:10)\n    at Promise._settlePromises (https://store.pipastudios.com/__cypress/runner/cypress_runner.js:1671:18)\n    at Promise._fulfill (https://store.pipastudios.com/__cypress/runner/cypress_runner.js:1615:18)\n    at <unknown> (https://store.pipastudios.com/__cypress/runner/cypress_runner.js:5420:46)\nFrom Your Spec Code:\n    at Context.eval (webpack://praia-bingo/./cypress/PO/homePO.js:82:47)\n    at getRet (https://store.pipastudios.com/__cypress/runner/cypress_runner.js:120949:20)\n    at tryCatcher (https://store.pipastudios.com/__cypress/runner/cypress_runner.js:1777:23)\n    at Promise.attempt.Promise.try (https://store.pipastudios.com/__cypress/runner/cypress_runner.js:4285:29)\n    at Context.thenFn (https://store.pipastudios.com/__cypress/runner/cypress_runner.js:120960:66)\n    at Context.then (https://store.pipastudios.com/__cypress/runner/cypress_runner.js:121211:21)\n    at wrapped (https://store.pipastudios.com/__cypress/runner/cypress_runner.js:141532:19)",
                "diff": null
              },
              "uuid": "ddaef9b1-4cc1-4ca7-ae97-ec90fbd461d7",
              "parentUUID": "a463cb77-08ee-40b1-9cde-b744c8aff76f",
              "isHook": false,
              "skipped": false
            },
            {
              "title": "Valida Idiomas",
              "fullTitle": "Fluxos da Home Valida Idiomas",
              "timedOut": null,
              "duration": 5834,
              "state": "failed",
              "speed": null,
              "pass": false,
              "fail": true,
              "pending": false,
              "context": null,
              "code": "home.acessarSite();\nhome.aceitarCookiesSeExistirem();\nhome.fecharAdicionarTelaInicio();\nhome.validarIdiomas('English');\nhome.validarIdiomas('Espanõl');\nhome.validarIdiomas('Italiano');",
              "err": {
                "message": "CypressError: Timed out retrying after 4050ms: `cy.click()` failed because this element:\n\n`<button class=\"pwa-banner__close\" data-testid=\"pwa-close-icon\" dir=\"ltr\">...</button>`\n\nis being covered by another element:\n\n`<div class=\"gdpr-container svelte-lqj36j\">...</div>`\n\nFix this problem, or use {force: true} to disable error checking.\n\nhttps://on.cypress.io/element-cannot-be-interacted-with",
                "estack": "CypressError: Timed out retrying after 4050ms: `cy.click()` failed because this element:\n\n`<button class=\"pwa-banner__close\" data-testid=\"pwa-close-icon\" dir=\"ltr\">...</button>`\n\nis being covered by another element:\n\n`<div class=\"gdpr-container svelte-lqj36j\">...</div>`\n\nFix this problem, or use {force: true} to disable error checking.\n\nhttps://on.cypress.io/element-cannot-be-interacted-with\n    at ensureIsDescendent (https://store.pipastudios.com/__cypress/runner/cypress_runner.js:114387:68)\n    at ensureDescendents (https://store.pipastudios.com/__cypress/runner/cypress_runner.js:114438:5)\n    at ensureDescendentsAndScroll (https://store.pipastudios.com/__cypress/runner/cypress_runner.js:114444:14)\n    at ensureElIsNotCovered (https://store.pipastudios.com/__cypress/runner/cypress_runner.js:114575:5)\n    at runAllChecks (https://store.pipastudios.com/__cypress/runner/cypress_runner.js:114774:52)\n    at retryActionability (https://store.pipastudios.com/__cypress/runner/cypress_runner.js:114811:16)\n    at tryCatcher (https://store.pipastudios.com/__cypress/runner/cypress_runner.js:1777:23)\n    at Promise.attempt.Promise.try (https://store.pipastudios.com/__cypress/runner/cypress_runner.js:4285:29)\n    at whenStable (https://store.pipastudios.com/__cypress/runner/cypress_runner.js:147205:68)\n    at <unknown> (https://store.pipastudios.com/__cypress/runner/cypress_runner.js:147146:14)\n    at tryCatcher (https://store.pipastudios.com/__cypress/runner/cypress_runner.js:1777:23)\n    at Promise._settlePromiseFromHandler (https://store.pipastudios.com/__cypress/runner/cypress_runner.js:1489:31)\n    at Promise._settlePromise (https://store.pipastudios.com/__cypress/runner/cypress_runner.js:1546:18)\n    at Promise._settlePromise0 (https://store.pipastudios.com/__cypress/runner/cypress_runner.js:1591:10)\n    at Promise._settlePromises (https://store.pipastudios.com/__cypress/runner/cypress_runner.js:1671:18)\n    at Promise._fulfill (https://store.pipastudios.com/__cypress/runner/cypress_runner.js:1615:18)\n    at <unknown> (https://store.pipastudios.com/__cypress/runner/cypress_runner.js:5420:46)\nFrom Your Spec Code:\n    at Context.eval (webpack://praia-bingo/./cypress/PO/homePO.js:82:47)\n    at getRet (https://store.pipastudios.com/__cypress/runner/cypress_runner.js:120949:20)\n    at tryCatcher (https://store.pipastudios.com/__cypress/runner/cypress_runner.js:1777:23)\n    at Promise.attempt.Promise.try (https://store.pipastudios.com/__cypress/runner/cypress_runner.js:4285:29)\n    at Context.thenFn (https://store.pipastudios.com/__cypress/runner/cypress_runner.js:120960:66)\n    at Context.then (https://store.pipastudios.com/__cypress/runner/cypress_runner.js:121211:21)\n    at wrapped (https://store.pipastudios.com/__cypress/runner/cypress_runner.js:141532:19)",
                "diff": null
              },
              "uuid": "49326b67-ab50-4c3e-94b2-4f40e637a8c6",
              "parentUUID": "a463cb77-08ee-40b1-9cde-b744c8aff76f",
              "isHook": false,
              "skipped": false
            }
          ],
          "suites": [],
          "passes": [
            "e9cb9f4c-4f14-43f3-a555-5cb6cde62e9f",
            "75163fa0-694d-4ea3-b0b8-fa7d6f7b5305",
            "88d698b4-9594-4282-8f18-76d3d90eae5c",
            "f65e4c3a-f022-4277-9d46-9b4e187d3fe9",
            "6071001b-d10a-4a9f-b6ce-b78c5fa996a3",
            "9948035b-b75d-4164-9efb-69dd0438ea23"
          ],
          "failures": [
            "ecf0c2f8-8461-40d3-a773-4ee9549506f5",
            "08aeb6ef-6a47-4280-863e-7f35afcc20cb",
            "f70ed531-53f2-4c72-90fc-181b4c26c4a1",
            "52408003-70a5-4036-be25-9075e37585dd",
            "77600e43-b99e-4913-9415-58cd66971232",
            "72aedfa8-5cc3-4fbe-963e-2ab918761d91",
            "96cae678-61cf-4ed0-a3fb-8bbadff56588",
            "bbe58134-aa8e-4b4a-9496-743f27162523",
            "92723043-04b6-4a2d-b900-402dcc08f05e",
            "be9afea2-4b5a-4684-97f0-229b08d2cd90",
            "a0968ea3-82ed-4fb2-9156-d04601e67d74",
            "50456543-2092-4493-a780-05ef2c30c2d9",
            "bfe524c9-73f8-4b3e-a121-ba0399b43450",
            "2bb0693b-025c-4a64-b11a-5a1886470cd3",
            "ddaef9b1-4cc1-4ca7-ae97-ec90fbd461d7",
            "49326b67-ab50-4c3e-94b2-4f40e637a8c6"
          ],
          "pending": [],
          "skipped": [],
          "duration": 108126,
          "root": false,
          "rootEmpty": false,
          "_timeout": 2000
        }
      ],
      "passes": [],
      "failures": [],
      "pending": [],
      "skipped": [],
      "duration": 0,
      "root": true,
      "rootEmpty": true,
      "_timeout": 2000
    }
  ],
  "meta": {
    "mocha": {
      "version": "7.2.0"
    },
    "mochawesome": {
      "options": {
        "quiet": false,
        "reportFilename": "mochawesome",
        "saveHtml": true,
        "saveJson": true,
        "consoleReporter": "spec",
        "useInlineDiffs": false,
        "code": true
      },
      "version": "7.1.3"
    },
    "marge": {
      "options": {
        "reportDir": "cypress/reports",
        "overwrite": false,
        "html": true,
        "json": true
      },
      "version": "6.2.0"
    }
  }
}