{
  "stats": {
    "suites": 1,
    "tests": 22,
    "passes": 5,
    "pending": 0,
    "failures": 17,
    "start": "2025-08-15T17:35:17.889Z",
    "end": "2025-08-15T17:37:11.735Z",
    "duration": 113846,
    "testsRegistered": 22,
    "passPercent": 22.727272727272727,
    "pendingPercent": 0,
    "other": 0,
    "hasOther": false,
    "skipped": 0,
    "hasSkipped": false
  },
  "results": [
    {
      "uuid": "544eb9dc-64d1-417a-b5e5-d02767d4b3d4",
      "title": "",
      "fullFile": "cypress\\e2e\\home.cy.js",
      "file": "cypress\\e2e\\home.cy.js",
      "beforeHooks": [],
      "afterHooks": [],
      "tests": [],
      "suites": [
        {
          "uuid": "775eb24c-be00-42c3-8014-b85756f6cae1",
          "title": "Fluxos da Home",
          "fullFile": "",
          "file": "",
          "beforeHooks": [],
          "afterHooks": [],
          "tests": [
            {
              "title": "Validar coleta de Presente",
              "fullTitle": "Fluxos da Home Validar coleta de Presente",
              "timedOut": null,
              "duration": 8630,
              "state": "failed",
              "speed": null,
              "pass": false,
              "fail": true,
              "pending": false,
              "context": null,
              "code": "home.acessarSite();\nhome.aceitarCookiesSeExistirem();\nhome.acessarLogin();\nlogin.realizarLogin();\nhome.validarColetaPresente();\nhome.elementos.lblUser().should('be.visible');",
              "err": {
                "message": "AssertionError: Timed out retrying after 4000ms: Expected to find element: `[data-testid=\"claimed-item-modal-image\"]`, but never found it.",
                "estack": "AssertionError: Timed out retrying after 4000ms: Expected to find element: `[data-testid=\"claimed-item-modal-image\"]`, but never found it.\n    at Home.validarColetaPresente (webpack://praia-bingo/./cypress/PO/homePO.js:97:40)\n    at Context.eval (webpack://praia-bingo/./cypress/e2e/home.cy.js:14:13)",
                "diff": null
              },
              "uuid": "f8f4a640-4f34-465c-8db6-76e679539ee7",
              "parentUUID": "775eb24c-be00-42c3-8014-b85756f6cae1",
              "isHook": false,
              "skipped": false
            },
            {
              "title": "Validar presente já coletado",
              "fullTitle": "Fluxos da Home Validar presente já coletado",
              "timedOut": null,
              "duration": 5936,
              "state": "failed",
              "speed": null,
              "pass": false,
              "fail": true,
              "pending": false,
              "context": null,
              "code": "home.acessarSite();\nhome.aceitarCookiesSeExistirem();\nhome.acessarLogin();\nlogin.realizarLogin();\nhome.elementos.btnColetado().should('be.visible');",
              "err": {
                "message": "AssertionError: Timed out retrying after 4000ms: expected '<input#user-id-input.ui-site-input__input.user-id-modal__input>' to be 'visible'\n\nThis element `<input#user-id-input.ui-site-input__input.user-id-modal__input>` is not visible because its parent `<div.user-id-modal__container>` has CSS property: `display: none`",
                "estack": "AssertionError: Timed out retrying after 4000ms: expected '<input#user-id-input.ui-site-input__input.user-id-modal__input>' to be 'visible'\n\nThis element `<input#user-id-input.ui-site-input__input.user-id-modal__input>` is not visible because its parent `<div.user-id-modal__container>` has CSS property: `display: none`\n    at Login.realizarLogin (webpack://praia-bingo/./cypress/PO/loginPO.js:13:31)\n    at Context.eval (webpack://praia-bingo/./cypress/e2e/home.cy.js:22:14)",
                "diff": null
              },
              "uuid": "fa2eb514-a2f8-4579-96df-01eede57ed96",
              "parentUUID": "775eb24c-be00-42c3-8014-b85756f6cae1",
              "isHook": false,
              "skipped": false
            },
            {
              "title": "Validar botão \"Fichas\"",
              "fullTitle": "Fluxos da Home Validar botão \"Fichas\"",
              "timedOut": null,
              "duration": 6398,
              "state": "failed",
              "speed": null,
              "pass": false,
              "fail": true,
              "pending": false,
              "context": null,
              "code": "home.acessarSite();\nhome.aceitarCookiesSeExistirem();\nhome.acessarLogin();\nlogin.realizarLogin();\nhome.fecharAdicionarTelaInicio();\nhome.validarBotaoFichas();",
              "err": {
                "message": "CypressError: Timed out retrying after 4050ms: `cy.click()` failed because this element:\n\n`<button class=\"pwa-banner__close\" data-testid=\"pwa-close-icon\" dir=\"ltr\">...</button>`\n\nis being covered by another element:\n\n`<div class=\"gdpr-container svelte-lqj36j\">...</div>`\n\nFix this problem, or use {force: true} to disable error checking.\n\nhttps://on.cypress.io/element-cannot-be-interacted-with",
                "estack": "CypressError: Timed out retrying after 4050ms: `cy.click()` failed because this element:\n\n`<button class=\"pwa-banner__close\" data-testid=\"pwa-close-icon\" dir=\"ltr\">...</button>`\n\nis being covered by another element:\n\n`<div class=\"gdpr-container svelte-lqj36j\">...</div>`\n\nFix this problem, or use {force: true} to disable error checking.\n\nhttps://on.cypress.io/element-cannot-be-interacted-with\n    at ensureIsDescendent (https://store.pipastudios.com/__cypress/runner/cypress_runner.js:114387:68)\n    at ensureDescendents (https://store.pipastudios.com/__cypress/runner/cypress_runner.js:114438:5)\n    at ensureDescendentsAndScroll (https://store.pipastudios.com/__cypress/runner/cypress_runner.js:114444:14)\n    at ensureElIsNotCovered (https://store.pipastudios.com/__cypress/runner/cypress_runner.js:114575:5)\n    at runAllChecks (https://store.pipastudios.com/__cypress/runner/cypress_runner.js:114774:52)\n    at retryActionability (https://store.pipastudios.com/__cypress/runner/cypress_runner.js:114811:16)\n    at tryCatcher (https://store.pipastudios.com/__cypress/runner/cypress_runner.js:1777:23)\n    at Promise.attempt.Promise.try (https://store.pipastudios.com/__cypress/runner/cypress_runner.js:4285:29)\n    at whenStable (https://store.pipastudios.com/__cypress/runner/cypress_runner.js:147205:68)\n    at <unknown> (https://store.pipastudios.com/__cypress/runner/cypress_runner.js:147146:14)\n    at tryCatcher (https://store.pipastudios.com/__cypress/runner/cypress_runner.js:1777:23)\n    at Promise._settlePromiseFromHandler (https://store.pipastudios.com/__cypress/runner/cypress_runner.js:1489:31)\n    at Promise._settlePromise (https://store.pipastudios.com/__cypress/runner/cypress_runner.js:1546:18)\n    at Promise._settlePromise0 (https://store.pipastudios.com/__cypress/runner/cypress_runner.js:1591:10)\n    at Promise._settlePromises (https://store.pipastudios.com/__cypress/runner/cypress_runner.js:1671:18)\n    at Promise._fulfill (https://store.pipastudios.com/__cypress/runner/cypress_runner.js:1615:18)\n    at <unknown> (https://store.pipastudios.com/__cypress/runner/cypress_runner.js:5420:46)",
                "diff": null
              },
              "uuid": "1c8f0ca1-33d5-460e-9c7c-817d640e73b4",
              "parentUUID": "775eb24c-be00-42c3-8014-b85756f6cae1",
              "isHook": false,
              "skipped": false
            },
            {
              "title": "Validar botão \"Dindins\"",
              "fullTitle": "Fluxos da Home Validar botão \"Dindins\"",
              "timedOut": null,
              "duration": 5900,
              "state": "failed",
              "speed": null,
              "pass": false,
              "fail": true,
              "pending": false,
              "context": null,
              "code": "home.acessarSite();\nhome.aceitarCookiesSeExistirem();\nhome.acessarLogin();\nlogin.realizarLogin();\nhome.fecharAdicionarTelaInicio();\nhome.validarBotaoDindins();",
              "err": {
                "message": "AssertionError: Timed out retrying after 4000ms: expected '<input#user-id-input.ui-site-input__input.user-id-modal__input>' to be 'visible'\n\nThis element `<input#user-id-input.ui-site-input__input.user-id-modal__input>` is not visible because its parent `<div.user-id-modal__container>` has CSS property: `display: none`",
                "estack": "AssertionError: Timed out retrying after 4000ms: expected '<input#user-id-input.ui-site-input__input.user-id-modal__input>' to be 'visible'\n\nThis element `<input#user-id-input.ui-site-input__input.user-id-modal__input>` is not visible because its parent `<div.user-id-modal__container>` has CSS property: `display: none`\n    at Login.realizarLogin (webpack://praia-bingo/./cypress/PO/loginPO.js:13:31)\n    at Context.eval (webpack://praia-bingo/./cypress/e2e/home.cy.js:39:14)",
                "diff": null
              },
              "uuid": "c832d3a9-0a59-4571-be83-fb398fd78a0d",
              "parentUUID": "775eb24c-be00-42c3-8014-b85756f6cae1",
              "isHook": false,
              "skipped": false
            },
            {
              "title": "Validar botão \"Pequenos Preços\"",
              "fullTitle": "Fluxos da Home Validar botão \"Pequenos Preços\"",
              "timedOut": null,
              "duration": 6375,
              "state": "failed",
              "speed": null,
              "pass": false,
              "fail": true,
              "pending": false,
              "context": null,
              "code": "home.acessarSite();\nhome.aceitarCookiesSeExistirem();\nhome.acessarLogin();\nlogin.realizarLogin();\nhome.fecharAdicionarTelaInicio();\nhome.validarBotaoPequenosPrecos();",
              "err": {
                "message": "CypressError: Timed out retrying after 4050ms: `cy.click()` failed because this element:\n\n`<button class=\"pwa-banner__close\" data-testid=\"pwa-close-icon\" dir=\"ltr\">...</button>`\n\nis being covered by another element:\n\n`<div class=\"gdpr-container svelte-lqj36j\">...</div>`\n\nFix this problem, or use {force: true} to disable error checking.\n\nhttps://on.cypress.io/element-cannot-be-interacted-with",
                "estack": "CypressError: Timed out retrying after 4050ms: `cy.click()` failed because this element:\n\n`<button class=\"pwa-banner__close\" data-testid=\"pwa-close-icon\" dir=\"ltr\">...</button>`\n\nis being covered by another element:\n\n`<div class=\"gdpr-container svelte-lqj36j\">...</div>`\n\nFix this problem, or use {force: true} to disable error checking.\n\nhttps://on.cypress.io/element-cannot-be-interacted-with\n    at ensureIsDescendent (https://store.pipastudios.com/__cypress/runner/cypress_runner.js:114387:68)\n    at ensureDescendents (https://store.pipastudios.com/__cypress/runner/cypress_runner.js:114438:5)\n    at ensureDescendentsAndScroll (https://store.pipastudios.com/__cypress/runner/cypress_runner.js:114444:14)\n    at ensureElIsNotCovered (https://store.pipastudios.com/__cypress/runner/cypress_runner.js:114575:5)\n    at runAllChecks (https://store.pipastudios.com/__cypress/runner/cypress_runner.js:114774:52)\n    at retryActionability (https://store.pipastudios.com/__cypress/runner/cypress_runner.js:114811:16)\n    at tryCatcher (https://store.pipastudios.com/__cypress/runner/cypress_runner.js:1777:23)\n    at Promise.attempt.Promise.try (https://store.pipastudios.com/__cypress/runner/cypress_runner.js:4285:29)\n    at whenStable (https://store.pipastudios.com/__cypress/runner/cypress_runner.js:147205:68)\n    at <unknown> (https://store.pipastudios.com/__cypress/runner/cypress_runner.js:147146:14)\n    at tryCatcher (https://store.pipastudios.com/__cypress/runner/cypress_runner.js:1777:23)\n    at Promise._settlePromiseFromHandler (https://store.pipastudios.com/__cypress/runner/cypress_runner.js:1489:31)\n    at Promise._settlePromise (https://store.pipastudios.com/__cypress/runner/cypress_runner.js:1546:18)\n    at Promise._settlePromise0 (https://store.pipastudios.com/__cypress/runner/cypress_runner.js:1591:10)\n    at Promise._settlePromises (https://store.pipastudios.com/__cypress/runner/cypress_runner.js:1671:18)\n    at Promise._fulfill (https://store.pipastudios.com/__cypress/runner/cypress_runner.js:1615:18)\n    at <unknown> (https://store.pipastudios.com/__cypress/runner/cypress_runner.js:5420:46)",
                "diff": null
              },
              "uuid": "1a010bc5-4d91-46e4-8627-c6be960f920b",
              "parentUUID": "775eb24c-be00-42c3-8014-b85756f6cae1",
              "isHook": false,
              "skipped": false
            },
            {
              "title": "Validar redirecionamento para Youtube",
              "fullTitle": "Fluxos da Home Validar redirecionamento para Youtube",
              "timedOut": null,
              "duration": 1492,
              "state": "passed",
              "speed": "fast",
              "pass": true,
              "fail": false,
              "pending": false,
              "context": null,
              "code": "home.acessarSite();\nhome.aceitarCookiesSeExistirem();\nhome.validarBotaoYoutube();",
              "err": {},
              "uuid": "dbc040a6-eb67-4ac8-b500-1e711e7c17c4",
              "parentUUID": "775eb24c-be00-42c3-8014-b85756f6cae1",
              "isHook": false,
              "skipped": false
            },
            {
              "title": "Validar redirecionamento para Instagram",
              "fullTitle": "Fluxos da Home Validar redirecionamento para Instagram",
              "timedOut": null,
              "duration": 1070,
              "state": "passed",
              "speed": "fast",
              "pass": true,
              "fail": false,
              "pending": false,
              "context": null,
              "code": "home.acessarSite();\nhome.aceitarCookiesSeExistirem();\nhome.validarBotaoInstagram();",
              "err": {},
              "uuid": "f1029d75-210c-45c5-835a-da931ea80a87",
              "parentUUID": "775eb24c-be00-42c3-8014-b85756f6cae1",
              "isHook": false,
              "skipped": false
            },
            {
              "title": "Validar redirecionamento para Facebook",
              "fullTitle": "Fluxos da Home Validar redirecionamento para Facebook",
              "timedOut": null,
              "duration": 1039,
              "state": "passed",
              "speed": "fast",
              "pass": true,
              "fail": false,
              "pending": false,
              "context": null,
              "code": "home.acessarSite();\nhome.aceitarCookiesSeExistirem();\nhome.validarBotaoFacebook();",
              "err": {},
              "uuid": "ff420bb5-9950-456c-9793-e2d7cb7ce1e1",
              "parentUUID": "775eb24c-be00-42c3-8014-b85756f6cae1",
              "isHook": false,
              "skipped": false
            },
            {
              "title": "Validar redirecionamento para Google Play",
              "fullTitle": "Fluxos da Home Validar redirecionamento para Google Play",
              "timedOut": null,
              "duration": 1077,
              "state": "passed",
              "speed": "fast",
              "pass": true,
              "fail": false,
              "pending": false,
              "context": null,
              "code": "home.acessarSite();\nhome.aceitarCookiesSeExistirem();\nhome.validarBotaoGooglePlay();",
              "err": {},
              "uuid": "61e5bcdb-37cb-4a09-8871-b86d7c5d7474",
              "parentUUID": "775eb24c-be00-42c3-8014-b85756f6cae1",
              "isHook": false,
              "skipped": false
            },
            {
              "title": "Validar redirecionamento para App Store",
              "fullTitle": "Fluxos da Home Validar redirecionamento para App Store",
              "timedOut": null,
              "duration": 1048,
              "state": "passed",
              "speed": "fast",
              "pass": true,
              "fail": false,
              "pending": false,
              "context": null,
              "code": "home.acessarSite();\nhome.aceitarCookiesSeExistirem();\nhome.validarBotaoAppStore;",
              "err": {},
              "uuid": "b7348fb8-fcdd-486c-931a-91b2e7ca0d10",
              "parentUUID": "775eb24c-be00-42c3-8014-b85756f6cae1",
              "isHook": false,
              "skipped": false
            },
            {
              "title": "Erro ao inserir Cupom de Desconto",
              "fullTitle": "Fluxos da Home Erro ao inserir Cupom de Desconto",
              "timedOut": null,
              "duration": 5726,
              "state": "failed",
              "speed": null,
              "pass": false,
              "fail": true,
              "pending": false,
              "context": null,
              "code": "home.acessarSite();\nhome.acessarLogin();\nlogin.realizarLogin();\nhome.fecharAdicionarTelaInicio();\nhome.validarErroCupom();",
              "err": {
                "message": "CypressError: Timed out retrying after 4050ms: `cy.click()` failed because this element:\n\n`<button class=\"pwa-banner__close\" data-testid=\"pwa-close-icon\" dir=\"ltr\">...</button>`\n\nis being covered by another element:\n\n`<div class=\"gdpr-container svelte-lqj36j\">...</div>`\n\nFix this problem, or use {force: true} to disable error checking.\n\nhttps://on.cypress.io/element-cannot-be-interacted-with",
                "estack": "CypressError: Timed out retrying after 4050ms: `cy.click()` failed because this element:\n\n`<button class=\"pwa-banner__close\" data-testid=\"pwa-close-icon\" dir=\"ltr\">...</button>`\n\nis being covered by another element:\n\n`<div class=\"gdpr-container svelte-lqj36j\">...</div>`\n\nFix this problem, or use {force: true} to disable error checking.\n\nhttps://on.cypress.io/element-cannot-be-interacted-with\n    at ensureIsDescendent (https://store.pipastudios.com/__cypress/runner/cypress_runner.js:114387:68)\n    at ensureDescendents (https://store.pipastudios.com/__cypress/runner/cypress_runner.js:114438:5)\n    at ensureDescendentsAndScroll (https://store.pipastudios.com/__cypress/runner/cypress_runner.js:114444:14)\n    at ensureElIsNotCovered (https://store.pipastudios.com/__cypress/runner/cypress_runner.js:114575:5)\n    at runAllChecks (https://store.pipastudios.com/__cypress/runner/cypress_runner.js:114774:52)\n    at retryActionability (https://store.pipastudios.com/__cypress/runner/cypress_runner.js:114811:16)\n    at tryCatcher (https://store.pipastudios.com/__cypress/runner/cypress_runner.js:1777:23)\n    at Promise.attempt.Promise.try (https://store.pipastudios.com/__cypress/runner/cypress_runner.js:4285:29)\n    at whenStable (https://store.pipastudios.com/__cypress/runner/cypress_runner.js:147205:68)\n    at <unknown> (https://store.pipastudios.com/__cypress/runner/cypress_runner.js:147146:14)\n    at tryCatcher (https://store.pipastudios.com/__cypress/runner/cypress_runner.js:1777:23)\n    at Promise._settlePromiseFromHandler (https://store.pipastudios.com/__cypress/runner/cypress_runner.js:1489:31)\n    at Promise._settlePromise (https://store.pipastudios.com/__cypress/runner/cypress_runner.js:1546:18)\n    at Promise._settlePromise0 (https://store.pipastudios.com/__cypress/runner/cypress_runner.js:1591:10)\n    at Promise._settlePromises (https://store.pipastudios.com/__cypress/runner/cypress_runner.js:1671:18)\n    at Promise._fulfill (https://store.pipastudios.com/__cypress/runner/cypress_runner.js:1615:18)\n    at <unknown> (https://store.pipastudios.com/__cypress/runner/cypress_runner.js:5420:46)",
                "diff": null
              },
              "uuid": "95becb92-e41b-49aa-9ba8-0b2d728a87a4",
              "parentUUID": "775eb24c-be00-42c3-8014-b85756f6cae1",
              "isHook": false,
              "skipped": false
            },
            {
              "title": "Valida Cookies Essenciais e Lista em Central de Preferência de Privacidade",
              "fullTitle": "Fluxos da Home Valida Cookies Essenciais e Lista em Central de Preferência de Privacidade",
              "timedOut": null,
              "duration": 6055,
              "state": "failed",
              "speed": null,
              "pass": false,
              "fail": true,
              "pending": false,
              "context": null,
              "code": "home.acessarSite();\nhome.aceitarCookiesSeExistirem();\nhome.fecharAdicionarTelaInicio();\nhome.validarCentralPrivacidade();\nhome.validarCookiesEssenciais();\nhome.validarListaCookiesEssenciais();",
              "err": {
                "message": "CypressError: Timed out retrying after 4050ms: `cy.click()` failed because this element:\n\n`<button class=\"pwa-banner__close\" data-testid=\"pwa-close-icon\" dir=\"ltr\">...</button>`\n\nis being covered by another element:\n\n`<div class=\"gdpr-container svelte-lqj36j\">...</div>`\n\nFix this problem, or use {force: true} to disable error checking.\n\nhttps://on.cypress.io/element-cannot-be-interacted-with",
                "estack": "CypressError: Timed out retrying after 4050ms: `cy.click()` failed because this element:\n\n`<button class=\"pwa-banner__close\" data-testid=\"pwa-close-icon\" dir=\"ltr\">...</button>`\n\nis being covered by another element:\n\n`<div class=\"gdpr-container svelte-lqj36j\">...</div>`\n\nFix this problem, or use {force: true} to disable error checking.\n\nhttps://on.cypress.io/element-cannot-be-interacted-with\n    at ensureIsDescendent (https://store.pipastudios.com/__cypress/runner/cypress_runner.js:114387:68)\n    at ensureDescendents (https://store.pipastudios.com/__cypress/runner/cypress_runner.js:114438:5)\n    at ensureDescendentsAndScroll (https://store.pipastudios.com/__cypress/runner/cypress_runner.js:114444:14)\n    at ensureElIsNotCovered (https://store.pipastudios.com/__cypress/runner/cypress_runner.js:114575:5)\n    at runAllChecks (https://store.pipastudios.com/__cypress/runner/cypress_runner.js:114774:52)\n    at retryActionability (https://store.pipastudios.com/__cypress/runner/cypress_runner.js:114811:16)\n    at tryCatcher (https://store.pipastudios.com/__cypress/runner/cypress_runner.js:1777:23)\n    at Promise.attempt.Promise.try (https://store.pipastudios.com/__cypress/runner/cypress_runner.js:4285:29)\n    at whenStable (https://store.pipastudios.com/__cypress/runner/cypress_runner.js:147205:68)\n    at <unknown> (https://store.pipastudios.com/__cypress/runner/cypress_runner.js:147146:14)\n    at tryCatcher (https://store.pipastudios.com/__cypress/runner/cypress_runner.js:1777:23)\n    at Promise._settlePromiseFromHandler (https://store.pipastudios.com/__cypress/runner/cypress_runner.js:1489:31)\n    at Promise._settlePromise (https://store.pipastudios.com/__cypress/runner/cypress_runner.js:1546:18)\n    at Promise._settlePromise0 (https://store.pipastudios.com/__cypress/runner/cypress_runner.js:1591:10)\n    at Promise._settlePromises (https://store.pipastudios.com/__cypress/runner/cypress_runner.js:1671:18)\n    at Promise._fulfill (https://store.pipastudios.com/__cypress/runner/cypress_runner.js:1615:18)\n    at <unknown> (https://store.pipastudios.com/__cypress/runner/cypress_runner.js:5420:46)\nFrom Your Spec Code:\n    at Context.eval (webpack://praia-bingo/./cypress/PO/homePO.js:82:47)\n    at getRet (https://store.pipastudios.com/__cypress/runner/cypress_runner.js:120949:20)\n    at tryCatcher (https://store.pipastudios.com/__cypress/runner/cypress_runner.js:1777:23)\n    at Promise.attempt.Promise.try (https://store.pipastudios.com/__cypress/runner/cypress_runner.js:4285:29)\n    at Context.thenFn (https://store.pipastudios.com/__cypress/runner/cypress_runner.js:120960:66)\n    at Context.then (https://store.pipastudios.com/__cypress/runner/cypress_runner.js:121211:21)\n    at wrapped (https://store.pipastudios.com/__cypress/runner/cypress_runner.js:141532:19)",
                "diff": null
              },
              "uuid": "bc3f32e1-a3d1-4445-9486-d349e1f937ec",
              "parentUUID": "775eb24c-be00-42c3-8014-b85756f6cae1",
              "isHook": false,
              "skipped": false
            },
            {
              "title": "Valida Cookies Analíticos e Lista em Central de Preferência de Privacidade",
              "fullTitle": "Fluxos da Home Valida Cookies Analíticos e Lista em Central de Preferência de Privacidade",
              "timedOut": null,
              "duration": 5709,
              "state": "failed",
              "speed": null,
              "pass": false,
              "fail": true,
              "pending": false,
              "context": null,
              "code": "home.acessarSite();\nhome.aceitarCookiesSeExistirem();\nhome.fecharAdicionarTelaInicio();\nhome.validarCentralPrivacidade();\nhome.validarCookiesAnaliticos();\nhome.validarListaCookiesAnaliticos();",
              "err": {
                "message": "CypressError: Timed out retrying after 4050ms: `cy.click()` failed because this element:\n\n`<button class=\"pwa-banner__close\" data-testid=\"pwa-close-icon\" dir=\"ltr\">...</button>`\n\nis being covered by another element:\n\n`<div class=\"gdpr-container svelte-lqj36j\">...</div>`\n\nFix this problem, or use {force: true} to disable error checking.\n\nhttps://on.cypress.io/element-cannot-be-interacted-with",
                "estack": "CypressError: Timed out retrying after 4050ms: `cy.click()` failed because this element:\n\n`<button class=\"pwa-banner__close\" data-testid=\"pwa-close-icon\" dir=\"ltr\">...</button>`\n\nis being covered by another element:\n\n`<div class=\"gdpr-container svelte-lqj36j\">...</div>`\n\nFix this problem, or use {force: true} to disable error checking.\n\nhttps://on.cypress.io/element-cannot-be-interacted-with\n    at ensureIsDescendent (https://store.pipastudios.com/__cypress/runner/cypress_runner.js:114387:68)\n    at ensureDescendents (https://store.pipastudios.com/__cypress/runner/cypress_runner.js:114438:5)\n    at ensureDescendentsAndScroll (https://store.pipastudios.com/__cypress/runner/cypress_runner.js:114444:14)\n    at ensureElIsNotCovered (https://store.pipastudios.com/__cypress/runner/cypress_runner.js:114575:5)\n    at runAllChecks (https://store.pipastudios.com/__cypress/runner/cypress_runner.js:114774:52)\n    at retryActionability (https://store.pipastudios.com/__cypress/runner/cypress_runner.js:114811:16)\n    at tryCatcher (https://store.pipastudios.com/__cypress/runner/cypress_runner.js:1777:23)\n    at Promise.attempt.Promise.try (https://store.pipastudios.com/__cypress/runner/cypress_runner.js:4285:29)\n    at whenStable (https://store.pipastudios.com/__cypress/runner/cypress_runner.js:147205:68)\n    at <unknown> (https://store.pipastudios.com/__cypress/runner/cypress_runner.js:147146:14)\n    at tryCatcher (https://store.pipastudios.com/__cypress/runner/cypress_runner.js:1777:23)\n    at Promise._settlePromiseFromHandler (https://store.pipastudios.com/__cypress/runner/cypress_runner.js:1489:31)\n    at Promise._settlePromise (https://store.pipastudios.com/__cypress/runner/cypress_runner.js:1546:18)\n    at Promise._settlePromise0 (https://store.pipastudios.com/__cypress/runner/cypress_runner.js:1591:10)\n    at Promise._settlePromises (https://store.pipastudios.com/__cypress/runner/cypress_runner.js:1671:18)\n    at Promise._fulfill (https://store.pipastudios.com/__cypress/runner/cypress_runner.js:1615:18)\n    at <unknown> (https://store.pipastudios.com/__cypress/runner/cypress_runner.js:5420:46)\nFrom Your Spec Code:\n    at Context.eval (webpack://praia-bingo/./cypress/PO/homePO.js:82:47)\n    at getRet (https://store.pipastudios.com/__cypress/runner/cypress_runner.js:120949:20)\n    at tryCatcher (https://store.pipastudios.com/__cypress/runner/cypress_runner.js:1777:23)\n    at Promise.attempt.Promise.try (https://store.pipastudios.com/__cypress/runner/cypress_runner.js:4285:29)\n    at Context.thenFn (https://store.pipastudios.com/__cypress/runner/cypress_runner.js:120960:66)\n    at Context.then (https://store.pipastudios.com/__cypress/runner/cypress_runner.js:121211:21)\n    at wrapped (https://store.pipastudios.com/__cypress/runner/cypress_runner.js:141532:19)",
                "diff": null
              },
              "uuid": "ced17303-3378-4ef6-99f5-675ded9dd1ed",
              "parentUUID": "775eb24c-be00-42c3-8014-b85756f6cae1",
              "isHook": false,
              "skipped": false
            },
            {
              "title": "Valida Cookies Funcionais e Lista em Central de Preferência de Privacidade",
              "fullTitle": "Fluxos da Home Valida Cookies Funcionais e Lista em Central de Preferência de Privacidade",
              "timedOut": null,
              "duration": 5764,
              "state": "failed",
              "speed": null,
              "pass": false,
              "fail": true,
              "pending": false,
              "context": null,
              "code": "home.acessarSite();\nhome.aceitarCookiesSeExistirem();\nhome.fecharAdicionarTelaInicio();\nhome.validarCentralPrivacidade();\nhome.validarListaCookiesFuncionais();\nhome.validarListaCookiesFuncionais();",
              "err": {
                "message": "CypressError: Timed out retrying after 4050ms: `cy.click()` failed because this element:\n\n`<button class=\"pwa-banner__close\" data-testid=\"pwa-close-icon\" dir=\"ltr\">...</button>`\n\nis being covered by another element:\n\n`<div class=\"gdpr-container svelte-lqj36j\">...</div>`\n\nFix this problem, or use {force: true} to disable error checking.\n\nhttps://on.cypress.io/element-cannot-be-interacted-with",
                "estack": "CypressError: Timed out retrying after 4050ms: `cy.click()` failed because this element:\n\n`<button class=\"pwa-banner__close\" data-testid=\"pwa-close-icon\" dir=\"ltr\">...</button>`\n\nis being covered by another element:\n\n`<div class=\"gdpr-container svelte-lqj36j\">...</div>`\n\nFix this problem, or use {force: true} to disable error checking.\n\nhttps://on.cypress.io/element-cannot-be-interacted-with\n    at ensureIsDescendent (https://store.pipastudios.com/__cypress/runner/cypress_runner.js:114387:68)\n    at ensureDescendents (https://store.pipastudios.com/__cypress/runner/cypress_runner.js:114438:5)\n    at ensureDescendentsAndScroll (https://store.pipastudios.com/__cypress/runner/cypress_runner.js:114444:14)\n    at ensureElIsNotCovered (https://store.pipastudios.com/__cypress/runner/cypress_runner.js:114575:5)\n    at runAllChecks (https://store.pipastudios.com/__cypress/runner/cypress_runner.js:114774:52)\n    at retryActionability (https://store.pipastudios.com/__cypress/runner/cypress_runner.js:114811:16)\n    at tryCatcher (https://store.pipastudios.com/__cypress/runner/cypress_runner.js:1777:23)\n    at Promise.attempt.Promise.try (https://store.pipastudios.com/__cypress/runner/cypress_runner.js:4285:29)\n    at whenStable (https://store.pipastudios.com/__cypress/runner/cypress_runner.js:147205:68)\n    at <unknown> (https://store.pipastudios.com/__cypress/runner/cypress_runner.js:147146:14)\n    at tryCatcher (https://store.pipastudios.com/__cypress/runner/cypress_runner.js:1777:23)\n    at Promise._settlePromiseFromHandler (https://store.pipastudios.com/__cypress/runner/cypress_runner.js:1489:31)\n    at Promise._settlePromise (https://store.pipastudios.com/__cypress/runner/cypress_runner.js:1546:18)\n    at Promise._settlePromise0 (https://store.pipastudios.com/__cypress/runner/cypress_runner.js:1591:10)\n    at Promise._settlePromises (https://store.pipastudios.com/__cypress/runner/cypress_runner.js:1671:18)\n    at Promise._fulfill (https://store.pipastudios.com/__cypress/runner/cypress_runner.js:1615:18)\n    at <unknown> (https://store.pipastudios.com/__cypress/runner/cypress_runner.js:5420:46)\nFrom Your Spec Code:\n    at Context.eval (webpack://praia-bingo/./cypress/PO/homePO.js:82:47)\n    at getRet (https://store.pipastudios.com/__cypress/runner/cypress_runner.js:120949:20)\n    at tryCatcher (https://store.pipastudios.com/__cypress/runner/cypress_runner.js:1777:23)\n    at Promise.attempt.Promise.try (https://store.pipastudios.com/__cypress/runner/cypress_runner.js:4285:29)\n    at Context.thenFn (https://store.pipastudios.com/__cypress/runner/cypress_runner.js:120960:66)\n    at Context.then (https://store.pipastudios.com/__cypress/runner/cypress_runner.js:121211:21)\n    at wrapped (https://store.pipastudios.com/__cypress/runner/cypress_runner.js:141532:19)",
                "diff": null
              },
              "uuid": "f0104f97-d100-4700-95bc-bf8ceb642336",
              "parentUUID": "775eb24c-be00-42c3-8014-b85756f6cae1",
              "isHook": false,
              "skipped": false
            },
            {
              "title": "Valida Cookies de Personalização e Lista em Central de Preferência de Privacidade",
              "fullTitle": "Fluxos da Home Valida Cookies de Personalização e Lista em Central de Preferência de Privacidade",
              "timedOut": null,
              "duration": 5747,
              "state": "failed",
              "speed": null,
              "pass": false,
              "fail": true,
              "pending": false,
              "context": null,
              "code": "home.acessarSite();\nhome.aceitarCookiesSeExistirem();\nhome.fecharAdicionarTelaInicio();\nhome.validarCentralPrivacidade();\nhome.validarCookiesPersonalizacao();\nhome.validarListaCookiesPersonalizacao();",
              "err": {
                "message": "CypressError: Timed out retrying after 4050ms: `cy.click()` failed because this element:\n\n`<button class=\"pwa-banner__close\" data-testid=\"pwa-close-icon\" dir=\"ltr\">...</button>`\n\nis being covered by another element:\n\n`<div class=\"gdpr-container svelte-lqj36j\">...</div>`\n\nFix this problem, or use {force: true} to disable error checking.\n\nhttps://on.cypress.io/element-cannot-be-interacted-with",
                "estack": "CypressError: Timed out retrying after 4050ms: `cy.click()` failed because this element:\n\n`<button class=\"pwa-banner__close\" data-testid=\"pwa-close-icon\" dir=\"ltr\">...</button>`\n\nis being covered by another element:\n\n`<div class=\"gdpr-container svelte-lqj36j\">...</div>`\n\nFix this problem, or use {force: true} to disable error checking.\n\nhttps://on.cypress.io/element-cannot-be-interacted-with\n    at ensureIsDescendent (https://store.pipastudios.com/__cypress/runner/cypress_runner.js:114387:68)\n    at ensureDescendents (https://store.pipastudios.com/__cypress/runner/cypress_runner.js:114438:5)\n    at ensureDescendentsAndScroll (https://store.pipastudios.com/__cypress/runner/cypress_runner.js:114444:14)\n    at ensureElIsNotCovered (https://store.pipastudios.com/__cypress/runner/cypress_runner.js:114575:5)\n    at runAllChecks (https://store.pipastudios.com/__cypress/runner/cypress_runner.js:114774:52)\n    at retryActionability (https://store.pipastudios.com/__cypress/runner/cypress_runner.js:114811:16)\n    at tryCatcher (https://store.pipastudios.com/__cypress/runner/cypress_runner.js:1777:23)\n    at Promise.attempt.Promise.try (https://store.pipastudios.com/__cypress/runner/cypress_runner.js:4285:29)\n    at whenStable (https://store.pipastudios.com/__cypress/runner/cypress_runner.js:147205:68)\n    at <unknown> (https://store.pipastudios.com/__cypress/runner/cypress_runner.js:147146:14)\n    at tryCatcher (https://store.pipastudios.com/__cypress/runner/cypress_runner.js:1777:23)\n    at Promise._settlePromiseFromHandler (https://store.pipastudios.com/__cypress/runner/cypress_runner.js:1489:31)\n    at Promise._settlePromise (https://store.pipastudios.com/__cypress/runner/cypress_runner.js:1546:18)\n    at Promise._settlePromise0 (https://store.pipastudios.com/__cypress/runner/cypress_runner.js:1591:10)\n    at Promise._settlePromises (https://store.pipastudios.com/__cypress/runner/cypress_runner.js:1671:18)\n    at Promise._fulfill (https://store.pipastudios.com/__cypress/runner/cypress_runner.js:1615:18)\n    at <unknown> (https://store.pipastudios.com/__cypress/runner/cypress_runner.js:5420:46)\nFrom Your Spec Code:\n    at Context.eval (webpack://praia-bingo/./cypress/PO/homePO.js:82:47)\n    at getRet (https://store.pipastudios.com/__cypress/runner/cypress_runner.js:120949:20)\n    at tryCatcher (https://store.pipastudios.com/__cypress/runner/cypress_runner.js:1777:23)\n    at Promise.attempt.Promise.try (https://store.pipastudios.com/__cypress/runner/cypress_runner.js:4285:29)\n    at Context.thenFn (https://store.pipastudios.com/__cypress/runner/cypress_runner.js:120960:66)\n    at Context.then (https://store.pipastudios.com/__cypress/runner/cypress_runner.js:121211:21)\n    at wrapped (https://store.pipastudios.com/__cypress/runner/cypress_runner.js:141532:19)",
                "diff": null
              },
              "uuid": "73d6e1de-0191-4976-8dbe-e7d5d3eacac9",
              "parentUUID": "775eb24c-be00-42c3-8014-b85756f6cae1",
              "isHook": false,
              "skipped": false
            },
            {
              "title": "Valida Política de Cookies em Central de Preferência e Privacidade",
              "fullTitle": "Fluxos da Home Valida Política de Cookies em Central de Preferência e Privacidade",
              "timedOut": null,
              "duration": 5761,
              "state": "failed",
              "speed": null,
              "pass": false,
              "fail": true,
              "pending": false,
              "context": null,
              "code": "home.acessarSite();\nhome.aceitarCookiesSeExistirem();\nhome.fecharAdicionarTelaInicio();\nhome.validarCentralPrivacidade();\nhome.validarPoliticaCookies();",
              "err": {
                "message": "CypressError: Timed out retrying after 4050ms: `cy.click()` failed because this element:\n\n`<button class=\"pwa-banner__close\" data-testid=\"pwa-close-icon\" dir=\"ltr\">...</button>`\n\nis being covered by another element:\n\n`<div class=\"gdpr-container svelte-lqj36j\">...</div>`\n\nFix this problem, or use {force: true} to disable error checking.\n\nhttps://on.cypress.io/element-cannot-be-interacted-with",
                "estack": "CypressError: Timed out retrying after 4050ms: `cy.click()` failed because this element:\n\n`<button class=\"pwa-banner__close\" data-testid=\"pwa-close-icon\" dir=\"ltr\">...</button>`\n\nis being covered by another element:\n\n`<div class=\"gdpr-container svelte-lqj36j\">...</div>`\n\nFix this problem, or use {force: true} to disable error checking.\n\nhttps://on.cypress.io/element-cannot-be-interacted-with\n    at ensureIsDescendent (https://store.pipastudios.com/__cypress/runner/cypress_runner.js:114387:68)\n    at ensureDescendents (https://store.pipastudios.com/__cypress/runner/cypress_runner.js:114438:5)\n    at ensureDescendentsAndScroll (https://store.pipastudios.com/__cypress/runner/cypress_runner.js:114444:14)\n    at ensureElIsNotCovered (https://store.pipastudios.com/__cypress/runner/cypress_runner.js:114575:5)\n    at runAllChecks (https://store.pipastudios.com/__cypress/runner/cypress_runner.js:114774:52)\n    at retryActionability (https://store.pipastudios.com/__cypress/runner/cypress_runner.js:114811:16)\n    at tryCatcher (https://store.pipastudios.com/__cypress/runner/cypress_runner.js:1777:23)\n    at Promise.attempt.Promise.try (https://store.pipastudios.com/__cypress/runner/cypress_runner.js:4285:29)\n    at whenStable (https://store.pipastudios.com/__cypress/runner/cypress_runner.js:147205:68)\n    at <unknown> (https://store.pipastudios.com/__cypress/runner/cypress_runner.js:147146:14)\n    at tryCatcher (https://store.pipastudios.com/__cypress/runner/cypress_runner.js:1777:23)\n    at Promise._settlePromiseFromHandler (https://store.pipastudios.com/__cypress/runner/cypress_runner.js:1489:31)\n    at Promise._settlePromise (https://store.pipastudios.com/__cypress/runner/cypress_runner.js:1546:18)\n    at Promise._settlePromise0 (https://store.pipastudios.com/__cypress/runner/cypress_runner.js:1591:10)\n    at Promise._settlePromises (https://store.pipastudios.com/__cypress/runner/cypress_runner.js:1671:18)\n    at Promise._fulfill (https://store.pipastudios.com/__cypress/runner/cypress_runner.js:1615:18)\n    at <unknown> (https://store.pipastudios.com/__cypress/runner/cypress_runner.js:5420:46)\nFrom Your Spec Code:\n    at Context.eval (webpack://praia-bingo/./cypress/PO/homePO.js:82:47)\n    at getRet (https://store.pipastudios.com/__cypress/runner/cypress_runner.js:120949:20)\n    at tryCatcher (https://store.pipastudios.com/__cypress/runner/cypress_runner.js:1777:23)\n    at Promise.attempt.Promise.try (https://store.pipastudios.com/__cypress/runner/cypress_runner.js:4285:29)\n    at Context.thenFn (https://store.pipastudios.com/__cypress/runner/cypress_runner.js:120960:66)\n    at Context.then (https://store.pipastudios.com/__cypress/runner/cypress_runner.js:121211:21)\n    at wrapped (https://store.pipastudios.com/__cypress/runner/cypress_runner.js:141532:19)",
                "diff": null
              },
              "uuid": "8f217db0-eff7-4f33-b010-46ac2ba1aea5",
              "parentUUID": "775eb24c-be00-42c3-8014-b85756f6cae1",
              "isHook": false,
              "skipped": false
            },
            {
              "title": "Valida Política de Privacidade em Central de Preferência e Privacidade",
              "fullTitle": "Fluxos da Home Valida Política de Privacidade em Central de Preferência e Privacidade",
              "timedOut": null,
              "duration": 5741,
              "state": "failed",
              "speed": null,
              "pass": false,
              "fail": true,
              "pending": false,
              "context": null,
              "code": "home.acessarSite();\nhome.aceitarCookiesSeExistirem();\nhome.fecharAdicionarTelaInicio();\nhome.validarCentralPrivacidade();\nhome.validarPoliticaPrivacidade;",
              "err": {
                "message": "CypressError: Timed out retrying after 4050ms: `cy.click()` failed because this element:\n\n`<button class=\"pwa-banner__close\" data-testid=\"pwa-close-icon\" dir=\"ltr\">...</button>`\n\nis being covered by another element:\n\n`<div class=\"gdpr-container svelte-lqj36j\">...</div>`\n\nFix this problem, or use {force: true} to disable error checking.\n\nhttps://on.cypress.io/element-cannot-be-interacted-with",
                "estack": "CypressError: Timed out retrying after 4050ms: `cy.click()` failed because this element:\n\n`<button class=\"pwa-banner__close\" data-testid=\"pwa-close-icon\" dir=\"ltr\">...</button>`\n\nis being covered by another element:\n\n`<div class=\"gdpr-container svelte-lqj36j\">...</div>`\n\nFix this problem, or use {force: true} to disable error checking.\n\nhttps://on.cypress.io/element-cannot-be-interacted-with\n    at ensureIsDescendent (https://store.pipastudios.com/__cypress/runner/cypress_runner.js:114387:68)\n    at ensureDescendents (https://store.pipastudios.com/__cypress/runner/cypress_runner.js:114438:5)\n    at ensureDescendentsAndScroll (https://store.pipastudios.com/__cypress/runner/cypress_runner.js:114444:14)\n    at ensureElIsNotCovered (https://store.pipastudios.com/__cypress/runner/cypress_runner.js:114575:5)\n    at runAllChecks (https://store.pipastudios.com/__cypress/runner/cypress_runner.js:114774:52)\n    at retryActionability (https://store.pipastudios.com/__cypress/runner/cypress_runner.js:114811:16)\n    at tryCatcher (https://store.pipastudios.com/__cypress/runner/cypress_runner.js:1777:23)\n    at Promise.attempt.Promise.try (https://store.pipastudios.com/__cypress/runner/cypress_runner.js:4285:29)\n    at whenStable (https://store.pipastudios.com/__cypress/runner/cypress_runner.js:147205:68)\n    at <unknown> (https://store.pipastudios.com/__cypress/runner/cypress_runner.js:147146:14)\n    at tryCatcher (https://store.pipastudios.com/__cypress/runner/cypress_runner.js:1777:23)\n    at Promise._settlePromiseFromHandler (https://store.pipastudios.com/__cypress/runner/cypress_runner.js:1489:31)\n    at Promise._settlePromise (https://store.pipastudios.com/__cypress/runner/cypress_runner.js:1546:18)\n    at Promise._settlePromise0 (https://store.pipastudios.com/__cypress/runner/cypress_runner.js:1591:10)\n    at Promise._settlePromises (https://store.pipastudios.com/__cypress/runner/cypress_runner.js:1671:18)\n    at Promise._fulfill (https://store.pipastudios.com/__cypress/runner/cypress_runner.js:1615:18)\n    at <unknown> (https://store.pipastudios.com/__cypress/runner/cypress_runner.js:5420:46)\nFrom Your Spec Code:\n    at Context.eval (webpack://praia-bingo/./cypress/PO/homePO.js:82:47)\n    at getRet (https://store.pipastudios.com/__cypress/runner/cypress_runner.js:120949:20)\n    at tryCatcher (https://store.pipastudios.com/__cypress/runner/cypress_runner.js:1777:23)\n    at Promise.attempt.Promise.try (https://store.pipastudios.com/__cypress/runner/cypress_runner.js:4285:29)\n    at Context.thenFn (https://store.pipastudios.com/__cypress/runner/cypress_runner.js:120960:66)\n    at Context.then (https://store.pipastudios.com/__cypress/runner/cypress_runner.js:121211:21)\n    at wrapped (https://store.pipastudios.com/__cypress/runner/cypress_runner.js:141532:19)",
                "diff": null
              },
              "uuid": "dfcca8c7-9769-4406-9dd4-580b934137f1",
              "parentUUID": "775eb24c-be00-42c3-8014-b85756f6cae1",
              "isHook": false,
              "skipped": false
            },
            {
              "title": "Valida botão Fechar em Central de Preferência e Privacidade",
              "fullTitle": "Fluxos da Home Valida botão Fechar em Central de Preferência e Privacidade",
              "timedOut": null,
              "duration": 5759,
              "state": "failed",
              "speed": null,
              "pass": false,
              "fail": true,
              "pending": false,
              "context": null,
              "code": "home.acessarSite();\nhome.aceitarCookiesSeExistirem();\nhome.fecharAdicionarTelaInicio();\nhome.validarCentralPrivacidade();\nhome.validarFecharCentral();",
              "err": {
                "message": "CypressError: Timed out retrying after 4050ms: `cy.click()` failed because this element:\n\n`<button class=\"pwa-banner__close\" data-testid=\"pwa-close-icon\" dir=\"ltr\">...</button>`\n\nis being covered by another element:\n\n`<div class=\"gdpr-container svelte-lqj36j\">...</div>`\n\nFix this problem, or use {force: true} to disable error checking.\n\nhttps://on.cypress.io/element-cannot-be-interacted-with",
                "estack": "CypressError: Timed out retrying after 4050ms: `cy.click()` failed because this element:\n\n`<button class=\"pwa-banner__close\" data-testid=\"pwa-close-icon\" dir=\"ltr\">...</button>`\n\nis being covered by another element:\n\n`<div class=\"gdpr-container svelte-lqj36j\">...</div>`\n\nFix this problem, or use {force: true} to disable error checking.\n\nhttps://on.cypress.io/element-cannot-be-interacted-with\n    at ensureIsDescendent (https://store.pipastudios.com/__cypress/runner/cypress_runner.js:114387:68)\n    at ensureDescendents (https://store.pipastudios.com/__cypress/runner/cypress_runner.js:114438:5)\n    at ensureDescendentsAndScroll (https://store.pipastudios.com/__cypress/runner/cypress_runner.js:114444:14)\n    at ensureElIsNotCovered (https://store.pipastudios.com/__cypress/runner/cypress_runner.js:114575:5)\n    at runAllChecks (https://store.pipastudios.com/__cypress/runner/cypress_runner.js:114774:52)\n    at retryActionability (https://store.pipastudios.com/__cypress/runner/cypress_runner.js:114811:16)\n    at tryCatcher (https://store.pipastudios.com/__cypress/runner/cypress_runner.js:1777:23)\n    at Promise.attempt.Promise.try (https://store.pipastudios.com/__cypress/runner/cypress_runner.js:4285:29)\n    at whenStable (https://store.pipastudios.com/__cypress/runner/cypress_runner.js:147205:68)\n    at <unknown> (https://store.pipastudios.com/__cypress/runner/cypress_runner.js:147146:14)\n    at tryCatcher (https://store.pipastudios.com/__cypress/runner/cypress_runner.js:1777:23)\n    at Promise._settlePromiseFromHandler (https://store.pipastudios.com/__cypress/runner/cypress_runner.js:1489:31)\n    at Promise._settlePromise (https://store.pipastudios.com/__cypress/runner/cypress_runner.js:1546:18)\n    at Promise._settlePromise0 (https://store.pipastudios.com/__cypress/runner/cypress_runner.js:1591:10)\n    at Promise._settlePromises (https://store.pipastudios.com/__cypress/runner/cypress_runner.js:1671:18)\n    at Promise._fulfill (https://store.pipastudios.com/__cypress/runner/cypress_runner.js:1615:18)\n    at <unknown> (https://store.pipastudios.com/__cypress/runner/cypress_runner.js:5420:46)\nFrom Your Spec Code:\n    at Context.eval (webpack://praia-bingo/./cypress/PO/homePO.js:82:47)\n    at getRet (https://store.pipastudios.com/__cypress/runner/cypress_runner.js:120949:20)\n    at tryCatcher (https://store.pipastudios.com/__cypress/runner/cypress_runner.js:1777:23)\n    at Promise.attempt.Promise.try (https://store.pipastudios.com/__cypress/runner/cypress_runner.js:4285:29)\n    at Context.thenFn (https://store.pipastudios.com/__cypress/runner/cypress_runner.js:120960:66)\n    at Context.then (https://store.pipastudios.com/__cypress/runner/cypress_runner.js:121211:21)\n    at wrapped (https://store.pipastudios.com/__cypress/runner/cypress_runner.js:141532:19)",
                "diff": null
              },
              "uuid": "94606fb5-c4da-4cb7-a73b-e7213487adaa",
              "parentUUID": "775eb24c-be00-42c3-8014-b85756f6cae1",
              "isHook": false,
              "skipped": false
            },
            {
              "title": "Valida botão Aceitar Tudo em Central de Preferência e Privacidade",
              "fullTitle": "Fluxos da Home Valida botão Aceitar Tudo em Central de Preferência e Privacidade",
              "timedOut": null,
              "duration": 5788,
              "state": "failed",
              "speed": null,
              "pass": false,
              "fail": true,
              "pending": false,
              "context": null,
              "code": "home.acessarSite();\nhome.aceitarCookiesSeExistirem();\nhome.fecharAdicionarTelaInicio();\nhome.validarCentralPrivacidade();\nhome.validarAceitarTudo();",
              "err": {
                "message": "CypressError: Timed out retrying after 4050ms: `cy.click()` failed because this element:\n\n`<button class=\"pwa-banner__close\" data-testid=\"pwa-close-icon\" dir=\"ltr\">...</button>`\n\nis being covered by another element:\n\n`<div class=\"gdpr-container svelte-lqj36j\">...</div>`\n\nFix this problem, or use {force: true} to disable error checking.\n\nhttps://on.cypress.io/element-cannot-be-interacted-with",
                "estack": "CypressError: Timed out retrying after 4050ms: `cy.click()` failed because this element:\n\n`<button class=\"pwa-banner__close\" data-testid=\"pwa-close-icon\" dir=\"ltr\">...</button>`\n\nis being covered by another element:\n\n`<div class=\"gdpr-container svelte-lqj36j\">...</div>`\n\nFix this problem, or use {force: true} to disable error checking.\n\nhttps://on.cypress.io/element-cannot-be-interacted-with\n    at ensureIsDescendent (https://store.pipastudios.com/__cypress/runner/cypress_runner.js:114387:68)\n    at ensureDescendents (https://store.pipastudios.com/__cypress/runner/cypress_runner.js:114438:5)\n    at ensureDescendentsAndScroll (https://store.pipastudios.com/__cypress/runner/cypress_runner.js:114444:14)\n    at ensureElIsNotCovered (https://store.pipastudios.com/__cypress/runner/cypress_runner.js:114575:5)\n    at runAllChecks (https://store.pipastudios.com/__cypress/runner/cypress_runner.js:114774:52)\n    at retryActionability (https://store.pipastudios.com/__cypress/runner/cypress_runner.js:114811:16)\n    at tryCatcher (https://store.pipastudios.com/__cypress/runner/cypress_runner.js:1777:23)\n    at Promise.attempt.Promise.try (https://store.pipastudios.com/__cypress/runner/cypress_runner.js:4285:29)\n    at whenStable (https://store.pipastudios.com/__cypress/runner/cypress_runner.js:147205:68)\n    at <unknown> (https://store.pipastudios.com/__cypress/runner/cypress_runner.js:147146:14)\n    at tryCatcher (https://store.pipastudios.com/__cypress/runner/cypress_runner.js:1777:23)\n    at Promise._settlePromiseFromHandler (https://store.pipastudios.com/__cypress/runner/cypress_runner.js:1489:31)\n    at Promise._settlePromise (https://store.pipastudios.com/__cypress/runner/cypress_runner.js:1546:18)\n    at Promise._settlePromise0 (https://store.pipastudios.com/__cypress/runner/cypress_runner.js:1591:10)\n    at Promise._settlePromises (https://store.pipastudios.com/__cypress/runner/cypress_runner.js:1671:18)\n    at Promise._fulfill (https://store.pipastudios.com/__cypress/runner/cypress_runner.js:1615:18)\n    at <unknown> (https://store.pipastudios.com/__cypress/runner/cypress_runner.js:5420:46)\nFrom Your Spec Code:\n    at Context.eval (webpack://praia-bingo/./cypress/PO/homePO.js:82:47)\n    at getRet (https://store.pipastudios.com/__cypress/runner/cypress_runner.js:120949:20)\n    at tryCatcher (https://store.pipastudios.com/__cypress/runner/cypress_runner.js:1777:23)\n    at Promise.attempt.Promise.try (https://store.pipastudios.com/__cypress/runner/cypress_runner.js:4285:29)\n    at Context.thenFn (https://store.pipastudios.com/__cypress/runner/cypress_runner.js:120960:66)\n    at Context.then (https://store.pipastudios.com/__cypress/runner/cypress_runner.js:121211:21)\n    at wrapped (https://store.pipastudios.com/__cypress/runner/cypress_runner.js:141532:19)",
                "diff": null
              },
              "uuid": "a9393014-8485-44d4-88b9-5effa93f9ae5",
              "parentUUID": "775eb24c-be00-42c3-8014-b85756f6cae1",
              "isHook": false,
              "skipped": false
            },
            {
              "title": "Valida botão Rejeitar Tudo em Central de Preferência e Privacidade",
              "fullTitle": "Fluxos da Home Valida botão Rejeitar Tudo em Central de Preferência e Privacidade",
              "timedOut": null,
              "duration": 5800,
              "state": "failed",
              "speed": null,
              "pass": false,
              "fail": true,
              "pending": false,
              "context": null,
              "code": "home.acessarSite();\nhome.aceitarCookiesSeExistirem();\nhome.fecharAdicionarTelaInicio();\nhome.validarCentralPrivacidade();\nhome.validarRejeitarTudo();",
              "err": {
                "message": "CypressError: Timed out retrying after 4050ms: `cy.click()` failed because this element:\n\n`<button class=\"pwa-banner__close\" data-testid=\"pwa-close-icon\" dir=\"ltr\">...</button>`\n\nis being covered by another element:\n\n`<div class=\"gdpr-container svelte-lqj36j\">...</div>`\n\nFix this problem, or use {force: true} to disable error checking.\n\nhttps://on.cypress.io/element-cannot-be-interacted-with",
                "estack": "CypressError: Timed out retrying after 4050ms: `cy.click()` failed because this element:\n\n`<button class=\"pwa-banner__close\" data-testid=\"pwa-close-icon\" dir=\"ltr\">...</button>`\n\nis being covered by another element:\n\n`<div class=\"gdpr-container svelte-lqj36j\">...</div>`\n\nFix this problem, or use {force: true} to disable error checking.\n\nhttps://on.cypress.io/element-cannot-be-interacted-with\n    at ensureIsDescendent (https://store.pipastudios.com/__cypress/runner/cypress_runner.js:114387:68)\n    at ensureDescendents (https://store.pipastudios.com/__cypress/runner/cypress_runner.js:114438:5)\n    at ensureDescendentsAndScroll (https://store.pipastudios.com/__cypress/runner/cypress_runner.js:114444:14)\n    at ensureElIsNotCovered (https://store.pipastudios.com/__cypress/runner/cypress_runner.js:114575:5)\n    at runAllChecks (https://store.pipastudios.com/__cypress/runner/cypress_runner.js:114774:52)\n    at retryActionability (https://store.pipastudios.com/__cypress/runner/cypress_runner.js:114811:16)\n    at tryCatcher (https://store.pipastudios.com/__cypress/runner/cypress_runner.js:1777:23)\n    at Promise.attempt.Promise.try (https://store.pipastudios.com/__cypress/runner/cypress_runner.js:4285:29)\n    at whenStable (https://store.pipastudios.com/__cypress/runner/cypress_runner.js:147205:68)\n    at <unknown> (https://store.pipastudios.com/__cypress/runner/cypress_runner.js:147146:14)\n    at tryCatcher (https://store.pipastudios.com/__cypress/runner/cypress_runner.js:1777:23)\n    at Promise._settlePromiseFromHandler (https://store.pipastudios.com/__cypress/runner/cypress_runner.js:1489:31)\n    at Promise._settlePromise (https://store.pipastudios.com/__cypress/runner/cypress_runner.js:1546:18)\n    at Promise._settlePromise0 (https://store.pipastudios.com/__cypress/runner/cypress_runner.js:1591:10)\n    at Promise._settlePromises (https://store.pipastudios.com/__cypress/runner/cypress_runner.js:1671:18)\n    at Promise._fulfill (https://store.pipastudios.com/__cypress/runner/cypress_runner.js:1615:18)\n    at <unknown> (https://store.pipastudios.com/__cypress/runner/cypress_runner.js:5420:46)\nFrom Your Spec Code:\n    at Context.eval (webpack://praia-bingo/./cypress/PO/homePO.js:82:47)\n    at getRet (https://store.pipastudios.com/__cypress/runner/cypress_runner.js:120949:20)\n    at tryCatcher (https://store.pipastudios.com/__cypress/runner/cypress_runner.js:1777:23)\n    at Promise.attempt.Promise.try (https://store.pipastudios.com/__cypress/runner/cypress_runner.js:4285:29)\n    at Context.thenFn (https://store.pipastudios.com/__cypress/runner/cypress_runner.js:120960:66)\n    at Context.then (https://store.pipastudios.com/__cypress/runner/cypress_runner.js:121211:21)\n    at wrapped (https://store.pipastudios.com/__cypress/runner/cypress_runner.js:141532:19)",
                "diff": null
              },
              "uuid": "ae3be19b-6b36-4b5e-b1b3-8556a6539780",
              "parentUUID": "775eb24c-be00-42c3-8014-b85756f6cae1",
              "isHook": false,
              "skipped": false
            },
            {
              "title": "Valida perguntas em Precisa de Ajuda?",
              "fullTitle": "Fluxos da Home Valida perguntas em Precisa de Ajuda?",
              "timedOut": null,
              "duration": 5786,
              "state": "failed",
              "speed": null,
              "pass": false,
              "fail": true,
              "pending": false,
              "context": null,
              "code": "home.acessarSite();\nhome.aceitarCookiesSeExistirem();\nhome.fecharAdicionarTelaInicio();\nhome.validarPerguntar('Posso usar os itens que compro na Loja Web no jogo Praia Bingo?');\nhome.validarPerguntar('Quanto tempo demora para liberar no Praia Bingo os itens que comprei aqui na loja?');\nhome.validarPerguntar('Só posso comprar se informar meu ID?');\nhome.validarPerguntar('Onde encontro meu ID Praia Bingo?');\nhome.validarPerguntar('Meu ID não está funcionando.');\nhome.validarPerguntar('Quais são os métodos de pagamento suportados na loja? ');\nhome.validarPerguntar('Como adicionar e salvar um método de pagamento? ');\nhome.validarPerguntar('Não consigo concluir a compra porque aparece “as informações do cartão de crédito/débito não são válidas\". ');\nhome.validarPerguntar('Não vejo meu produto comprado no jogo. ');\nhome.validarPerguntar('Comprei itens para a conta de jogo errada.');\nhome.validarPerguntar('Recebi menos itens no jogo do que comprei no site. ');",
              "err": {
                "message": "CypressError: Timed out retrying after 4050ms: `cy.click()` failed because this element:\n\n`<button class=\"pwa-banner__close\" data-testid=\"pwa-close-icon\" dir=\"ltr\">...</button>`\n\nis being covered by another element:\n\n`<div class=\"gdpr-container svelte-lqj36j\">...</div>`\n\nFix this problem, or use {force: true} to disable error checking.\n\nhttps://on.cypress.io/element-cannot-be-interacted-with",
                "estack": "CypressError: Timed out retrying after 4050ms: `cy.click()` failed because this element:\n\n`<button class=\"pwa-banner__close\" data-testid=\"pwa-close-icon\" dir=\"ltr\">...</button>`\n\nis being covered by another element:\n\n`<div class=\"gdpr-container svelte-lqj36j\">...</div>`\n\nFix this problem, or use {force: true} to disable error checking.\n\nhttps://on.cypress.io/element-cannot-be-interacted-with\n    at ensureIsDescendent (https://store.pipastudios.com/__cypress/runner/cypress_runner.js:114387:68)\n    at ensureDescendents (https://store.pipastudios.com/__cypress/runner/cypress_runner.js:114438:5)\n    at ensureDescendentsAndScroll (https://store.pipastudios.com/__cypress/runner/cypress_runner.js:114444:14)\n    at ensureElIsNotCovered (https://store.pipastudios.com/__cypress/runner/cypress_runner.js:114575:5)\n    at runAllChecks (https://store.pipastudios.com/__cypress/runner/cypress_runner.js:114774:52)\n    at retryActionability (https://store.pipastudios.com/__cypress/runner/cypress_runner.js:114811:16)\n    at tryCatcher (https://store.pipastudios.com/__cypress/runner/cypress_runner.js:1777:23)\n    at Promise.attempt.Promise.try (https://store.pipastudios.com/__cypress/runner/cypress_runner.js:4285:29)\n    at whenStable (https://store.pipastudios.com/__cypress/runner/cypress_runner.js:147205:68)\n    at <unknown> (https://store.pipastudios.com/__cypress/runner/cypress_runner.js:147146:14)\n    at tryCatcher (https://store.pipastudios.com/__cypress/runner/cypress_runner.js:1777:23)\n    at Promise._settlePromiseFromHandler (https://store.pipastudios.com/__cypress/runner/cypress_runner.js:1489:31)\n    at Promise._settlePromise (https://store.pipastudios.com/__cypress/runner/cypress_runner.js:1546:18)\n    at Promise._settlePromise0 (https://store.pipastudios.com/__cypress/runner/cypress_runner.js:1591:10)\n    at Promise._settlePromises (https://store.pipastudios.com/__cypress/runner/cypress_runner.js:1671:18)\n    at Promise._fulfill (https://store.pipastudios.com/__cypress/runner/cypress_runner.js:1615:18)\n    at <unknown> (https://store.pipastudios.com/__cypress/runner/cypress_runner.js:5420:46)\nFrom Your Spec Code:\n    at Context.eval (webpack://praia-bingo/./cypress/PO/homePO.js:82:47)\n    at getRet (https://store.pipastudios.com/__cypress/runner/cypress_runner.js:120949:20)\n    at tryCatcher (https://store.pipastudios.com/__cypress/runner/cypress_runner.js:1777:23)\n    at Promise.attempt.Promise.try (https://store.pipastudios.com/__cypress/runner/cypress_runner.js:4285:29)\n    at Context.thenFn (https://store.pipastudios.com/__cypress/runner/cypress_runner.js:120960:66)\n    at Context.then (https://store.pipastudios.com/__cypress/runner/cypress_runner.js:121211:21)\n    at wrapped (https://store.pipastudios.com/__cypress/runner/cypress_runner.js:141532:19)",
                "diff": null
              },
              "uuid": "3aef6dc8-a5ac-4ac6-a852-d07b8a4f9018",
              "parentUUID": "775eb24c-be00-42c3-8014-b85756f6cae1",
              "isHook": false,
              "skipped": false
            },
            {
              "title": "Valida Idiomas",
              "fullTitle": "Fluxos da Home Valida Idiomas",
              "timedOut": null,
              "duration": 5800,
              "state": "failed",
              "speed": null,
              "pass": false,
              "fail": true,
              "pending": false,
              "context": null,
              "code": "home.acessarSite();\nhome.aceitarCookiesSeExistirem();\nhome.fecharAdicionarTelaInicio();\nhome.validarIdiomas('English');\nhome.validarIdiomas('Espanõl');\nhome.validarIdiomas('Italiano');",
              "err": {
                "message": "CypressError: Timed out retrying after 4050ms: `cy.click()` failed because this element:\n\n`<button class=\"pwa-banner__close\" data-testid=\"pwa-close-icon\" dir=\"ltr\">...</button>`\n\nis being covered by another element:\n\n`<div class=\"gdpr-container svelte-lqj36j\">...</div>`\n\nFix this problem, or use {force: true} to disable error checking.\n\nhttps://on.cypress.io/element-cannot-be-interacted-with",
                "estack": "CypressError: Timed out retrying after 4050ms: `cy.click()` failed because this element:\n\n`<button class=\"pwa-banner__close\" data-testid=\"pwa-close-icon\" dir=\"ltr\">...</button>`\n\nis being covered by another element:\n\n`<div class=\"gdpr-container svelte-lqj36j\">...</div>`\n\nFix this problem, or use {force: true} to disable error checking.\n\nhttps://on.cypress.io/element-cannot-be-interacted-with\n    at ensureIsDescendent (https://store.pipastudios.com/__cypress/runner/cypress_runner.js:114387:68)\n    at ensureDescendents (https://store.pipastudios.com/__cypress/runner/cypress_runner.js:114438:5)\n    at ensureDescendentsAndScroll (https://store.pipastudios.com/__cypress/runner/cypress_runner.js:114444:14)\n    at ensureElIsNotCovered (https://store.pipastudios.com/__cypress/runner/cypress_runner.js:114575:5)\n    at runAllChecks (https://store.pipastudios.com/__cypress/runner/cypress_runner.js:114774:52)\n    at retryActionability (https://store.pipastudios.com/__cypress/runner/cypress_runner.js:114811:16)\n    at tryCatcher (https://store.pipastudios.com/__cypress/runner/cypress_runner.js:1777:23)\n    at Promise.attempt.Promise.try (https://store.pipastudios.com/__cypress/runner/cypress_runner.js:4285:29)\n    at whenStable (https://store.pipastudios.com/__cypress/runner/cypress_runner.js:147205:68)\n    at <unknown> (https://store.pipastudios.com/__cypress/runner/cypress_runner.js:147146:14)\n    at tryCatcher (https://store.pipastudios.com/__cypress/runner/cypress_runner.js:1777:23)\n    at Promise._settlePromiseFromHandler (https://store.pipastudios.com/__cypress/runner/cypress_runner.js:1489:31)\n    at Promise._settlePromise (https://store.pipastudios.com/__cypress/runner/cypress_runner.js:1546:18)\n    at Promise._settlePromise0 (https://store.pipastudios.com/__cypress/runner/cypress_runner.js:1591:10)\n    at Promise._settlePromises (https://store.pipastudios.com/__cypress/runner/cypress_runner.js:1671:18)\n    at Promise._fulfill (https://store.pipastudios.com/__cypress/runner/cypress_runner.js:1615:18)\n    at <unknown> (https://store.pipastudios.com/__cypress/runner/cypress_runner.js:5420:46)\nFrom Your Spec Code:\n    at Context.eval (webpack://praia-bingo/./cypress/PO/homePO.js:82:47)\n    at getRet (https://store.pipastudios.com/__cypress/runner/cypress_runner.js:120949:20)\n    at tryCatcher (https://store.pipastudios.com/__cypress/runner/cypress_runner.js:1777:23)\n    at Promise.attempt.Promise.try (https://store.pipastudios.com/__cypress/runner/cypress_runner.js:4285:29)\n    at Context.thenFn (https://store.pipastudios.com/__cypress/runner/cypress_runner.js:120960:66)\n    at Context.then (https://store.pipastudios.com/__cypress/runner/cypress_runner.js:121211:21)\n    at wrapped (https://store.pipastudios.com/__cypress/runner/cypress_runner.js:141532:19)",
                "diff": null
              },
              "uuid": "88f5675c-d6ec-4921-b287-20575fb4f066",
              "parentUUID": "775eb24c-be00-42c3-8014-b85756f6cae1",
              "isHook": false,
              "skipped": false
            }
          ],
          "suites": [],
          "passes": [
            "dbc040a6-eb67-4ac8-b500-1e711e7c17c4",
            "f1029d75-210c-45c5-835a-da931ea80a87",
            "ff420bb5-9950-456c-9793-e2d7cb7ce1e1",
            "61e5bcdb-37cb-4a09-8871-b86d7c5d7474",
            "b7348fb8-fcdd-486c-931a-91b2e7ca0d10"
          ],
          "failures": [
            "f8f4a640-4f34-465c-8db6-76e679539ee7",
            "fa2eb514-a2f8-4579-96df-01eede57ed96",
            "1c8f0ca1-33d5-460e-9c7c-817d640e73b4",
            "c832d3a9-0a59-4571-be83-fb398fd78a0d",
            "1a010bc5-4d91-46e4-8627-c6be960f920b",
            "95becb92-e41b-49aa-9ba8-0b2d728a87a4",
            "bc3f32e1-a3d1-4445-9486-d349e1f937ec",
            "ced17303-3378-4ef6-99f5-675ded9dd1ed",
            "f0104f97-d100-4700-95bc-bf8ceb642336",
            "73d6e1de-0191-4976-8dbe-e7d5d3eacac9",
            "8f217db0-eff7-4f33-b010-46ac2ba1aea5",
            "dfcca8c7-9769-4406-9dd4-580b934137f1",
            "94606fb5-c4da-4cb7-a73b-e7213487adaa",
            "a9393014-8485-44d4-88b9-5effa93f9ae5",
            "ae3be19b-6b36-4b5e-b1b3-8556a6539780",
            "3aef6dc8-a5ac-4ac6-a852-d07b8a4f9018",
            "88f5675c-d6ec-4921-b287-20575fb4f066"
          ],
          "pending": [],
          "skipped": [],
          "duration": 108401,
          "root": false,
          "rootEmpty": false,
          "_timeout": 2000
        }
      ],
      "passes": [],
      "failures": [],
      "pending": [],
      "skipped": [],
      "duration": 0,
      "root": true,
      "rootEmpty": true,
      "_timeout": 2000
    }
  ],
  "meta": {
    "mocha": {
      "version": "7.2.0"
    },
    "mochawesome": {
      "options": {
        "quiet": false,
        "reportFilename": "mochawesome",
        "saveHtml": true,
        "saveJson": true,
        "consoleReporter": "spec",
        "useInlineDiffs": false,
        "code": true
      },
      "version": "7.1.3"
    },
    "marge": {
      "options": {
        "reportDir": "cypress/reports",
        "overwrite": false,
        "html": true,
        "json": true
      },
      "version": "6.2.0"
    }
  }
}